CRITICAL - 2023-06-02 00:24:15 --> A ação que você requisitou não é permitida.
in SYSTEMPATH\Security\Security.php on line 306.
 1 SYSTEMPATH\Security\Security.php(306): CodeIgniter\Security\Exceptions\SecurityException::forDisallowedAction()
 2 SYSTEMPATH\Filters\CSRF.php(55): CodeIgniter\Security\Security->verify(Object(CodeIgniter\HTTP\IncomingRequest))
 3 SYSTEMPATH\Filters\Filters.php(173): CodeIgniter\Filters\CSRF->before(Object(CodeIgniter\HTTP\IncomingRequest), null)
 4 SYSTEMPATH\CodeIgniter.php(473): CodeIgniter\Filters\Filters->run('login/criar', 'before')
 5 SYSTEMPATH\CodeIgniter.php(368): CodeIgniter\CodeIgniter->handleRequest(null, Object(Config\Cache), false)
 6 FCPATH\index.php(67): CodeIgniter\CodeIgniter->run()
 7 SYSTEMPATH\Commands\Server\rewrite.php(47): require_once('FCPATH\\index.php')
CRITICAL - 2023-06-02 00:24:44 --> A ação que você requisitou não é permitida.
in SYSTEMPATH\Security\Security.php on line 306.
 1 SYSTEMPATH\Security\Security.php(306): CodeIgniter\Security\Exceptions\SecurityException::forDisallowedAction()
 2 SYSTEMPATH\Filters\CSRF.php(55): CodeIgniter\Security\Security->verify(Object(CodeIgniter\HTTP\IncomingRequest))
 3 SYSTEMPATH\Filters\Filters.php(173): CodeIgniter\Filters\CSRF->before(Object(CodeIgniter\HTTP\IncomingRequest), null)
 4 SYSTEMPATH\CodeIgniter.php(473): CodeIgniter\Filters\Filters->run('login/criar', 'before')
 5 SYSTEMPATH\CodeIgniter.php(368): CodeIgniter\CodeIgniter->handleRequest(null, Object(Config\Cache), false)
 6 FCPATH\index.php(67): CodeIgniter\CodeIgniter->run()
 7 SYSTEMPATH\Commands\Server\rewrite.php(47): require_once('FCPATH\\index.php')
CRITICAL - 2023-06-02 00:25:00 --> A ação que você requisitou não é permitida.
in SYSTEMPATH\Security\Security.php on line 306.
 1 SYSTEMPATH\Security\Security.php(306): CodeIgniter\Security\Exceptions\SecurityException::forDisallowedAction()
 2 SYSTEMPATH\Filters\CSRF.php(55): CodeIgniter\Security\Security->verify(Object(CodeIgniter\HTTP\IncomingRequest))
 3 SYSTEMPATH\Filters\Filters.php(173): CodeIgniter\Filters\CSRF->before(Object(CodeIgniter\HTTP\IncomingRequest), null)
 4 SYSTEMPATH\CodeIgniter.php(473): CodeIgniter\Filters\Filters->run('login/criar', 'before')
 5 SYSTEMPATH\CodeIgniter.php(368): CodeIgniter\CodeIgniter->handleRequest(null, Object(Config\Cache), false)
 6 FCPATH\index.php(67): CodeIgniter\CodeIgniter->run()
 7 SYSTEMPATH\Commands\Server\rewrite.php(47): require_once('FCPATH\\index.php')
CRITICAL - 2023-06-02 00:36:14 --> A ação que você requisitou não é permitida.
in SYSTEMPATH\Security\Security.php on line 306.
 1 SYSTEMPATH\Security\Security.php(306): CodeIgniter\Security\Exceptions\SecurityException::forDisallowedAction()
 2 SYSTEMPATH\Filters\CSRF.php(55): CodeIgniter\Security\Security->verify(Object(CodeIgniter\HTTP\IncomingRequest))
 3 SYSTEMPATH\Filters\Filters.php(173): CodeIgniter\Filters\CSRF->before(Object(CodeIgniter\HTTP\IncomingRequest), null)
 4 SYSTEMPATH\CodeIgniter.php(473): CodeIgniter\Filters\Filters->run('login/criar', 'before')
 5 SYSTEMPATH\CodeIgniter.php(368): CodeIgniter\CodeIgniter->handleRequest(null, Object(Config\Cache), false)
 6 FCPATH\index.php(67): CodeIgniter\CodeIgniter->run()
 7 SYSTEMPATH\Commands\Server\rewrite.php(47): require_once('FCPATH\\index.php')
CRITICAL - 2023-06-02 00:36:19 --> A ação que você requisitou não é permitida.
in SYSTEMPATH\Security\Security.php on line 306.
 1 SYSTEMPATH\Security\Security.php(306): CodeIgniter\Security\Exceptions\SecurityException::forDisallowedAction()
 2 SYSTEMPATH\Filters\CSRF.php(55): CodeIgniter\Security\Security->verify(Object(CodeIgniter\HTTP\IncomingRequest))
 3 SYSTEMPATH\Filters\Filters.php(173): CodeIgniter\Filters\CSRF->before(Object(CodeIgniter\HTTP\IncomingRequest), null)
 4 SYSTEMPATH\CodeIgniter.php(473): CodeIgniter\Filters\Filters->run('login/criar', 'before')
 5 SYSTEMPATH\CodeIgniter.php(368): CodeIgniter\CodeIgniter->handleRequest(null, Object(Config\Cache), false)
 6 FCPATH\index.php(67): CodeIgniter\CodeIgniter->run()
 7 SYSTEMPATH\Commands\Server\rewrite.php(47): require_once('FCPATH\\index.php')
CRITICAL - 2023-06-02 00:36:27 --> A ação que você requisitou não é permitida.
in SYSTEMPATH\Security\Security.php on line 306.
 1 SYSTEMPATH\Security\Security.php(306): CodeIgniter\Security\Exceptions\SecurityException::forDisallowedAction()
 2 SYSTEMPATH\Filters\CSRF.php(55): CodeIgniter\Security\Security->verify(Object(CodeIgniter\HTTP\IncomingRequest))
 3 SYSTEMPATH\Filters\Filters.php(173): CodeIgniter\Filters\CSRF->before(Object(CodeIgniter\HTTP\IncomingRequest), null)
 4 SYSTEMPATH\CodeIgniter.php(473): CodeIgniter\Filters\Filters->run('login/criar', 'before')
 5 SYSTEMPATH\CodeIgniter.php(368): CodeIgniter\CodeIgniter->handleRequest(null, Object(Config\Cache), false)
 6 FCPATH\index.php(67): CodeIgniter\CodeIgniter->run()
 7 SYSTEMPATH\Commands\Server\rewrite.php(47): require_once('FCPATH\\index.php')
CRITICAL - 2023-06-02 00:36:33 --> A ação que você requisitou não é permitida.
in SYSTEMPATH\Security\Security.php on line 306.
 1 SYSTEMPATH\Security\Security.php(306): CodeIgniter\Security\Exceptions\SecurityException::forDisallowedAction()
 2 SYSTEMPATH\Filters\CSRF.php(55): CodeIgniter\Security\Security->verify(Object(CodeIgniter\HTTP\IncomingRequest))
 3 SYSTEMPATH\Filters\Filters.php(173): CodeIgniter\Filters\CSRF->before(Object(CodeIgniter\HTTP\IncomingRequest), null)
 4 SYSTEMPATH\CodeIgniter.php(473): CodeIgniter\Filters\Filters->run('login/criar', 'before')
 5 SYSTEMPATH\CodeIgniter.php(368): CodeIgniter\CodeIgniter->handleRequest(null, Object(Config\Cache), false)
 6 FCPATH\index.php(67): CodeIgniter\CodeIgniter->run()
 7 SYSTEMPATH\Commands\Server\rewrite.php(47): require_once('FCPATH\\index.php')
INFO - 2023-06-02 00:36:35 --> Session: Class initialized using 'CodeIgniter\Session\Handlers\FileHandler' driver.
INFO - 2023-06-02 00:36:48 --> CSRF token verified.
INFO - 2023-06-02 00:36:49 --> Session: Class initialized using 'CodeIgniter\Session\Handlers\FileHandler' driver.
INFO - 2023-06-02 00:36:49 --> Session: Class initialized using 'CodeIgniter\Session\Handlers\FileHandler' driver.
INFO - 2023-06-02 00:36:59 --> CSRF token verified.
INFO - 2023-06-02 00:36:59 --> Session: Class initialized using 'CodeIgniter\Session\Handlers\FileHandler' driver.
INFO - 2023-06-02 00:36:59 --> Session: Class initialized using 'CodeIgniter\Session\Handlers\FileHandler' driver.
INFO - 2023-06-02 00:37:10 --> CSRF token verified.
INFO - 2023-06-02 00:37:10 --> Session: Class initialized using 'CodeIgniter\Session\Handlers\FileHandler' driver.
INFO - 2023-06-02 00:37:10 --> Session: Class initialized using 'CodeIgniter\Session\Handlers\FileHandler' driver.
INFO - 2023-06-02 00:37:56 --> CSRF token verified.
INFO - 2023-06-02 00:37:56 --> Session: Class initialized using 'CodeIgniter\Session\Handlers\FileHandler' driver.
INFO - 2023-06-02 00:37:56 --> Session: Class initialized using 'CodeIgniter\Session\Handlers\FileHandler' driver.
INFO - 2023-06-02 00:40:11 --> CSRF token verified.
INFO - 2023-06-02 00:40:11 --> Session: Class initialized using 'CodeIgniter\Session\Handlers\FileHandler' driver.
INFO - 2023-06-02 00:40:11 --> Session: Class initialized using 'CodeIgniter\Session\Handlers\FileHandler' driver.
INFO - 2023-06-02 01:03:04 --> Session: Class initialized using 'CodeIgniter\Session\Handlers\FileHandler' driver.
INFO - 2023-06-02 01:03:13 --> CSRF token verified.
INFO - 2023-06-02 01:03:13 --> Session: Class initialized using 'CodeIgniter\Session\Handlers\FileHandler' driver.
INFO - 2023-06-02 01:03:13 --> Session: Class initialized using 'CodeIgniter\Session\Handlers\FileHandler' driver.
INFO - 2023-06-02 01:04:20 --> CSRF token verified.
INFO - 2023-06-02 01:04:20 --> Session: Class initialized using 'CodeIgniter\Session\Handlers\FileHandler' driver.
INFO - 2023-06-02 01:04:20 --> Session: Class initialized using 'CodeIgniter\Session\Handlers\FileHandler' driver.
INFO - 2023-06-02 02:03:17 --> Session: Class initialized using 'CodeIgniter\Session\Handlers\FileHandler' driver.
INFO - 2023-06-02 02:03:35 --> CSRF token verified.
INFO - 2023-06-02 02:03:35 --> Session: Class initialized using 'CodeIgniter\Session\Handlers\FileHandler' driver.
INFO - 2023-06-02 02:03:35 --> Session: Class initialized using 'CodeIgniter\Session\Handlers\FileHandler' driver.
INFO - 2023-06-02 02:04:10 --> CSRF token verified.
INFO - 2023-06-02 02:04:10 --> Session: Class initialized using 'CodeIgniter\Session\Handlers\FileHandler' driver.
INFO - 2023-06-02 02:04:10 --> Session: Class initialized using 'CodeIgniter\Session\Handlers\FileHandler' driver.
INFO - 2023-06-02 02:09:03 --> Session: Class initialized using 'CodeIgniter\Session\Handlers\FileHandler' driver.
INFO - 2023-06-02 02:09:21 --> CSRF token verified.
INFO - 2023-06-02 02:09:21 --> Session: Class initialized using 'CodeIgniter\Session\Handlers\FileHandler' driver.
INFO - 2023-06-02 02:09:21 --> Session: Class initialized using 'CodeIgniter\Session\Handlers\FileHandler' driver.
INFO - 2023-06-02 02:09:42 --> CSRF token verified.
INFO - 2023-06-02 02:09:42 --> Session: Class initialized using 'CodeIgniter\Session\Handlers\FileHandler' driver.
INFO - 2023-06-02 02:09:42 --> Session: Class initialized using 'CodeIgniter\Session\Handlers\FileHandler' driver.
INFO - 2023-06-02 02:19:22 --> Session: Class initialized using 'CodeIgniter\Session\Handlers\FileHandler' driver.
INFO - 2023-06-02 02:19:32 --> CSRF token verified.
INFO - 2023-06-02 02:25:28 --> CSRF token verified.
INFO - 2023-06-02 02:25:32 --> CSRF token verified.
INFO - 2023-06-02 02:25:38 --> CSRF token verified.
INFO - 2023-06-02 02:25:38 --> Session: Class initialized using 'CodeIgniter\Session\Handlers\FileHandler' driver.
INFO - 2023-06-02 02:25:49 --> CSRF token verified.
INFO - 2023-06-02 02:26:06 --> Session: Class initialized using 'CodeIgniter\Session\Handlers\FileHandler' driver.
INFO - 2023-06-02 02:26:15 --> Session: Class initialized using 'CodeIgniter\Session\Handlers\FileHandler' driver.
INFO - 2023-06-02 02:28:55 --> Session: Class initialized using 'CodeIgniter\Session\Handlers\FileHandler' driver.
INFO - 2023-06-02 02:29:07 --> CSRF token verified.
INFO - 2023-06-02 02:29:56 --> CSRF token verified.
CRITICAL - 2023-06-02 02:30:07 --> A ação que você requisitou não é permitida.
in SYSTEMPATH\Security\Security.php on line 306.
 1 SYSTEMPATH\Security\Security.php(306): CodeIgniter\Security\Exceptions\SecurityException::forDisallowedAction()
 2 SYSTEMPATH\Filters\CSRF.php(55): CodeIgniter\Security\Security->verify(Object(CodeIgniter\HTTP\IncomingRequest))
 3 SYSTEMPATH\Filters\Filters.php(173): CodeIgniter\Filters\CSRF->before(Object(CodeIgniter\HTTP\IncomingRequest), null)
 4 SYSTEMPATH\CodeIgniter.php(473): CodeIgniter\Filters\Filters->run('login/criar', 'before')
 5 SYSTEMPATH\CodeIgniter.php(368): CodeIgniter\CodeIgniter->handleRequest(null, Object(Config\Cache), false)
 6 FCPATH\index.php(67): CodeIgniter\CodeIgniter->run()
 7 SYSTEMPATH\Commands\Server\rewrite.php(47): require_once('FCPATH\\index.php')
CRITICAL - 2023-06-02 02:30:31 --> A ação que você requisitou não é permitida.
in SYSTEMPATH\Security\Security.php on line 306.
 1 SYSTEMPATH\Security\Security.php(306): CodeIgniter\Security\Exceptions\SecurityException::forDisallowedAction()
 2 SYSTEMPATH\Filters\CSRF.php(55): CodeIgniter\Security\Security->verify(Object(CodeIgniter\HTTP\IncomingRequest))
 3 SYSTEMPATH\Filters\Filters.php(173): CodeIgniter\Filters\CSRF->before(Object(CodeIgniter\HTTP\IncomingRequest), null)
 4 SYSTEMPATH\CodeIgniter.php(473): CodeIgniter\Filters\Filters->run('login/criar', 'before')
 5 SYSTEMPATH\CodeIgniter.php(368): CodeIgniter\CodeIgniter->handleRequest(null, Object(Config\Cache), false)
 6 FCPATH\index.php(67): CodeIgniter\CodeIgniter->run()
 7 SYSTEMPATH\Commands\Server\rewrite.php(47): require_once('FCPATH\\index.php')
INFO - 2023-06-02 02:32:22 --> Session: Class initialized using 'CodeIgniter\Session\Handlers\FileHandler' driver.
INFO - 2023-06-02 02:32:38 --> Session: Class initialized using 'CodeIgniter\Session\Handlers\FileHandler' driver.
INFO - 2023-06-02 02:32:49 --> CSRF token verified.
CRITICAL - 2023-06-02 02:33:02 --> A ação que você requisitou não é permitida.
in SYSTEMPATH\Security\Security.php on line 306.
 1 SYSTEMPATH\Security\Security.php(306): CodeIgniter\Security\Exceptions\SecurityException::forDisallowedAction()
 2 SYSTEMPATH\Filters\CSRF.php(55): CodeIgniter\Security\Security->verify(Object(CodeIgniter\HTTP\IncomingRequest))
 3 SYSTEMPATH\Filters\Filters.php(173): CodeIgniter\Filters\CSRF->before(Object(CodeIgniter\HTTP\IncomingRequest), null)
 4 SYSTEMPATH\CodeIgniter.php(473): CodeIgniter\Filters\Filters->run('login/criar', 'before')
 5 SYSTEMPATH\CodeIgniter.php(368): CodeIgniter\CodeIgniter->handleRequest(null, Object(Config\Cache), false)
 6 FCPATH\index.php(67): CodeIgniter\CodeIgniter->run()
 7 SYSTEMPATH\Commands\Server\rewrite.php(47): require_once('FCPATH\\index.php')
INFO - 2023-06-02 02:33:52 --> Session: Class initialized using 'CodeIgniter\Session\Handlers\FileHandler' driver.
INFO - 2023-06-02 03:09:00 --> CSRF token verified.
CRITICAL - 2023-06-02 03:10:30 --> A ação que você requisitou não é permitida.
in SYSTEMPATH\Security\Security.php on line 306.
 1 SYSTEMPATH\Security\Security.php(306): CodeIgniter\Security\Exceptions\SecurityException::forDisallowedAction()
 2 SYSTEMPATH\Filters\CSRF.php(55): CodeIgniter\Security\Security->verify(Object(CodeIgniter\HTTP\IncomingRequest))
 3 SYSTEMPATH\Filters\Filters.php(173): CodeIgniter\Filters\CSRF->before(Object(CodeIgniter\HTTP\IncomingRequest), null)
 4 SYSTEMPATH\CodeIgniter.php(473): CodeIgniter\Filters\Filters->run('login/criar', 'before')
 5 SYSTEMPATH\CodeIgniter.php(368): CodeIgniter\CodeIgniter->handleRequest(null, Object(Config\Cache), false)
 6 FCPATH\index.php(67): CodeIgniter\CodeIgniter->run()
 7 SYSTEMPATH\Commands\Server\rewrite.php(47): require_once('FCPATH\\index.php')
CRITICAL - 2023-06-02 03:28:38 --> A ação que você requisitou não é permitida.
in SYSTEMPATH\Security\Security.php on line 306.
 1 SYSTEMPATH\Security\Security.php(306): CodeIgniter\Security\Exceptions\SecurityException::forDisallowedAction()
 2 SYSTEMPATH\Filters\CSRF.php(55): CodeIgniter\Security\Security->verify(Object(CodeIgniter\HTTP\IncomingRequest))
 3 SYSTEMPATH\Filters\Filters.php(173): CodeIgniter\Filters\CSRF->before(Object(CodeIgniter\HTTP\IncomingRequest), null)
 4 SYSTEMPATH\CodeIgniter.php(473): CodeIgniter\Filters\Filters->run('login/criar', 'before')
 5 SYSTEMPATH\CodeIgniter.php(368): CodeIgniter\CodeIgniter->handleRequest(null, Object(Config\Cache), false)
 6 FCPATH\index.php(67): CodeIgniter\CodeIgniter->run()
 7 SYSTEMPATH\Commands\Server\rewrite.php(47): require_once('FCPATH\\index.php')
CRITICAL - 2023-06-02 03:28:46 --> A ação que você requisitou não é permitida.
in SYSTEMPATH\Security\Security.php on line 306.
 1 SYSTEMPATH\Security\Security.php(306): CodeIgniter\Security\Exceptions\SecurityException::forDisallowedAction()
 2 SYSTEMPATH\Filters\CSRF.php(55): CodeIgniter\Security\Security->verify(Object(CodeIgniter\HTTP\IncomingRequest))
 3 SYSTEMPATH\Filters\Filters.php(173): CodeIgniter\Filters\CSRF->before(Object(CodeIgniter\HTTP\IncomingRequest), null)
 4 SYSTEMPATH\CodeIgniter.php(473): CodeIgniter\Filters\Filters->run('login/criar', 'before')
 5 SYSTEMPATH\CodeIgniter.php(368): CodeIgniter\CodeIgniter->handleRequest(null, Object(Config\Cache), false)
 6 FCPATH\index.php(67): CodeIgniter\CodeIgniter->run()
 7 SYSTEMPATH\Commands\Server\rewrite.php(47): require_once('FCPATH\\index.php')
CRITICAL - 2023-06-02 03:28:52 --> A ação que você requisitou não é permitida.
in SYSTEMPATH\Security\Security.php on line 306.
 1 SYSTEMPATH\Security\Security.php(306): CodeIgniter\Security\Exceptions\SecurityException::forDisallowedAction()
 2 SYSTEMPATH\Filters\CSRF.php(55): CodeIgniter\Security\Security->verify(Object(CodeIgniter\HTTP\IncomingRequest))
 3 SYSTEMPATH\Filters\Filters.php(173): CodeIgniter\Filters\CSRF->before(Object(CodeIgniter\HTTP\IncomingRequest), null)
 4 SYSTEMPATH\CodeIgniter.php(473): CodeIgniter\Filters\Filters->run('login/criar', 'before')
 5 SYSTEMPATH\CodeIgniter.php(368): CodeIgniter\CodeIgniter->handleRequest(null, Object(Config\Cache), false)
 6 FCPATH\index.php(67): CodeIgniter\CodeIgniter->run()
 7 SYSTEMPATH\Commands\Server\rewrite.php(47): require_once('FCPATH\\index.php')
CRITICAL - 2023-06-02 03:34:32 --> A ação que você requisitou não é permitida.
in SYSTEMPATH\Security\Security.php on line 306.
 1 SYSTEMPATH\Security\Security.php(306): CodeIgniter\Security\Exceptions\SecurityException::forDisallowedAction()
 2 SYSTEMPATH\Filters\CSRF.php(55): CodeIgniter\Security\Security->verify(Object(CodeIgniter\HTTP\IncomingRequest))
 3 SYSTEMPATH\Filters\Filters.php(173): CodeIgniter\Filters\CSRF->before(Object(CodeIgniter\HTTP\IncomingRequest), null)
 4 SYSTEMPATH\CodeIgniter.php(473): CodeIgniter\Filters\Filters->run('login/criar', 'before')
 5 SYSTEMPATH\CodeIgniter.php(368): CodeIgniter\CodeIgniter->handleRequest(null, Object(Config\Cache), false)
 6 FCPATH\index.php(67): CodeIgniter\CodeIgniter->run()
 7 SYSTEMPATH\Commands\Server\rewrite.php(47): require_once('FCPATH\\index.php')
CRITICAL - 2023-06-02 03:34:39 --> A ação que você requisitou não é permitida.
in SYSTEMPATH\Security\Security.php on line 306.
 1 SYSTEMPATH\Security\Security.php(306): CodeIgniter\Security\Exceptions\SecurityException::forDisallowedAction()
 2 SYSTEMPATH\Filters\CSRF.php(55): CodeIgniter\Security\Security->verify(Object(CodeIgniter\HTTP\IncomingRequest))
 3 SYSTEMPATH\Filters\Filters.php(173): CodeIgniter\Filters\CSRF->before(Object(CodeIgniter\HTTP\IncomingRequest), null)
 4 SYSTEMPATH\CodeIgniter.php(473): CodeIgniter\Filters\Filters->run('login/criar', 'before')
 5 SYSTEMPATH\CodeIgniter.php(368): CodeIgniter\CodeIgniter->handleRequest(null, Object(Config\Cache), false)
 6 FCPATH\index.php(67): CodeIgniter\CodeIgniter->run()
 7 SYSTEMPATH\Commands\Server\rewrite.php(47): require_once('FCPATH\\index.php')
CRITICAL - 2023-06-02 03:34:45 --> A ação que você requisitou não é permitida.
in SYSTEMPATH\Security\Security.php on line 306.
 1 SYSTEMPATH\Security\Security.php(306): CodeIgniter\Security\Exceptions\SecurityException::forDisallowedAction()
 2 SYSTEMPATH\Filters\CSRF.php(55): CodeIgniter\Security\Security->verify(Object(CodeIgniter\HTTP\IncomingRequest))
 3 SYSTEMPATH\Filters\Filters.php(173): CodeIgniter\Filters\CSRF->before(Object(CodeIgniter\HTTP\IncomingRequest), null)
 4 SYSTEMPATH\CodeIgniter.php(473): CodeIgniter\Filters\Filters->run('login/criar', 'before')
 5 SYSTEMPATH\CodeIgniter.php(368): CodeIgniter\CodeIgniter->handleRequest(null, Object(Config\Cache), false)
 6 FCPATH\index.php(67): CodeIgniter\CodeIgniter->run()
 7 SYSTEMPATH\Commands\Server\rewrite.php(47): require_once('FCPATH\\index.php')
CRITICAL - 2023-06-02 03:35:16 --> A ação que você requisitou não é permitida.
in SYSTEMPATH\Security\Security.php on line 306.
 1 SYSTEMPATH\Security\Security.php(306): CodeIgniter\Security\Exceptions\SecurityException::forDisallowedAction()
 2 SYSTEMPATH\Filters\CSRF.php(55): CodeIgniter\Security\Security->verify(Object(CodeIgniter\HTTP\IncomingRequest))
 3 SYSTEMPATH\Filters\Filters.php(173): CodeIgniter\Filters\CSRF->before(Object(CodeIgniter\HTTP\IncomingRequest), null)
 4 SYSTEMPATH\CodeIgniter.php(473): CodeIgniter\Filters\Filters->run('login/criar', 'before')
 5 SYSTEMPATH\CodeIgniter.php(368): CodeIgniter\CodeIgniter->handleRequest(null, Object(Config\Cache), false)
 6 FCPATH\index.php(67): CodeIgniter\CodeIgniter->run()
 7 SYSTEMPATH\Commands\Server\rewrite.php(47): require_once('FCPATH\\index.php')
CRITICAL - 2023-06-02 03:35:24 --> A ação que você requisitou não é permitida.
in SYSTEMPATH\Security\Security.php on line 306.
 1 SYSTEMPATH\Security\Security.php(306): CodeIgniter\Security\Exceptions\SecurityException::forDisallowedAction()
 2 SYSTEMPATH\Filters\CSRF.php(55): CodeIgniter\Security\Security->verify(Object(CodeIgniter\HTTP\IncomingRequest))
 3 SYSTEMPATH\Filters\Filters.php(173): CodeIgniter\Filters\CSRF->before(Object(CodeIgniter\HTTP\IncomingRequest), null)
 4 SYSTEMPATH\CodeIgniter.php(473): CodeIgniter\Filters\Filters->run('login/criar', 'before')
 5 SYSTEMPATH\CodeIgniter.php(368): CodeIgniter\CodeIgniter->handleRequest(null, Object(Config\Cache), false)
 6 FCPATH\index.php(67): CodeIgniter\CodeIgniter->run()
 7 SYSTEMPATH\Commands\Server\rewrite.php(47): require_once('FCPATH\\index.php')
CRITICAL - 2023-06-02 03:35:34 --> A ação que você requisitou não é permitida.
in SYSTEMPATH\Security\Security.php on line 306.
 1 SYSTEMPATH\Security\Security.php(306): CodeIgniter\Security\Exceptions\SecurityException::forDisallowedAction()
 2 SYSTEMPATH\Filters\CSRF.php(55): CodeIgniter\Security\Security->verify(Object(CodeIgniter\HTTP\IncomingRequest))
 3 SYSTEMPATH\Filters\Filters.php(173): CodeIgniter\Filters\CSRF->before(Object(CodeIgniter\HTTP\IncomingRequest), null)
 4 SYSTEMPATH\CodeIgniter.php(473): CodeIgniter\Filters\Filters->run('login/criar', 'before')
 5 SYSTEMPATH\CodeIgniter.php(368): CodeIgniter\CodeIgniter->handleRequest(null, Object(Config\Cache), false)
 6 FCPATH\index.php(67): CodeIgniter\CodeIgniter->run()
 7 SYSTEMPATH\Commands\Server\rewrite.php(47): require_once('FCPATH\\index.php')
INFO - 2023-06-02 03:35:39 --> Session: Class initialized using 'CodeIgniter\Session\Handlers\FileHandler' driver.
INFO - 2023-06-02 03:35:53 --> CSRF token verified.
CRITICAL - 2023-06-02 03:36:22 --> A ação que você requisitou não é permitida.
in SYSTEMPATH\Security\Security.php on line 306.
 1 SYSTEMPATH\Security\Security.php(306): CodeIgniter\Security\Exceptions\SecurityException::forDisallowedAction()
 2 SYSTEMPATH\Filters\CSRF.php(55): CodeIgniter\Security\Security->verify(Object(CodeIgniter\HTTP\IncomingRequest))
 3 SYSTEMPATH\Filters\Filters.php(173): CodeIgniter\Filters\CSRF->before(Object(CodeIgniter\HTTP\IncomingRequest), null)
 4 SYSTEMPATH\CodeIgniter.php(473): CodeIgniter\Filters\Filters->run('login/criar', 'before')
 5 SYSTEMPATH\CodeIgniter.php(368): CodeIgniter\CodeIgniter->handleRequest(null, Object(Config\Cache), false)
 6 FCPATH\index.php(67): CodeIgniter\CodeIgniter->run()
 7 SYSTEMPATH\Commands\Server\rewrite.php(47): require_once('FCPATH\\index.php')
CRITICAL - 2023-06-02 03:39:00 --> A ação que você requisitou não é permitida.
in SYSTEMPATH\Security\Security.php on line 306.
 1 SYSTEMPATH\Security\Security.php(306): CodeIgniter\Security\Exceptions\SecurityException::forDisallowedAction()
 2 SYSTEMPATH\Filters\CSRF.php(55): CodeIgniter\Security\Security->verify(Object(CodeIgniter\HTTP\IncomingRequest))
 3 SYSTEMPATH\Filters\Filters.php(173): CodeIgniter\Filters\CSRF->before(Object(CodeIgniter\HTTP\IncomingRequest), null)
 4 SYSTEMPATH\CodeIgniter.php(473): CodeIgniter\Filters\Filters->run('login/criar', 'before')
 5 SYSTEMPATH\CodeIgniter.php(368): CodeIgniter\CodeIgniter->handleRequest(null, Object(Config\Cache), false)
 6 FCPATH\index.php(67): CodeIgniter\CodeIgniter->run()
 7 SYSTEMPATH\Commands\Server\rewrite.php(47): require_once('FCPATH\\index.php')
CRITICAL - 2023-06-02 03:39:13 --> A ação que você requisitou não é permitida.
in SYSTEMPATH\Security\Security.php on line 306.
 1 SYSTEMPATH\Security\Security.php(306): CodeIgniter\Security\Exceptions\SecurityException::forDisallowedAction()
 2 SYSTEMPATH\Filters\CSRF.php(55): CodeIgniter\Security\Security->verify(Object(CodeIgniter\HTTP\IncomingRequest))
 3 SYSTEMPATH\Filters\Filters.php(173): CodeIgniter\Filters\CSRF->before(Object(CodeIgniter\HTTP\IncomingRequest), null)
 4 SYSTEMPATH\CodeIgniter.php(473): CodeIgniter\Filters\Filters->run('login/criar', 'before')
 5 SYSTEMPATH\CodeIgniter.php(368): CodeIgniter\CodeIgniter->handleRequest(null, Object(Config\Cache), false)
 6 FCPATH\index.php(67): CodeIgniter\CodeIgniter->run()
 7 SYSTEMPATH\Commands\Server\rewrite.php(47): require_once('FCPATH\\index.php')
INFO - 2023-06-02 03:39:16 --> Session: Class initialized using 'CodeIgniter\Session\Handlers\FileHandler' driver.
INFO - 2023-06-02 03:39:22 --> Session: Class initialized using 'CodeIgniter\Session\Handlers\FileHandler' driver.
INFO - 2023-06-02 03:39:32 --> CSRF token verified.
INFO - 2023-06-02 03:39:32 --> Session: Class initialized using 'CodeIgniter\Session\Handlers\FileHandler' driver.
INFO - 2023-06-02 03:39:32 --> Session: Class initialized using 'CodeIgniter\Session\Handlers\FileHandler' driver.
INFO - 2023-06-02 03:39:46 --> CSRF token verified.
INFO - 2023-06-02 03:39:46 --> Session: Class initialized using 'CodeIgniter\Session\Handlers\FileHandler' driver.
INFO - 2023-06-02 03:39:46 --> Session: Class initialized using 'CodeIgniter\Session\Handlers\FileHandler' driver.
INFO - 2023-06-02 03:40:15 --> CSRF token verified.
INFO - 2023-06-02 03:40:15 --> Session: Class initialized using 'CodeIgniter\Session\Handlers\FileHandler' driver.
INFO - 2023-06-02 03:40:16 --> Session: Class initialized using 'CodeIgniter\Session\Handlers\FileHandler' driver.
INFO - 2023-06-02 03:40:58 --> Session: Class initialized using 'CodeIgniter\Session\Handlers\FileHandler' driver.
INFO - 2023-06-02 03:41:07 --> CSRF token verified.
INFO - 2023-06-02 03:41:07 --> Session: Class initialized using 'CodeIgniter\Session\Handlers\FileHandler' driver.
INFO - 2023-06-02 03:41:07 --> Session: Class initialized using 'CodeIgniter\Session\Handlers\FileHandler' driver.
INFO - 2023-06-02 03:41:22 --> CSRF token verified.
INFO - 2023-06-02 03:41:22 --> Session: Class initialized using 'CodeIgniter\Session\Handlers\FileHandler' driver.
INFO - 2023-06-02 03:41:22 --> Session: Class initialized using 'CodeIgniter\Session\Handlers\FileHandler' driver.
INFO - 2023-06-02 03:41:40 --> CSRF token verified.
INFO - 2023-06-02 03:41:40 --> Session: Class initialized using 'CodeIgniter\Session\Handlers\FileHandler' driver.
INFO - 2023-06-02 03:41:40 --> Session: Class initialized using 'CodeIgniter\Session\Handlers\FileHandler' driver.
INFO - 2023-06-02 03:42:23 --> Session: Class initialized using 'CodeIgniter\Session\Handlers\FileHandler' driver.
INFO - 2023-06-02 03:42:47 --> CSRF token verified.
INFO - 2023-06-02 03:42:58 --> Session: Class initialized using 'CodeIgniter\Session\Handlers\FileHandler' driver.
INFO - 2023-06-02 03:51:16 --> Session: Class initialized using 'CodeIgniter\Session\Handlers\FileHandler' driver.
INFO - 2023-06-02 03:51:26 --> CSRF token verified.
INFO - 2023-06-02 03:53:29 --> CSRF token verified.
INFO - 2023-06-02 03:53:29 --> Session: Class initialized using 'CodeIgniter\Session\Handlers\FileHandler' driver.
INFO - 2023-06-02 03:53:29 --> Session: Class initialized using 'CodeIgniter\Session\Handlers\FileHandler' driver.
INFO - 2023-06-02 03:53:39 --> CSRF token verified.
INFO - 2023-06-02 03:53:39 --> Session: Class initialized using 'CodeIgniter\Session\Handlers\FileHandler' driver.
INFO - 2023-06-02 03:53:39 --> Session: Class initialized using 'CodeIgniter\Session\Handlers\FileHandler' driver.
INFO - 2023-06-02 03:54:00 --> Session: Class initialized using 'CodeIgniter\Session\Handlers\FileHandler' driver.
INFO - 2023-06-02 03:54:05 --> Session: Class initialized using 'CodeIgniter\Session\Handlers\FileHandler' driver.
INFO - 2023-06-02 03:54:22 --> CSRF token verified.
INFO - 2023-06-02 03:54:22 --> Session: Class initialized using 'CodeIgniter\Session\Handlers\FileHandler' driver.
INFO - 2023-06-02 03:54:22 --> Session: Class initialized using 'CodeIgniter\Session\Handlers\FileHandler' driver.
INFO - 2023-06-02 04:30:14 --> Session: Class initialized using 'CodeIgniter\Session\Handlers\FileHandler' driver.
INFO - 2023-06-02 04:30:23 --> CSRF token verified.
INFO - 2023-06-02 04:30:24 --> Session: Class initialized using 'CodeIgniter\Session\Handlers\FileHandler' driver.
INFO - 2023-06-02 04:30:24 --> Session: Class initialized using 'CodeIgniter\Session\Handlers\FileHandler' driver.
INFO - 2023-06-02 04:30:35 --> CSRF token verified.
INFO - 2023-06-02 04:30:35 --> Session: Class initialized using 'CodeIgniter\Session\Handlers\FileHandler' driver.
INFO - 2023-06-02 04:30:35 --> Session: Class initialized using 'CodeIgniter\Session\Handlers\FileHandler' driver.
INFO - 2023-06-02 05:30:04 --> CSRF token verified.
INFO - 2023-06-02 05:30:04 --> Session: Class initialized using 'CodeIgniter\Session\Handlers\FileHandler' driver.
INFO - 2023-06-02 05:30:04 --> Session: Class initialized using 'CodeIgniter\Session\Handlers\FileHandler' driver.
INFO - 2023-06-02 05:52:03 --> Session: Class initialized using 'CodeIgniter\Session\Handlers\FileHandler' driver.
INFO - 2023-06-02 05:52:53 --> CSRF token verified.
INFO - 2023-06-02 05:52:53 --> Session: Class initialized using 'CodeIgniter\Session\Handlers\FileHandler' driver.
INFO - 2023-06-02 05:52:53 --> Session: Class initialized using 'CodeIgniter\Session\Handlers\FileHandler' driver.
INFO - 2023-06-02 06:00:16 --> Session: Class initialized using 'CodeIgniter\Session\Handlers\FileHandler' driver.
CRITICAL - 2023-06-02 06:00:16 --> Argument 1 passed to App\Controllers\Admin\Usuarios::buscaUsuarioOu404() must be of the type int or null, string given, called in C:\xampp\htdocs\food\app\Controllers\Admin\Usuarios.php on line 106
in APPPATH\Controllers\Admin\Usuarios.php on line 249.
 1 APPPATH\Controllers\Admin\Usuarios.php(106): App\Controllers\Admin\Usuarios->buscaUsuarioOu404('images')
 2 SYSTEMPATH\CodeIgniter.php(934): App\Controllers\Admin\Usuarios->show('images', 'faces', 'face2.jpg')
 3 SYSTEMPATH\CodeIgniter.php(499): CodeIgniter\CodeIgniter->runController(Object(App\Controllers\Admin\Usuarios))
 4 SYSTEMPATH\CodeIgniter.php(368): CodeIgniter\CodeIgniter->handleRequest(null, Object(Config\Cache), false)
 5 FCPATH\index.php(67): CodeIgniter\CodeIgniter->run()
 6 SYSTEMPATH\Commands\Server\rewrite.php(47): require_once('FCPATH\\index.php')
CRITICAL - 2023-06-02 06:00:16 --> Argument 1 passed to App\Controllers\Admin\Usuarios::buscaUsuarioOu404() must be of the type int or null, string given, called in C:\xampp\htdocs\food\app\Controllers\Admin\Usuarios.php on line 106
in APPPATH\Controllers\Admin\Usuarios.php on line 249.
 1 APPPATH\Controllers\Admin\Usuarios.php(106): App\Controllers\Admin\Usuarios->buscaUsuarioOu404('images')
 2 SYSTEMPATH\CodeIgniter.php(934): App\Controllers\Admin\Usuarios->show('images', 'faces', 'face5.jpg')
 3 SYSTEMPATH\CodeIgniter.php(499): CodeIgniter\CodeIgniter->runController(Object(App\Controllers\Admin\Usuarios))
 4 SYSTEMPATH\CodeIgniter.php(368): CodeIgniter\CodeIgniter->handleRequest(null, Object(Config\Cache), false)
 5 FCPATH\index.php(67): CodeIgniter\CodeIgniter->run()
 6 SYSTEMPATH\Commands\Server\rewrite.php(47): require_once('FCPATH\\index.php')
CRITICAL - 2023-06-02 06:00:16 --> Argument 1 passed to App\Controllers\Admin\Usuarios::buscaUsuarioOu404() must be of the type int or null, string given, called in C:\xampp\htdocs\food\app\Controllers\Admin\Usuarios.php on line 106
in APPPATH\Controllers\Admin\Usuarios.php on line 249.
 1 APPPATH\Controllers\Admin\Usuarios.php(106): App\Controllers\Admin\Usuarios->buscaUsuarioOu404('images')
 2 SYSTEMPATH\CodeIgniter.php(934): App\Controllers\Admin\Usuarios->show('images', 'faces', 'face4.jpg')
 3 SYSTEMPATH\CodeIgniter.php(499): CodeIgniter\CodeIgniter->runController(Object(App\Controllers\Admin\Usuarios))
 4 SYSTEMPATH\CodeIgniter.php(368): CodeIgniter\CodeIgniter->handleRequest(null, Object(Config\Cache), false)
 5 FCPATH\index.php(67): CodeIgniter\CodeIgniter->run()
 6 SYSTEMPATH\Commands\Server\rewrite.php(47): require_once('FCPATH\\index.php')
CRITICAL - 2023-06-02 06:00:16 --> Argument 1 passed to App\Controllers\Admin\Usuarios::buscaUsuarioOu404() must be of the type int or null, string given, called in C:\xampp\htdocs\food\app\Controllers\Admin\Usuarios.php on line 106
in APPPATH\Controllers\Admin\Usuarios.php on line 249.
 1 APPPATH\Controllers\Admin\Usuarios.php(106): App\Controllers\Admin\Usuarios->buscaUsuarioOu404('images')
 2 SYSTEMPATH\CodeIgniter.php(934): App\Controllers\Admin\Usuarios->show('images', 'logo.svg')
 3 SYSTEMPATH\CodeIgniter.php(499): CodeIgniter\CodeIgniter->runController(Object(App\Controllers\Admin\Usuarios))
 4 SYSTEMPATH\CodeIgniter.php(368): CodeIgniter\CodeIgniter->handleRequest(null, Object(Config\Cache), false)
 5 FCPATH\index.php(67): CodeIgniter\CodeIgniter->run()
 6 SYSTEMPATH\Commands\Server\rewrite.php(47): require_once('FCPATH\\index.php')
CRITICAL - 2023-06-02 06:00:16 --> Argument 1 passed to App\Controllers\Admin\Usuarios::buscaUsuarioOu404() must be of the type int or null, string given, called in C:\xampp\htdocs\food\app\Controllers\Admin\Usuarios.php on line 106
in APPPATH\Controllers\Admin\Usuarios.php on line 249.
 1 APPPATH\Controllers\Admin\Usuarios.php(106): App\Controllers\Admin\Usuarios->buscaUsuarioOu404('images')
 2 SYSTEMPATH\CodeIgniter.php(934): App\Controllers\Admin\Usuarios->show('images', 'faces', 'face3.jpg')
 3 SYSTEMPATH\CodeIgniter.php(499): CodeIgniter\CodeIgniter->runController(Object(App\Controllers\Admin\Usuarios))
 4 SYSTEMPATH\CodeIgniter.php(368): CodeIgniter\CodeIgniter->handleRequest(null, Object(Config\Cache), false)
 5 FCPATH\index.php(67): CodeIgniter\CodeIgniter->run()
 6 SYSTEMPATH\Commands\Server\rewrite.php(47): require_once('FCPATH\\index.php')
CRITICAL - 2023-06-02 06:00:17 --> Argument 1 passed to App\Controllers\Admin\Usuarios::buscaUsuarioOu404() must be of the type int or null, string given, called in C:\xampp\htdocs\food\app\Controllers\Admin\Usuarios.php on line 106
in APPPATH\Controllers\Admin\Usuarios.php on line 249.
 1 APPPATH\Controllers\Admin\Usuarios.php(106): App\Controllers\Admin\Usuarios->buscaUsuarioOu404('images')
 2 SYSTEMPATH\CodeIgniter.php(934): App\Controllers\Admin\Usuarios->show('images', 'logo-mini.svg')
 3 SYSTEMPATH\CodeIgniter.php(499): CodeIgniter\CodeIgniter->runController(Object(App\Controllers\Admin\Usuarios))
 4 SYSTEMPATH\CodeIgniter.php(368): CodeIgniter\CodeIgniter->handleRequest(null, Object(Config\Cache), false)
 5 FCPATH\index.php(67): CodeIgniter\CodeIgniter->run()
 6 SYSTEMPATH\Commands\Server\rewrite.php(47): require_once('FCPATH\\index.php')
INFO - 2023-06-02 06:00:21 --> Session: Class initialized using 'CodeIgniter\Session\Handlers\FileHandler' driver.
CRITICAL - 2023-06-02 06:00:21 --> Argument 1 passed to App\Controllers\Admin\Usuarios::buscaUsuarioOu404() must be of the type int or null, string given, called in C:\xampp\htdocs\food\app\Controllers\Admin\Usuarios.php on line 120
in APPPATH\Controllers\Admin\Usuarios.php on line 249.
 1 APPPATH\Controllers\Admin\Usuarios.php(120): App\Controllers\Admin\Usuarios->buscaUsuarioOu404('images')
 2 SYSTEMPATH\CodeIgniter.php(934): App\Controllers\Admin\Usuarios->editar('images', 'logo.svg')
 3 SYSTEMPATH\CodeIgniter.php(499): CodeIgniter\CodeIgniter->runController(Object(App\Controllers\Admin\Usuarios))
 4 SYSTEMPATH\CodeIgniter.php(368): CodeIgniter\CodeIgniter->handleRequest(null, Object(Config\Cache), false)
 5 FCPATH\index.php(67): CodeIgniter\CodeIgniter->run()
 6 SYSTEMPATH\Commands\Server\rewrite.php(47): require_once('FCPATH\\index.php')
CRITICAL - 2023-06-02 06:00:21 --> Argument 1 passed to App\Controllers\Admin\Usuarios::buscaUsuarioOu404() must be of the type int or null, string given, called in C:\xampp\htdocs\food\app\Controllers\Admin\Usuarios.php on line 120
in APPPATH\Controllers\Admin\Usuarios.php on line 249.
 1 APPPATH\Controllers\Admin\Usuarios.php(120): App\Controllers\Admin\Usuarios->buscaUsuarioOu404('images')
 2 SYSTEMPATH\CodeIgniter.php(934): App\Controllers\Admin\Usuarios->editar('images', 'faces', 'face2.jpg')
 3 SYSTEMPATH\CodeIgniter.php(499): CodeIgniter\CodeIgniter->runController(Object(App\Controllers\Admin\Usuarios))
 4 SYSTEMPATH\CodeIgniter.php(368): CodeIgniter\CodeIgniter->handleRequest(null, Object(Config\Cache), false)
 5 FCPATH\index.php(67): CodeIgniter\CodeIgniter->run()
 6 SYSTEMPATH\Commands\Server\rewrite.php(47): require_once('FCPATH\\index.php')
CRITICAL - 2023-06-02 06:00:21 --> Argument 1 passed to App\Controllers\Admin\Usuarios::buscaUsuarioOu404() must be of the type int or null, string given, called in C:\xampp\htdocs\food\app\Controllers\Admin\Usuarios.php on line 120
in APPPATH\Controllers\Admin\Usuarios.php on line 249.
 1 APPPATH\Controllers\Admin\Usuarios.php(120): App\Controllers\Admin\Usuarios->buscaUsuarioOu404('images')
 2 SYSTEMPATH\CodeIgniter.php(934): App\Controllers\Admin\Usuarios->editar('images', 'faces', 'face5.jpg')
 3 SYSTEMPATH\CodeIgniter.php(499): CodeIgniter\CodeIgniter->runController(Object(App\Controllers\Admin\Usuarios))
 4 SYSTEMPATH\CodeIgniter.php(368): CodeIgniter\CodeIgniter->handleRequest(null, Object(Config\Cache), false)
 5 FCPATH\index.php(67): CodeIgniter\CodeIgniter->run()
 6 SYSTEMPATH\Commands\Server\rewrite.php(47): require_once('FCPATH\\index.php')
CRITICAL - 2023-06-02 06:00:21 --> Argument 1 passed to App\Controllers\Admin\Usuarios::buscaUsuarioOu404() must be of the type int or null, string given, called in C:\xampp\htdocs\food\app\Controllers\Admin\Usuarios.php on line 120
in APPPATH\Controllers\Admin\Usuarios.php on line 249.
 1 APPPATH\Controllers\Admin\Usuarios.php(120): App\Controllers\Admin\Usuarios->buscaUsuarioOu404('images')
 2 SYSTEMPATH\CodeIgniter.php(934): App\Controllers\Admin\Usuarios->editar('images', 'faces', 'face4.jpg')
 3 SYSTEMPATH\CodeIgniter.php(499): CodeIgniter\CodeIgniter->runController(Object(App\Controllers\Admin\Usuarios))
 4 SYSTEMPATH\CodeIgniter.php(368): CodeIgniter\CodeIgniter->handleRequest(null, Object(Config\Cache), false)
 5 FCPATH\index.php(67): CodeIgniter\CodeIgniter->run()
 6 SYSTEMPATH\Commands\Server\rewrite.php(47): require_once('FCPATH\\index.php')
CRITICAL - 2023-06-02 06:00:21 --> Argument 1 passed to App\Controllers\Admin\Usuarios::buscaUsuarioOu404() must be of the type int or null, string given, called in C:\xampp\htdocs\food\app\Controllers\Admin\Usuarios.php on line 120
in APPPATH\Controllers\Admin\Usuarios.php on line 249.
 1 APPPATH\Controllers\Admin\Usuarios.php(120): App\Controllers\Admin\Usuarios->buscaUsuarioOu404('images')
 2 SYSTEMPATH\CodeIgniter.php(934): App\Controllers\Admin\Usuarios->editar('images', 'faces', 'face3.jpg')
 3 SYSTEMPATH\CodeIgniter.php(499): CodeIgniter\CodeIgniter->runController(Object(App\Controllers\Admin\Usuarios))
 4 SYSTEMPATH\CodeIgniter.php(368): CodeIgniter\CodeIgniter->handleRequest(null, Object(Config\Cache), false)
 5 FCPATH\index.php(67): CodeIgniter\CodeIgniter->run()
 6 SYSTEMPATH\Commands\Server\rewrite.php(47): require_once('FCPATH\\index.php')
CRITICAL - 2023-06-02 06:00:21 --> Argument 1 passed to App\Controllers\Admin\Usuarios::buscaUsuarioOu404() must be of the type int or null, string given, called in C:\xampp\htdocs\food\app\Controllers\Admin\Usuarios.php on line 120
in APPPATH\Controllers\Admin\Usuarios.php on line 249.
 1 APPPATH\Controllers\Admin\Usuarios.php(120): App\Controllers\Admin\Usuarios->buscaUsuarioOu404('images')
 2 SYSTEMPATH\CodeIgniter.php(934): App\Controllers\Admin\Usuarios->editar('images', 'logo-mini.svg')
 3 SYSTEMPATH\CodeIgniter.php(499): CodeIgniter\CodeIgniter->runController(Object(App\Controllers\Admin\Usuarios))
 4 SYSTEMPATH\CodeIgniter.php(368): CodeIgniter\CodeIgniter->handleRequest(null, Object(Config\Cache), false)
 5 FCPATH\index.php(67): CodeIgniter\CodeIgniter->run()
 6 SYSTEMPATH\Commands\Server\rewrite.php(47): require_once('FCPATH\\index.php')
INFO - 2023-06-02 06:00:46 --> Session: Class initialized using 'CodeIgniter\Session\Handlers\FileHandler' driver.
CRITICAL - 2023-06-02 06:00:47 --> Argument 1 passed to App\Controllers\Admin\Usuarios::buscaUsuarioOu404() must be of the type int or null, string given, called in C:\xampp\htdocs\food\app\Controllers\Admin\Usuarios.php on line 106
in APPPATH\Controllers\Admin\Usuarios.php on line 249.
 1 APPPATH\Controllers\Admin\Usuarios.php(106): App\Controllers\Admin\Usuarios->buscaUsuarioOu404('images')
 2 SYSTEMPATH\CodeIgniter.php(934): App\Controllers\Admin\Usuarios->show('images', 'faces', 'face4.jpg')
 3 SYSTEMPATH\CodeIgniter.php(499): CodeIgniter\CodeIgniter->runController(Object(App\Controllers\Admin\Usuarios))
 4 SYSTEMPATH\CodeIgniter.php(368): CodeIgniter\CodeIgniter->handleRequest(null, Object(Config\Cache), false)
 5 FCPATH\index.php(67): CodeIgniter\CodeIgniter->run()
 6 SYSTEMPATH\Commands\Server\rewrite.php(47): require_once('FCPATH\\index.php')
CRITICAL - 2023-06-02 06:00:47 --> Argument 1 passed to App\Controllers\Admin\Usuarios::buscaUsuarioOu404() must be of the type int or null, string given, called in C:\xampp\htdocs\food\app\Controllers\Admin\Usuarios.php on line 106
in APPPATH\Controllers\Admin\Usuarios.php on line 249.
 1 APPPATH\Controllers\Admin\Usuarios.php(106): App\Controllers\Admin\Usuarios->buscaUsuarioOu404('images')
 2 SYSTEMPATH\CodeIgniter.php(934): App\Controllers\Admin\Usuarios->show('images', 'logo.svg')
 3 SYSTEMPATH\CodeIgniter.php(499): CodeIgniter\CodeIgniter->runController(Object(App\Controllers\Admin\Usuarios))
 4 SYSTEMPATH\CodeIgniter.php(368): CodeIgniter\CodeIgniter->handleRequest(null, Object(Config\Cache), false)
 5 FCPATH\index.php(67): CodeIgniter\CodeIgniter->run()
 6 SYSTEMPATH\Commands\Server\rewrite.php(47): require_once('FCPATH\\index.php')
CRITICAL - 2023-06-02 06:00:47 --> Argument 1 passed to App\Controllers\Admin\Usuarios::buscaUsuarioOu404() must be of the type int or null, string given, called in C:\xampp\htdocs\food\app\Controllers\Admin\Usuarios.php on line 106
in APPPATH\Controllers\Admin\Usuarios.php on line 249.
 1 APPPATH\Controllers\Admin\Usuarios.php(106): App\Controllers\Admin\Usuarios->buscaUsuarioOu404('images')
 2 SYSTEMPATH\CodeIgniter.php(934): App\Controllers\Admin\Usuarios->show('images', 'faces', 'face5.jpg')
 3 SYSTEMPATH\CodeIgniter.php(499): CodeIgniter\CodeIgniter->runController(Object(App\Controllers\Admin\Usuarios))
 4 SYSTEMPATH\CodeIgniter.php(368): CodeIgniter\CodeIgniter->handleRequest(null, Object(Config\Cache), false)
 5 FCPATH\index.php(67): CodeIgniter\CodeIgniter->run()
 6 SYSTEMPATH\Commands\Server\rewrite.php(47): require_once('FCPATH\\index.php')
CRITICAL - 2023-06-02 06:00:47 --> Argument 1 passed to App\Controllers\Admin\Usuarios::buscaUsuarioOu404() must be of the type int or null, string given, called in C:\xampp\htdocs\food\app\Controllers\Admin\Usuarios.php on line 106
in APPPATH\Controllers\Admin\Usuarios.php on line 249.
 1 APPPATH\Controllers\Admin\Usuarios.php(106): App\Controllers\Admin\Usuarios->buscaUsuarioOu404('images')
 2 SYSTEMPATH\CodeIgniter.php(934): App\Controllers\Admin\Usuarios->show('images', 'faces', 'face2.jpg')
 3 SYSTEMPATH\CodeIgniter.php(499): CodeIgniter\CodeIgniter->runController(Object(App\Controllers\Admin\Usuarios))
 4 SYSTEMPATH\CodeIgniter.php(368): CodeIgniter\CodeIgniter->handleRequest(null, Object(Config\Cache), false)
 5 FCPATH\index.php(67): CodeIgniter\CodeIgniter->run()
 6 SYSTEMPATH\Commands\Server\rewrite.php(47): require_once('FCPATH\\index.php')
CRITICAL - 2023-06-02 06:00:48 --> Argument 1 passed to App\Controllers\Admin\Usuarios::buscaUsuarioOu404() must be of the type int or null, string given, called in C:\xampp\htdocs\food\app\Controllers\Admin\Usuarios.php on line 106
in APPPATH\Controllers\Admin\Usuarios.php on line 249.
 1 APPPATH\Controllers\Admin\Usuarios.php(106): App\Controllers\Admin\Usuarios->buscaUsuarioOu404('images')
 2 SYSTEMPATH\CodeIgniter.php(934): App\Controllers\Admin\Usuarios->show('images', 'faces', 'face3.jpg')
 3 SYSTEMPATH\CodeIgniter.php(499): CodeIgniter\CodeIgniter->runController(Object(App\Controllers\Admin\Usuarios))
 4 SYSTEMPATH\CodeIgniter.php(368): CodeIgniter\CodeIgniter->handleRequest(null, Object(Config\Cache), false)
 5 FCPATH\index.php(67): CodeIgniter\CodeIgniter->run()
 6 SYSTEMPATH\Commands\Server\rewrite.php(47): require_once('FCPATH\\index.php')
CRITICAL - 2023-06-02 06:00:49 --> Argument 1 passed to App\Controllers\Admin\Usuarios::buscaUsuarioOu404() must be of the type int or null, string given, called in C:\xampp\htdocs\food\app\Controllers\Admin\Usuarios.php on line 106
in APPPATH\Controllers\Admin\Usuarios.php on line 249.
 1 APPPATH\Controllers\Admin\Usuarios.php(106): App\Controllers\Admin\Usuarios->buscaUsuarioOu404('images')
 2 SYSTEMPATH\CodeIgniter.php(934): App\Controllers\Admin\Usuarios->show('images', 'logo-mini.svg')
 3 SYSTEMPATH\CodeIgniter.php(499): CodeIgniter\CodeIgniter->runController(Object(App\Controllers\Admin\Usuarios))
 4 SYSTEMPATH\CodeIgniter.php(368): CodeIgniter\CodeIgniter->handleRequest(null, Object(Config\Cache), false)
 5 FCPATH\index.php(67): CodeIgniter\CodeIgniter->run()
 6 SYSTEMPATH\Commands\Server\rewrite.php(47): require_once('FCPATH\\index.php')
INFO - 2023-06-02 06:01:04 --> Session: Class initialized using 'CodeIgniter\Session\Handlers\FileHandler' driver.
CRITICAL - 2023-06-02 06:01:04 --> Argument 1 passed to App\Controllers\Admin\Usuarios::buscaUsuarioOu404() must be of the type int or null, string given, called in C:\xampp\htdocs\food\app\Controllers\Admin\Usuarios.php on line 106
in APPPATH\Controllers\Admin\Usuarios.php on line 249.
 1 APPPATH\Controllers\Admin\Usuarios.php(106): App\Controllers\Admin\Usuarios->buscaUsuarioOu404('images')
 2 SYSTEMPATH\CodeIgniter.php(934): App\Controllers\Admin\Usuarios->show('images', 'logo-mini.svg')
 3 SYSTEMPATH\CodeIgniter.php(499): CodeIgniter\CodeIgniter->runController(Object(App\Controllers\Admin\Usuarios))
 4 SYSTEMPATH\CodeIgniter.php(368): CodeIgniter\CodeIgniter->handleRequest(null, Object(Config\Cache), false)
 5 FCPATH\index.php(67): CodeIgniter\CodeIgniter->run()
 6 SYSTEMPATH\Commands\Server\rewrite.php(47): require_once('FCPATH\\index.php')
CRITICAL - 2023-06-02 06:01:04 --> Argument 1 passed to App\Controllers\Admin\Usuarios::buscaUsuarioOu404() must be of the type int or null, string given, called in C:\xampp\htdocs\food\app\Controllers\Admin\Usuarios.php on line 106
in APPPATH\Controllers\Admin\Usuarios.php on line 249.
 1 APPPATH\Controllers\Admin\Usuarios.php(106): App\Controllers\Admin\Usuarios->buscaUsuarioOu404('images')
 2 SYSTEMPATH\CodeIgniter.php(934): App\Controllers\Admin\Usuarios->show('images', 'faces', 'face4.jpg')
 3 SYSTEMPATH\CodeIgniter.php(499): CodeIgniter\CodeIgniter->runController(Object(App\Controllers\Admin\Usuarios))
 4 SYSTEMPATH\CodeIgniter.php(368): CodeIgniter\CodeIgniter->handleRequest(null, Object(Config\Cache), false)
 5 FCPATH\index.php(67): CodeIgniter\CodeIgniter->run()
 6 SYSTEMPATH\Commands\Server\rewrite.php(47): require_once('FCPATH\\index.php')
CRITICAL - 2023-06-02 06:01:04 --> Argument 1 passed to App\Controllers\Admin\Usuarios::buscaUsuarioOu404() must be of the type int or null, string given, called in C:\xampp\htdocs\food\app\Controllers\Admin\Usuarios.php on line 106
in APPPATH\Controllers\Admin\Usuarios.php on line 249.
 1 APPPATH\Controllers\Admin\Usuarios.php(106): App\Controllers\Admin\Usuarios->buscaUsuarioOu404('images')
 2 SYSTEMPATH\CodeIgniter.php(934): App\Controllers\Admin\Usuarios->show('images', 'logo.svg')
 3 SYSTEMPATH\CodeIgniter.php(499): CodeIgniter\CodeIgniter->runController(Object(App\Controllers\Admin\Usuarios))
 4 SYSTEMPATH\CodeIgniter.php(368): CodeIgniter\CodeIgniter->handleRequest(null, Object(Config\Cache), false)
 5 FCPATH\index.php(67): CodeIgniter\CodeIgniter->run()
 6 SYSTEMPATH\Commands\Server\rewrite.php(47): require_once('FCPATH\\index.php')
CRITICAL - 2023-06-02 06:01:04 --> Argument 1 passed to App\Controllers\Admin\Usuarios::buscaUsuarioOu404() must be of the type int or null, string given, called in C:\xampp\htdocs\food\app\Controllers\Admin\Usuarios.php on line 106
in APPPATH\Controllers\Admin\Usuarios.php on line 249.
 1 APPPATH\Controllers\Admin\Usuarios.php(106): App\Controllers\Admin\Usuarios->buscaUsuarioOu404('images')
 2 SYSTEMPATH\CodeIgniter.php(934): App\Controllers\Admin\Usuarios->show('images', 'faces', 'face2.jpg')
 3 SYSTEMPATH\CodeIgniter.php(499): CodeIgniter\CodeIgniter->runController(Object(App\Controllers\Admin\Usuarios))
 4 SYSTEMPATH\CodeIgniter.php(368): CodeIgniter\CodeIgniter->handleRequest(null, Object(Config\Cache), false)
 5 FCPATH\index.php(67): CodeIgniter\CodeIgniter->run()
 6 SYSTEMPATH\Commands\Server\rewrite.php(47): require_once('FCPATH\\index.php')
CRITICAL - 2023-06-02 06:01:05 --> Argument 1 passed to App\Controllers\Admin\Usuarios::buscaUsuarioOu404() must be of the type int or null, string given, called in C:\xampp\htdocs\food\app\Controllers\Admin\Usuarios.php on line 106
in APPPATH\Controllers\Admin\Usuarios.php on line 249.
 1 APPPATH\Controllers\Admin\Usuarios.php(106): App\Controllers\Admin\Usuarios->buscaUsuarioOu404('images')
 2 SYSTEMPATH\CodeIgniter.php(934): App\Controllers\Admin\Usuarios->show('images', 'faces', 'face5.jpg')
 3 SYSTEMPATH\CodeIgniter.php(499): CodeIgniter\CodeIgniter->runController(Object(App\Controllers\Admin\Usuarios))
 4 SYSTEMPATH\CodeIgniter.php(368): CodeIgniter\CodeIgniter->handleRequest(null, Object(Config\Cache), false)
 5 FCPATH\index.php(67): CodeIgniter\CodeIgniter->run()
 6 SYSTEMPATH\Commands\Server\rewrite.php(47): require_once('FCPATH\\index.php')
CRITICAL - 2023-06-02 06:01:05 --> Argument 1 passed to App\Controllers\Admin\Usuarios::buscaUsuarioOu404() must be of the type int or null, string given, called in C:\xampp\htdocs\food\app\Controllers\Admin\Usuarios.php on line 106
in APPPATH\Controllers\Admin\Usuarios.php on line 249.
 1 APPPATH\Controllers\Admin\Usuarios.php(106): App\Controllers\Admin\Usuarios->buscaUsuarioOu404('images')
 2 SYSTEMPATH\CodeIgniter.php(934): App\Controllers\Admin\Usuarios->show('images', 'faces', 'face3.jpg')
 3 SYSTEMPATH\CodeIgniter.php(499): CodeIgniter\CodeIgniter->runController(Object(App\Controllers\Admin\Usuarios))
 4 SYSTEMPATH\CodeIgniter.php(368): CodeIgniter\CodeIgniter->handleRequest(null, Object(Config\Cache), false)
 5 FCPATH\index.php(67): CodeIgniter\CodeIgniter->run()
 6 SYSTEMPATH\Commands\Server\rewrite.php(47): require_once('FCPATH\\index.php')
INFO - 2023-06-02 06:01:11 --> Session: Class initialized using 'CodeIgniter\Session\Handlers\FileHandler' driver.
CRITICAL - 2023-06-02 06:01:11 --> Argument 1 passed to App\Controllers\Admin\Usuarios::buscaUsuarioOu404() must be of the type int or null, string given, called in C:\xampp\htdocs\food\app\Controllers\Admin\Usuarios.php on line 120
in APPPATH\Controllers\Admin\Usuarios.php on line 249.
 1 APPPATH\Controllers\Admin\Usuarios.php(120): App\Controllers\Admin\Usuarios->buscaUsuarioOu404('images')
 2 SYSTEMPATH\CodeIgniter.php(934): App\Controllers\Admin\Usuarios->editar('images', 'faces', 'face3.jpg')
 3 SYSTEMPATH\CodeIgniter.php(499): CodeIgniter\CodeIgniter->runController(Object(App\Controllers\Admin\Usuarios))
 4 SYSTEMPATH\CodeIgniter.php(368): CodeIgniter\CodeIgniter->handleRequest(null, Object(Config\Cache), false)
 5 FCPATH\index.php(67): CodeIgniter\CodeIgniter->run()
 6 SYSTEMPATH\Commands\Server\rewrite.php(47): require_once('FCPATH\\index.php')
CRITICAL - 2023-06-02 06:01:11 --> Argument 1 passed to App\Controllers\Admin\Usuarios::buscaUsuarioOu404() must be of the type int or null, string given, called in C:\xampp\htdocs\food\app\Controllers\Admin\Usuarios.php on line 120
in APPPATH\Controllers\Admin\Usuarios.php on line 249.
 1 APPPATH\Controllers\Admin\Usuarios.php(120): App\Controllers\Admin\Usuarios->buscaUsuarioOu404('images')
 2 SYSTEMPATH\CodeIgniter.php(934): App\Controllers\Admin\Usuarios->editar('images', 'faces', 'face5.jpg')
 3 SYSTEMPATH\CodeIgniter.php(499): CodeIgniter\CodeIgniter->runController(Object(App\Controllers\Admin\Usuarios))
 4 SYSTEMPATH\CodeIgniter.php(368): CodeIgniter\CodeIgniter->handleRequest(null, Object(Config\Cache), false)
 5 FCPATH\index.php(67): CodeIgniter\CodeIgniter->run()
 6 SYSTEMPATH\Commands\Server\rewrite.php(47): require_once('FCPATH\\index.php')
CRITICAL - 2023-06-02 06:01:11 --> Argument 1 passed to App\Controllers\Admin\Usuarios::buscaUsuarioOu404() must be of the type int or null, string given, called in C:\xampp\htdocs\food\app\Controllers\Admin\Usuarios.php on line 120
in APPPATH\Controllers\Admin\Usuarios.php on line 249.
 1 APPPATH\Controllers\Admin\Usuarios.php(120): App\Controllers\Admin\Usuarios->buscaUsuarioOu404('images')
 2 SYSTEMPATH\CodeIgniter.php(934): App\Controllers\Admin\Usuarios->editar('images', 'faces', 'face4.jpg')
 3 SYSTEMPATH\CodeIgniter.php(499): CodeIgniter\CodeIgniter->runController(Object(App\Controllers\Admin\Usuarios))
 4 SYSTEMPATH\CodeIgniter.php(368): CodeIgniter\CodeIgniter->handleRequest(null, Object(Config\Cache), false)
 5 FCPATH\index.php(67): CodeIgniter\CodeIgniter->run()
 6 SYSTEMPATH\Commands\Server\rewrite.php(47): require_once('FCPATH\\index.php')
CRITICAL - 2023-06-02 06:01:11 --> Argument 1 passed to App\Controllers\Admin\Usuarios::buscaUsuarioOu404() must be of the type int or null, string given, called in C:\xampp\htdocs\food\app\Controllers\Admin\Usuarios.php on line 120
in APPPATH\Controllers\Admin\Usuarios.php on line 249.
 1 APPPATH\Controllers\Admin\Usuarios.php(120): App\Controllers\Admin\Usuarios->buscaUsuarioOu404('images')
 2 SYSTEMPATH\CodeIgniter.php(934): App\Controllers\Admin\Usuarios->editar('images', 'faces', 'face2.jpg')
 3 SYSTEMPATH\CodeIgniter.php(499): CodeIgniter\CodeIgniter->runController(Object(App\Controllers\Admin\Usuarios))
 4 SYSTEMPATH\CodeIgniter.php(368): CodeIgniter\CodeIgniter->handleRequest(null, Object(Config\Cache), false)
 5 FCPATH\index.php(67): CodeIgniter\CodeIgniter->run()
 6 SYSTEMPATH\Commands\Server\rewrite.php(47): require_once('FCPATH\\index.php')
CRITICAL - 2023-06-02 06:01:11 --> Argument 1 passed to App\Controllers\Admin\Usuarios::buscaUsuarioOu404() must be of the type int or null, string given, called in C:\xampp\htdocs\food\app\Controllers\Admin\Usuarios.php on line 120
in APPPATH\Controllers\Admin\Usuarios.php on line 249.
 1 APPPATH\Controllers\Admin\Usuarios.php(120): App\Controllers\Admin\Usuarios->buscaUsuarioOu404('images')
 2 SYSTEMPATH\CodeIgniter.php(934): App\Controllers\Admin\Usuarios->editar('images', 'logo-mini.svg')
 3 SYSTEMPATH\CodeIgniter.php(499): CodeIgniter\CodeIgniter->runController(Object(App\Controllers\Admin\Usuarios))
 4 SYSTEMPATH\CodeIgniter.php(368): CodeIgniter\CodeIgniter->handleRequest(null, Object(Config\Cache), false)
 5 FCPATH\index.php(67): CodeIgniter\CodeIgniter->run()
 6 SYSTEMPATH\Commands\Server\rewrite.php(47): require_once('FCPATH\\index.php')
CRITICAL - 2023-06-02 06:01:12 --> Argument 1 passed to App\Controllers\Admin\Usuarios::buscaUsuarioOu404() must be of the type int or null, string given, called in C:\xampp\htdocs\food\app\Controllers\Admin\Usuarios.php on line 120
in APPPATH\Controllers\Admin\Usuarios.php on line 249.
 1 APPPATH\Controllers\Admin\Usuarios.php(120): App\Controllers\Admin\Usuarios->buscaUsuarioOu404('images')
 2 SYSTEMPATH\CodeIgniter.php(934): App\Controllers\Admin\Usuarios->editar('images', 'logo.svg')
 3 SYSTEMPATH\CodeIgniter.php(499): CodeIgniter\CodeIgniter->runController(Object(App\Controllers\Admin\Usuarios))
 4 SYSTEMPATH\CodeIgniter.php(368): CodeIgniter\CodeIgniter->handleRequest(null, Object(Config\Cache), false)
 5 FCPATH\index.php(67): CodeIgniter\CodeIgniter->run()
 6 SYSTEMPATH\Commands\Server\rewrite.php(47): require_once('FCPATH\\index.php')
INFO - 2023-06-02 06:01:48 --> CSRF token verified.
INFO - 2023-06-02 06:01:48 --> Session: Class initialized using 'CodeIgniter\Session\Handlers\FileHandler' driver.
INFO - 2023-06-02 06:01:48 --> Session: Class initialized using 'CodeIgniter\Session\Handlers\FileHandler' driver.
CRITICAL - 2023-06-02 06:01:48 --> Argument 1 passed to App\Controllers\Admin\Usuarios::buscaUsuarioOu404() must be of the type int or null, string given, called in C:\xampp\htdocs\food\app\Controllers\Admin\Usuarios.php on line 106
in APPPATH\Controllers\Admin\Usuarios.php on line 249.
 1 APPPATH\Controllers\Admin\Usuarios.php(106): App\Controllers\Admin\Usuarios->buscaUsuarioOu404('images')
 2 SYSTEMPATH\CodeIgniter.php(934): App\Controllers\Admin\Usuarios->show('images', 'logo.svg')
 3 SYSTEMPATH\CodeIgniter.php(499): CodeIgniter\CodeIgniter->runController(Object(App\Controllers\Admin\Usuarios))
 4 SYSTEMPATH\CodeIgniter.php(368): CodeIgniter\CodeIgniter->handleRequest(null, Object(Config\Cache), false)
 5 FCPATH\index.php(67): CodeIgniter\CodeIgniter->run()
 6 SYSTEMPATH\Commands\Server\rewrite.php(47): require_once('FCPATH\\index.php')
CRITICAL - 2023-06-02 06:01:48 --> Argument 1 passed to App\Controllers\Admin\Usuarios::buscaUsuarioOu404() must be of the type int or null, string given, called in C:\xampp\htdocs\food\app\Controllers\Admin\Usuarios.php on line 106
in APPPATH\Controllers\Admin\Usuarios.php on line 249.
 1 APPPATH\Controllers\Admin\Usuarios.php(106): App\Controllers\Admin\Usuarios->buscaUsuarioOu404('images')
 2 SYSTEMPATH\CodeIgniter.php(934): App\Controllers\Admin\Usuarios->show('images', 'logo-mini.svg')
 3 SYSTEMPATH\CodeIgniter.php(499): CodeIgniter\CodeIgniter->runController(Object(App\Controllers\Admin\Usuarios))
 4 SYSTEMPATH\CodeIgniter.php(368): CodeIgniter\CodeIgniter->handleRequest(null, Object(Config\Cache), false)
 5 FCPATH\index.php(67): CodeIgniter\CodeIgniter->run()
 6 SYSTEMPATH\Commands\Server\rewrite.php(47): require_once('FCPATH\\index.php')
CRITICAL - 2023-06-02 06:01:48 --> Argument 1 passed to App\Controllers\Admin\Usuarios::buscaUsuarioOu404() must be of the type int or null, string given, called in C:\xampp\htdocs\food\app\Controllers\Admin\Usuarios.php on line 106
in APPPATH\Controllers\Admin\Usuarios.php on line 249.
 1 APPPATH\Controllers\Admin\Usuarios.php(106): App\Controllers\Admin\Usuarios->buscaUsuarioOu404('images')
 2 SYSTEMPATH\CodeIgniter.php(934): App\Controllers\Admin\Usuarios->show('images', 'faces', 'face2.jpg')
 3 SYSTEMPATH\CodeIgniter.php(499): CodeIgniter\CodeIgniter->runController(Object(App\Controllers\Admin\Usuarios))
 4 SYSTEMPATH\CodeIgniter.php(368): CodeIgniter\CodeIgniter->handleRequest(null, Object(Config\Cache), false)
 5 FCPATH\index.php(67): CodeIgniter\CodeIgniter->run()
 6 SYSTEMPATH\Commands\Server\rewrite.php(47): require_once('FCPATH\\index.php')
CRITICAL - 2023-06-02 06:01:48 --> Argument 1 passed to App\Controllers\Admin\Usuarios::buscaUsuarioOu404() must be of the type int or null, string given, called in C:\xampp\htdocs\food\app\Controllers\Admin\Usuarios.php on line 106
in APPPATH\Controllers\Admin\Usuarios.php on line 249.
 1 APPPATH\Controllers\Admin\Usuarios.php(106): App\Controllers\Admin\Usuarios->buscaUsuarioOu404('images')
 2 SYSTEMPATH\CodeIgniter.php(934): App\Controllers\Admin\Usuarios->show('images', 'faces', 'face4.jpg')
 3 SYSTEMPATH\CodeIgniter.php(499): CodeIgniter\CodeIgniter->runController(Object(App\Controllers\Admin\Usuarios))
 4 SYSTEMPATH\CodeIgniter.php(368): CodeIgniter\CodeIgniter->handleRequest(null, Object(Config\Cache), false)
 5 FCPATH\index.php(67): CodeIgniter\CodeIgniter->run()
 6 SYSTEMPATH\Commands\Server\rewrite.php(47): require_once('FCPATH\\index.php')
CRITICAL - 2023-06-02 06:01:48 --> Argument 1 passed to App\Controllers\Admin\Usuarios::buscaUsuarioOu404() must be of the type int or null, string given, called in C:\xampp\htdocs\food\app\Controllers\Admin\Usuarios.php on line 106
in APPPATH\Controllers\Admin\Usuarios.php on line 249.
 1 APPPATH\Controllers\Admin\Usuarios.php(106): App\Controllers\Admin\Usuarios->buscaUsuarioOu404('images')
 2 SYSTEMPATH\CodeIgniter.php(934): App\Controllers\Admin\Usuarios->show('images', 'faces', 'face5.jpg')
 3 SYSTEMPATH\CodeIgniter.php(499): CodeIgniter\CodeIgniter->runController(Object(App\Controllers\Admin\Usuarios))
 4 SYSTEMPATH\CodeIgniter.php(368): CodeIgniter\CodeIgniter->handleRequest(null, Object(Config\Cache), false)
 5 FCPATH\index.php(67): CodeIgniter\CodeIgniter->run()
 6 SYSTEMPATH\Commands\Server\rewrite.php(47): require_once('FCPATH\\index.php')
CRITICAL - 2023-06-02 06:01:49 --> Argument 1 passed to App\Controllers\Admin\Usuarios::buscaUsuarioOu404() must be of the type int or null, string given, called in C:\xampp\htdocs\food\app\Controllers\Admin\Usuarios.php on line 106
in APPPATH\Controllers\Admin\Usuarios.php on line 249.
 1 APPPATH\Controllers\Admin\Usuarios.php(106): App\Controllers\Admin\Usuarios->buscaUsuarioOu404('images')
 2 SYSTEMPATH\CodeIgniter.php(934): App\Controllers\Admin\Usuarios->show('images', 'faces', 'face3.jpg')
 3 SYSTEMPATH\CodeIgniter.php(499): CodeIgniter\CodeIgniter->runController(Object(App\Controllers\Admin\Usuarios))
 4 SYSTEMPATH\CodeIgniter.php(368): CodeIgniter\CodeIgniter->handleRequest(null, Object(Config\Cache), false)
 5 FCPATH\index.php(67): CodeIgniter\CodeIgniter->run()
 6 SYSTEMPATH\Commands\Server\rewrite.php(47): require_once('FCPATH\\index.php')
CRITICAL - 2023-06-02 06:01:49 --> Argument 1 passed to App\Controllers\Admin\Usuarios::buscaUsuarioOu404() must be of the type int or null, string given, called in C:\xampp\htdocs\food\app\Controllers\Admin\Usuarios.php on line 106
in APPPATH\Controllers\Admin\Usuarios.php on line 249.
 1 APPPATH\Controllers\Admin\Usuarios.php(106): App\Controllers\Admin\Usuarios->buscaUsuarioOu404('images')
 2 SYSTEMPATH\CodeIgniter.php(934): App\Controllers\Admin\Usuarios->show('images', 'faces', 'face4.jpg')
 3 SYSTEMPATH\CodeIgniter.php(499): CodeIgniter\CodeIgniter->runController(Object(App\Controllers\Admin\Usuarios))
 4 SYSTEMPATH\CodeIgniter.php(368): CodeIgniter\CodeIgniter->handleRequest(null, Object(Config\Cache), false)
 5 FCPATH\index.php(67): CodeIgniter\CodeIgniter->run()
 6 SYSTEMPATH\Commands\Server\rewrite.php(47): require_once('FCPATH\\index.php')
CRITICAL - 2023-06-02 06:01:49 --> Argument 1 passed to App\Controllers\Admin\Usuarios::buscaUsuarioOu404() must be of the type int or null, string given, called in C:\xampp\htdocs\food\app\Controllers\Admin\Usuarios.php on line 106
in APPPATH\Controllers\Admin\Usuarios.php on line 249.
 1 APPPATH\Controllers\Admin\Usuarios.php(106): App\Controllers\Admin\Usuarios->buscaUsuarioOu404('images')
 2 SYSTEMPATH\CodeIgniter.php(934): App\Controllers\Admin\Usuarios->show('images', 'faces', 'face2.jpg')
 3 SYSTEMPATH\CodeIgniter.php(499): CodeIgniter\CodeIgniter->runController(Object(App\Controllers\Admin\Usuarios))
 4 SYSTEMPATH\CodeIgniter.php(368): CodeIgniter\CodeIgniter->handleRequest(null, Object(Config\Cache), false)
 5 FCPATH\index.php(67): CodeIgniter\CodeIgniter->run()
 6 SYSTEMPATH\Commands\Server\rewrite.php(47): require_once('FCPATH\\index.php')
CRITICAL - 2023-06-02 06:01:49 --> Argument 1 passed to App\Controllers\Admin\Usuarios::buscaUsuarioOu404() must be of the type int or null, string given, called in C:\xampp\htdocs\food\app\Controllers\Admin\Usuarios.php on line 106
in APPPATH\Controllers\Admin\Usuarios.php on line 249.
 1 APPPATH\Controllers\Admin\Usuarios.php(106): App\Controllers\Admin\Usuarios->buscaUsuarioOu404('images')
 2 SYSTEMPATH\CodeIgniter.php(934): App\Controllers\Admin\Usuarios->show('images', 'faces', 'face5.jpg')
 3 SYSTEMPATH\CodeIgniter.php(499): CodeIgniter\CodeIgniter->runController(Object(App\Controllers\Admin\Usuarios))
 4 SYSTEMPATH\CodeIgniter.php(368): CodeIgniter\CodeIgniter->handleRequest(null, Object(Config\Cache), false)
 5 FCPATH\index.php(67): CodeIgniter\CodeIgniter->run()
 6 SYSTEMPATH\Commands\Server\rewrite.php(47): require_once('FCPATH\\index.php')
CRITICAL - 2023-06-02 06:01:49 --> Argument 1 passed to App\Controllers\Admin\Usuarios::buscaUsuarioOu404() must be of the type int or null, string given, called in C:\xampp\htdocs\food\app\Controllers\Admin\Usuarios.php on line 106
in APPPATH\Controllers\Admin\Usuarios.php on line 249.
 1 APPPATH\Controllers\Admin\Usuarios.php(106): App\Controllers\Admin\Usuarios->buscaUsuarioOu404('images')
 2 SYSTEMPATH\CodeIgniter.php(934): App\Controllers\Admin\Usuarios->show('images', 'faces', 'face3.jpg')
 3 SYSTEMPATH\CodeIgniter.php(499): CodeIgniter\CodeIgniter->runController(Object(App\Controllers\Admin\Usuarios))
 4 SYSTEMPATH\CodeIgniter.php(368): CodeIgniter\CodeIgniter->handleRequest(null, Object(Config\Cache), false)
 5 FCPATH\index.php(67): CodeIgniter\CodeIgniter->run()
 6 SYSTEMPATH\Commands\Server\rewrite.php(47): require_once('FCPATH\\index.php')
CRITICAL - 2023-06-02 06:01:49 --> Argument 1 passed to App\Controllers\Admin\Usuarios::buscaUsuarioOu404() must be of the type int or null, string given, called in C:\xampp\htdocs\food\app\Controllers\Admin\Usuarios.php on line 106
in APPPATH\Controllers\Admin\Usuarios.php on line 249.
 1 APPPATH\Controllers\Admin\Usuarios.php(106): App\Controllers\Admin\Usuarios->buscaUsuarioOu404('images')
 2 SYSTEMPATH\CodeIgniter.php(934): App\Controllers\Admin\Usuarios->show('images', 'logo-mini.svg')
 3 SYSTEMPATH\CodeIgniter.php(499): CodeIgniter\CodeIgniter->runController(Object(App\Controllers\Admin\Usuarios))
 4 SYSTEMPATH\CodeIgniter.php(368): CodeIgniter\CodeIgniter->handleRequest(null, Object(Config\Cache), false)
 5 FCPATH\index.php(67): CodeIgniter\CodeIgniter->run()
 6 SYSTEMPATH\Commands\Server\rewrite.php(47): require_once('FCPATH\\index.php')
CRITICAL - 2023-06-02 06:01:49 --> Argument 1 passed to App\Controllers\Admin\Usuarios::buscaUsuarioOu404() must be of the type int or null, string given, called in C:\xampp\htdocs\food\app\Controllers\Admin\Usuarios.php on line 106
in APPPATH\Controllers\Admin\Usuarios.php on line 249.
 1 APPPATH\Controllers\Admin\Usuarios.php(106): App\Controllers\Admin\Usuarios->buscaUsuarioOu404('images')
 2 SYSTEMPATH\CodeIgniter.php(934): App\Controllers\Admin\Usuarios->show('images', 'logo.svg')
 3 SYSTEMPATH\CodeIgniter.php(499): CodeIgniter\CodeIgniter->runController(Object(App\Controllers\Admin\Usuarios))
 4 SYSTEMPATH\CodeIgniter.php(368): CodeIgniter\CodeIgniter->handleRequest(null, Object(Config\Cache), false)
 5 FCPATH\index.php(67): CodeIgniter\CodeIgniter->run()
 6 SYSTEMPATH\Commands\Server\rewrite.php(47): require_once('FCPATH\\index.php')
INFO - 2023-06-02 06:04:21 --> Session: Class initialized using 'CodeIgniter\Session\Handlers\FileHandler' driver.
INFO - 2023-06-02 06:05:37 --> Session: Class initialized using 'CodeIgniter\Session\Handlers\FileHandler' driver.
INFO - 2023-06-02 06:05:52 --> CSRF token verified.
INFO - 2023-06-02 06:05:53 --> Session: Class initialized using 'CodeIgniter\Session\Handlers\FileHandler' driver.
INFO - 2023-06-02 06:05:53 --> Session: Class initialized using 'CodeIgniter\Session\Handlers\FileHandler' driver.
