INFO - 2023-09-19 00:17:29 --> Session: Class initialized using 'CodeIgniter\Session\Handlers\FileHandler' driver.
INFO - 2023-09-19 00:17:29 --> Session: Class initialized using 'CodeIgniter\Session\Handlers\FileHandler' driver.
INFO - 2023-09-19 00:17:39 --> CSRF token verified.
INFO - 2023-09-19 00:17:39 --> Session: Class initialized using 'CodeIgniter\Session\Handlers\FileHandler' driver.
INFO - 2023-09-19 00:17:51 --> Session: Class initialized using 'CodeIgniter\Session\Handlers\FileHandler' driver.
INFO - 2023-09-19 00:17:55 --> Session: Class initialized using 'CodeIgniter\Session\Handlers\FileHandler' driver.
INFO - 2023-09-19 00:17:56 --> Session: Class initialized using 'CodeIgniter\Session\Handlers\FileHandler' driver.
CRITICAL - 2023-09-19 00:17:56 --> Argument 1 passed to App\Controllers\Admin\Usuarios::buscaUsuarioOu404() must be of the type int or null, string given, called in C:\xampp\htdocs\food\app\Controllers\Admin\Usuarios.php on line 107
in APPPATH\Controllers\Admin\Usuarios.php on line 250.
 1 APPPATH\Controllers\Admin\Usuarios.php(107): App\Controllers\Admin\Usuarios->buscaUsuarioOu404('images')
 2 SYSTEMPATH\CodeIgniter.php(934): App\Controllers\Admin\Usuarios->show('images', 'faces', 'face4.jpg')
 3 SYSTEMPATH\CodeIgniter.php(499): CodeIgniter\CodeIgniter->runController(Object(App\Controllers\Admin\Usuarios))
 4 SYSTEMPATH\CodeIgniter.php(368): CodeIgniter\CodeIgniter->handleRequest(null, Object(Config\Cache), false)
 5 FCPATH\index.php(67): CodeIgniter\CodeIgniter->run()
 6 SYSTEMPATH\Commands\Server\rewrite.php(47): require_once('FCPATH\\index.php')
INFO - 2023-09-19 00:17:56 --> Session: Class initialized using 'CodeIgniter\Session\Handlers\FileHandler' driver.
CRITICAL - 2023-09-19 00:17:56 --> Argument 1 passed to App\Controllers\Admin\Usuarios::buscaUsuarioOu404() must be of the type int or null, string given, called in C:\xampp\htdocs\food\app\Controllers\Admin\Usuarios.php on line 107
in APPPATH\Controllers\Admin\Usuarios.php on line 250.
 1 APPPATH\Controllers\Admin\Usuarios.php(107): App\Controllers\Admin\Usuarios->buscaUsuarioOu404('images')
 2 SYSTEMPATH\CodeIgniter.php(934): App\Controllers\Admin\Usuarios->show('images', 'logo.svg')
 3 SYSTEMPATH\CodeIgniter.php(499): CodeIgniter\CodeIgniter->runController(Object(App\Controllers\Admin\Usuarios))
 4 SYSTEMPATH\CodeIgniter.php(368): CodeIgniter\CodeIgniter->handleRequest(null, Object(Config\Cache), false)
 5 FCPATH\index.php(67): CodeIgniter\CodeIgniter->run()
 6 SYSTEMPATH\Commands\Server\rewrite.php(47): require_once('FCPATH\\index.php')
INFO - 2023-09-19 00:17:56 --> Session: Class initialized using 'CodeIgniter\Session\Handlers\FileHandler' driver.
CRITICAL - 2023-09-19 00:17:56 --> Argument 1 passed to App\Controllers\Admin\Usuarios::buscaUsuarioOu404() must be of the type int or null, string given, called in C:\xampp\htdocs\food\app\Controllers\Admin\Usuarios.php on line 107
in APPPATH\Controllers\Admin\Usuarios.php on line 250.
 1 APPPATH\Controllers\Admin\Usuarios.php(107): App\Controllers\Admin\Usuarios->buscaUsuarioOu404('images')
 2 SYSTEMPATH\CodeIgniter.php(934): App\Controllers\Admin\Usuarios->show('images', 'faces', 'face5.jpg')
 3 SYSTEMPATH\CodeIgniter.php(499): CodeIgniter\CodeIgniter->runController(Object(App\Controllers\Admin\Usuarios))
 4 SYSTEMPATH\CodeIgniter.php(368): CodeIgniter\CodeIgniter->handleRequest(null, Object(Config\Cache), false)
 5 FCPATH\index.php(67): CodeIgniter\CodeIgniter->run()
 6 SYSTEMPATH\Commands\Server\rewrite.php(47): require_once('FCPATH\\index.php')
INFO - 2023-09-19 00:17:56 --> Session: Class initialized using 'CodeIgniter\Session\Handlers\FileHandler' driver.
CRITICAL - 2023-09-19 00:17:56 --> Argument 1 passed to App\Controllers\Admin\Usuarios::buscaUsuarioOu404() must be of the type int or null, string given, called in C:\xampp\htdocs\food\app\Controllers\Admin\Usuarios.php on line 107
in APPPATH\Controllers\Admin\Usuarios.php on line 250.
 1 APPPATH\Controllers\Admin\Usuarios.php(107): App\Controllers\Admin\Usuarios->buscaUsuarioOu404('images')
 2 SYSTEMPATH\CodeIgniter.php(934): App\Controllers\Admin\Usuarios->show('images', 'faces', 'face3.jpg')
 3 SYSTEMPATH\CodeIgniter.php(499): CodeIgniter\CodeIgniter->runController(Object(App\Controllers\Admin\Usuarios))
 4 SYSTEMPATH\CodeIgniter.php(368): CodeIgniter\CodeIgniter->handleRequest(null, Object(Config\Cache), false)
 5 FCPATH\index.php(67): CodeIgniter\CodeIgniter->run()
 6 SYSTEMPATH\Commands\Server\rewrite.php(47): require_once('FCPATH\\index.php')
INFO - 2023-09-19 00:17:57 --> Session: Class initialized using 'CodeIgniter\Session\Handlers\FileHandler' driver.
CRITICAL - 2023-09-19 00:17:57 --> Argument 1 passed to App\Controllers\Admin\Usuarios::buscaUsuarioOu404() must be of the type int or null, string given, called in C:\xampp\htdocs\food\app\Controllers\Admin\Usuarios.php on line 107
in APPPATH\Controllers\Admin\Usuarios.php on line 250.
 1 APPPATH\Controllers\Admin\Usuarios.php(107): App\Controllers\Admin\Usuarios->buscaUsuarioOu404('images')
 2 SYSTEMPATH\CodeIgniter.php(934): App\Controllers\Admin\Usuarios->show('images', 'logo-mini.svg')
 3 SYSTEMPATH\CodeIgniter.php(499): CodeIgniter\CodeIgniter->runController(Object(App\Controllers\Admin\Usuarios))
 4 SYSTEMPATH\CodeIgniter.php(368): CodeIgniter\CodeIgniter->handleRequest(null, Object(Config\Cache), false)
 5 FCPATH\index.php(67): CodeIgniter\CodeIgniter->run()
 6 SYSTEMPATH\Commands\Server\rewrite.php(47): require_once('FCPATH\\index.php')
INFO - 2023-09-19 00:17:58 --> Session: Class initialized using 'CodeIgniter\Session\Handlers\FileHandler' driver.
CRITICAL - 2023-09-19 00:17:58 --> Argument 1 passed to App\Controllers\Admin\Usuarios::buscaUsuarioOu404() must be of the type int or null, string given, called in C:\xampp\htdocs\food\app\Controllers\Admin\Usuarios.php on line 107
in APPPATH\Controllers\Admin\Usuarios.php on line 250.
 1 APPPATH\Controllers\Admin\Usuarios.php(107): App\Controllers\Admin\Usuarios->buscaUsuarioOu404('images')
 2 SYSTEMPATH\CodeIgniter.php(934): App\Controllers\Admin\Usuarios->show('images', 'faces', 'face2.jpg')
 3 SYSTEMPATH\CodeIgniter.php(499): CodeIgniter\CodeIgniter->runController(Object(App\Controllers\Admin\Usuarios))
 4 SYSTEMPATH\CodeIgniter.php(368): CodeIgniter\CodeIgniter->handleRequest(null, Object(Config\Cache), false)
 5 FCPATH\index.php(67): CodeIgniter\CodeIgniter->run()
 6 SYSTEMPATH\Commands\Server\rewrite.php(47): require_once('FCPATH\\index.php')
INFO - 2023-09-19 00:17:59 --> Session: Class initialized using 'CodeIgniter\Session\Handlers\FileHandler' driver.
INFO - 2023-09-19 00:17:59 --> Session: Class initialized using 'CodeIgniter\Session\Handlers\FileHandler' driver.
CRITICAL - 2023-09-19 00:17:59 --> Argument 1 passed to App\Controllers\Admin\Usuarios::buscaUsuarioOu404() must be of the type int or null, string given, called in C:\xampp\htdocs\food\app\Controllers\Admin\Usuarios.php on line 121
in APPPATH\Controllers\Admin\Usuarios.php on line 250.
 1 APPPATH\Controllers\Admin\Usuarios.php(121): App\Controllers\Admin\Usuarios->buscaUsuarioOu404('images')
 2 SYSTEMPATH\CodeIgniter.php(934): App\Controllers\Admin\Usuarios->editar('images', 'faces', 'face3.jpg')
 3 SYSTEMPATH\CodeIgniter.php(499): CodeIgniter\CodeIgniter->runController(Object(App\Controllers\Admin\Usuarios))
 4 SYSTEMPATH\CodeIgniter.php(368): CodeIgniter\CodeIgniter->handleRequest(null, Object(Config\Cache), false)
 5 FCPATH\index.php(67): CodeIgniter\CodeIgniter->run()
 6 SYSTEMPATH\Commands\Server\rewrite.php(47): require_once('FCPATH\\index.php')
INFO - 2023-09-19 00:17:59 --> Session: Class initialized using 'CodeIgniter\Session\Handlers\FileHandler' driver.
CRITICAL - 2023-09-19 00:17:59 --> Argument 1 passed to App\Controllers\Admin\Usuarios::buscaUsuarioOu404() must be of the type int or null, string given, called in C:\xampp\htdocs\food\app\Controllers\Admin\Usuarios.php on line 121
in APPPATH\Controllers\Admin\Usuarios.php on line 250.
 1 APPPATH\Controllers\Admin\Usuarios.php(121): App\Controllers\Admin\Usuarios->buscaUsuarioOu404('images')
 2 SYSTEMPATH\CodeIgniter.php(934): App\Controllers\Admin\Usuarios->editar('images', 'faces', 'face5.jpg')
 3 SYSTEMPATH\CodeIgniter.php(499): CodeIgniter\CodeIgniter->runController(Object(App\Controllers\Admin\Usuarios))
 4 SYSTEMPATH\CodeIgniter.php(368): CodeIgniter\CodeIgniter->handleRequest(null, Object(Config\Cache), false)
 5 FCPATH\index.php(67): CodeIgniter\CodeIgniter->run()
 6 SYSTEMPATH\Commands\Server\rewrite.php(47): require_once('FCPATH\\index.php')
INFO - 2023-09-19 00:17:59 --> Session: Class initialized using 'CodeIgniter\Session\Handlers\FileHandler' driver.
CRITICAL - 2023-09-19 00:17:59 --> Argument 1 passed to App\Controllers\Admin\Usuarios::buscaUsuarioOu404() must be of the type int or null, string given, called in C:\xampp\htdocs\food\app\Controllers\Admin\Usuarios.php on line 121
in APPPATH\Controllers\Admin\Usuarios.php on line 250.
 1 APPPATH\Controllers\Admin\Usuarios.php(121): App\Controllers\Admin\Usuarios->buscaUsuarioOu404('images')
 2 SYSTEMPATH\CodeIgniter.php(934): App\Controllers\Admin\Usuarios->editar('images', 'logo-mini.svg')
 3 SYSTEMPATH\CodeIgniter.php(499): CodeIgniter\CodeIgniter->runController(Object(App\Controllers\Admin\Usuarios))
 4 SYSTEMPATH\CodeIgniter.php(368): CodeIgniter\CodeIgniter->handleRequest(null, Object(Config\Cache), false)
 5 FCPATH\index.php(67): CodeIgniter\CodeIgniter->run()
 6 SYSTEMPATH\Commands\Server\rewrite.php(47): require_once('FCPATH\\index.php')
INFO - 2023-09-19 00:18:00 --> Session: Class initialized using 'CodeIgniter\Session\Handlers\FileHandler' driver.
CRITICAL - 2023-09-19 00:18:00 --> Argument 1 passed to App\Controllers\Admin\Usuarios::buscaUsuarioOu404() must be of the type int or null, string given, called in C:\xampp\htdocs\food\app\Controllers\Admin\Usuarios.php on line 121
in APPPATH\Controllers\Admin\Usuarios.php on line 250.
 1 APPPATH\Controllers\Admin\Usuarios.php(121): App\Controllers\Admin\Usuarios->buscaUsuarioOu404('images')
 2 SYSTEMPATH\CodeIgniter.php(934): App\Controllers\Admin\Usuarios->editar('images', 'logo.svg')
 3 SYSTEMPATH\CodeIgniter.php(499): CodeIgniter\CodeIgniter->runController(Object(App\Controllers\Admin\Usuarios))
 4 SYSTEMPATH\CodeIgniter.php(368): CodeIgniter\CodeIgniter->handleRequest(null, Object(Config\Cache), false)
 5 FCPATH\index.php(67): CodeIgniter\CodeIgniter->run()
 6 SYSTEMPATH\Commands\Server\rewrite.php(47): require_once('FCPATH\\index.php')
INFO - 2023-09-19 00:18:00 --> Session: Class initialized using 'CodeIgniter\Session\Handlers\FileHandler' driver.
CRITICAL - 2023-09-19 00:18:00 --> Argument 1 passed to App\Controllers\Admin\Usuarios::buscaUsuarioOu404() must be of the type int or null, string given, called in C:\xampp\htdocs\food\app\Controllers\Admin\Usuarios.php on line 121
in APPPATH\Controllers\Admin\Usuarios.php on line 250.
 1 APPPATH\Controllers\Admin\Usuarios.php(121): App\Controllers\Admin\Usuarios->buscaUsuarioOu404('images')
 2 SYSTEMPATH\CodeIgniter.php(934): App\Controllers\Admin\Usuarios->editar('images', 'faces', 'face2.jpg')
 3 SYSTEMPATH\CodeIgniter.php(499): CodeIgniter\CodeIgniter->runController(Object(App\Controllers\Admin\Usuarios))
 4 SYSTEMPATH\CodeIgniter.php(368): CodeIgniter\CodeIgniter->handleRequest(null, Object(Config\Cache), false)
 5 FCPATH\index.php(67): CodeIgniter\CodeIgniter->run()
 6 SYSTEMPATH\Commands\Server\rewrite.php(47): require_once('FCPATH\\index.php')
INFO - 2023-09-19 00:18:00 --> Session: Class initialized using 'CodeIgniter\Session\Handlers\FileHandler' driver.
CRITICAL - 2023-09-19 00:18:00 --> Argument 1 passed to App\Controllers\Admin\Usuarios::buscaUsuarioOu404() must be of the type int or null, string given, called in C:\xampp\htdocs\food\app\Controllers\Admin\Usuarios.php on line 121
in APPPATH\Controllers\Admin\Usuarios.php on line 250.
 1 APPPATH\Controllers\Admin\Usuarios.php(121): App\Controllers\Admin\Usuarios->buscaUsuarioOu404('images')
 2 SYSTEMPATH\CodeIgniter.php(934): App\Controllers\Admin\Usuarios->editar('images', 'faces', 'face4.jpg')
 3 SYSTEMPATH\CodeIgniter.php(499): CodeIgniter\CodeIgniter->runController(Object(App\Controllers\Admin\Usuarios))
 4 SYSTEMPATH\CodeIgniter.php(368): CodeIgniter\CodeIgniter->handleRequest(null, Object(Config\Cache), false)
 5 FCPATH\index.php(67): CodeIgniter\CodeIgniter->run()
 6 SYSTEMPATH\Commands\Server\rewrite.php(47): require_once('FCPATH\\index.php')
INFO - 2023-09-19 00:18:02 --> Session: Class initialized using 'CodeIgniter\Session\Handlers\FileHandler' driver.
INFO - 2023-09-19 00:18:02 --> Session: Class initialized using 'CodeIgniter\Session\Handlers\FileHandler' driver.
CRITICAL - 2023-09-19 00:18:02 --> Argument 1 passed to App\Controllers\Admin\Usuarios::buscaUsuarioOu404() must be of the type int or null, string given, called in C:\xampp\htdocs\food\app\Controllers\Admin\Usuarios.php on line 107
in APPPATH\Controllers\Admin\Usuarios.php on line 250.
 1 APPPATH\Controllers\Admin\Usuarios.php(107): App\Controllers\Admin\Usuarios->buscaUsuarioOu404('images')
 2 SYSTEMPATH\CodeIgniter.php(934): App\Controllers\Admin\Usuarios->show('images', 'faces', 'face2.jpg')
 3 SYSTEMPATH\CodeIgniter.php(499): CodeIgniter\CodeIgniter->runController(Object(App\Controllers\Admin\Usuarios))
 4 SYSTEMPATH\CodeIgniter.php(368): CodeIgniter\CodeIgniter->handleRequest(null, Object(Config\Cache), false)
 5 FCPATH\index.php(67): CodeIgniter\CodeIgniter->run()
 6 SYSTEMPATH\Commands\Server\rewrite.php(47): require_once('FCPATH\\index.php')
INFO - 2023-09-19 00:18:02 --> Session: Class initialized using 'CodeIgniter\Session\Handlers\FileHandler' driver.
CRITICAL - 2023-09-19 00:18:02 --> Argument 1 passed to App\Controllers\Admin\Usuarios::buscaUsuarioOu404() must be of the type int or null, string given, called in C:\xampp\htdocs\food\app\Controllers\Admin\Usuarios.php on line 107
in APPPATH\Controllers\Admin\Usuarios.php on line 250.
 1 APPPATH\Controllers\Admin\Usuarios.php(107): App\Controllers\Admin\Usuarios->buscaUsuarioOu404('images')
 2 SYSTEMPATH\CodeIgniter.php(934): App\Controllers\Admin\Usuarios->show('images', 'faces', 'face5.jpg')
 3 SYSTEMPATH\CodeIgniter.php(499): CodeIgniter\CodeIgniter->runController(Object(App\Controllers\Admin\Usuarios))
 4 SYSTEMPATH\CodeIgniter.php(368): CodeIgniter\CodeIgniter->handleRequest(null, Object(Config\Cache), false)
 5 FCPATH\index.php(67): CodeIgniter\CodeIgniter->run()
 6 SYSTEMPATH\Commands\Server\rewrite.php(47): require_once('FCPATH\\index.php')
INFO - 2023-09-19 00:18:02 --> Session: Class initialized using 'CodeIgniter\Session\Handlers\FileHandler' driver.
CRITICAL - 2023-09-19 00:18:02 --> Argument 1 passed to App\Controllers\Admin\Usuarios::buscaUsuarioOu404() must be of the type int or null, string given, called in C:\xampp\htdocs\food\app\Controllers\Admin\Usuarios.php on line 107
in APPPATH\Controllers\Admin\Usuarios.php on line 250.
 1 APPPATH\Controllers\Admin\Usuarios.php(107): App\Controllers\Admin\Usuarios->buscaUsuarioOu404('images')
 2 SYSTEMPATH\CodeIgniter.php(934): App\Controllers\Admin\Usuarios->show('images', 'faces', 'face4.jpg')
 3 SYSTEMPATH\CodeIgniter.php(499): CodeIgniter\CodeIgniter->runController(Object(App\Controllers\Admin\Usuarios))
 4 SYSTEMPATH\CodeIgniter.php(368): CodeIgniter\CodeIgniter->handleRequest(null, Object(Config\Cache), false)
 5 FCPATH\index.php(67): CodeIgniter\CodeIgniter->run()
 6 SYSTEMPATH\Commands\Server\rewrite.php(47): require_once('FCPATH\\index.php')
INFO - 2023-09-19 00:18:02 --> Session: Class initialized using 'CodeIgniter\Session\Handlers\FileHandler' driver.
CRITICAL - 2023-09-19 00:18:02 --> Argument 1 passed to App\Controllers\Admin\Usuarios::buscaUsuarioOu404() must be of the type int or null, string given, called in C:\xampp\htdocs\food\app\Controllers\Admin\Usuarios.php on line 107
in APPPATH\Controllers\Admin\Usuarios.php on line 250.
 1 APPPATH\Controllers\Admin\Usuarios.php(107): App\Controllers\Admin\Usuarios->buscaUsuarioOu404('images')
 2 SYSTEMPATH\CodeIgniter.php(934): App\Controllers\Admin\Usuarios->show('images', 'logo.svg')
 3 SYSTEMPATH\CodeIgniter.php(499): CodeIgniter\CodeIgniter->runController(Object(App\Controllers\Admin\Usuarios))
 4 SYSTEMPATH\CodeIgniter.php(368): CodeIgniter\CodeIgniter->handleRequest(null, Object(Config\Cache), false)
 5 FCPATH\index.php(67): CodeIgniter\CodeIgniter->run()
 6 SYSTEMPATH\Commands\Server\rewrite.php(47): require_once('FCPATH\\index.php')
INFO - 2023-09-19 00:18:03 --> Session: Class initialized using 'CodeIgniter\Session\Handlers\FileHandler' driver.
CRITICAL - 2023-09-19 00:18:03 --> Argument 1 passed to App\Controllers\Admin\Usuarios::buscaUsuarioOu404() must be of the type int or null, string given, called in C:\xampp\htdocs\food\app\Controllers\Admin\Usuarios.php on line 107
in APPPATH\Controllers\Admin\Usuarios.php on line 250.
 1 APPPATH\Controllers\Admin\Usuarios.php(107): App\Controllers\Admin\Usuarios->buscaUsuarioOu404('images')
 2 SYSTEMPATH\CodeIgniter.php(934): App\Controllers\Admin\Usuarios->show('images', 'faces', 'face3.jpg')
 3 SYSTEMPATH\CodeIgniter.php(499): CodeIgniter\CodeIgniter->runController(Object(App\Controllers\Admin\Usuarios))
 4 SYSTEMPATH\CodeIgniter.php(368): CodeIgniter\CodeIgniter->handleRequest(null, Object(Config\Cache), false)
 5 FCPATH\index.php(67): CodeIgniter\CodeIgniter->run()
 6 SYSTEMPATH\Commands\Server\rewrite.php(47): require_once('FCPATH\\index.php')
INFO - 2023-09-19 00:18:03 --> Session: Class initialized using 'CodeIgniter\Session\Handlers\FileHandler' driver.
CRITICAL - 2023-09-19 00:18:03 --> Argument 1 passed to App\Controllers\Admin\Usuarios::buscaUsuarioOu404() must be of the type int or null, string given, called in C:\xampp\htdocs\food\app\Controllers\Admin\Usuarios.php on line 107
in APPPATH\Controllers\Admin\Usuarios.php on line 250.
 1 APPPATH\Controllers\Admin\Usuarios.php(107): App\Controllers\Admin\Usuarios->buscaUsuarioOu404('images')
 2 SYSTEMPATH\CodeIgniter.php(934): App\Controllers\Admin\Usuarios->show('images', 'logo-mini.svg')
 3 SYSTEMPATH\CodeIgniter.php(499): CodeIgniter\CodeIgniter->runController(Object(App\Controllers\Admin\Usuarios))
 4 SYSTEMPATH\CodeIgniter.php(368): CodeIgniter\CodeIgniter->handleRequest(null, Object(Config\Cache), false)
 5 FCPATH\index.php(67): CodeIgniter\CodeIgniter->run()
 6 SYSTEMPATH\Commands\Server\rewrite.php(47): require_once('FCPATH\\index.php')
INFO - 2023-09-19 00:18:05 --> Session: Class initialized using 'CodeIgniter\Session\Handlers\FileHandler' driver.
INFO - 2023-09-19 00:18:10 --> Session: Class initialized using 'CodeIgniter\Session\Handlers\FileHandler' driver.
INFO - 2023-09-19 00:18:14 --> Session: Class initialized using 'CodeIgniter\Session\Handlers\FileHandler' driver.
INFO - 2023-09-19 01:17:19 --> Session: Class initialized using 'CodeIgniter\Session\Handlers\FileHandler' driver.
INFO - 2023-09-19 01:17:30 --> Session: Class initialized using 'CodeIgniter\Session\Handlers\FileHandler' driver.
INFO - 2023-09-19 01:17:30 --> Session: Class initialized using 'CodeIgniter\Session\Handlers\FileHandler' driver.
CRITICAL - 2023-09-19 01:17:30 --> Argument 1 passed to App\Controllers\Admin\Usuarios::buscaUsuarioOu404() must be of the type int or null, string given, called in C:\xampp\htdocs\food\app\Controllers\Admin\Usuarios.php on line 107
in APPPATH\Controllers\Admin\Usuarios.php on line 250.
 1 APPPATH\Controllers\Admin\Usuarios.php(107): App\Controllers\Admin\Usuarios->buscaUsuarioOu404('images')
 2 SYSTEMPATH\CodeIgniter.php(934): App\Controllers\Admin\Usuarios->show('images', 'faces', 'face4.jpg')
 3 SYSTEMPATH\CodeIgniter.php(499): CodeIgniter\CodeIgniter->runController(Object(App\Controllers\Admin\Usuarios))
 4 SYSTEMPATH\CodeIgniter.php(368): CodeIgniter\CodeIgniter->handleRequest(null, Object(Config\Cache), false)
 5 FCPATH\index.php(67): CodeIgniter\CodeIgniter->run()
 6 SYSTEMPATH\Commands\Server\rewrite.php(47): require_once('FCPATH\\index.php')
INFO - 2023-09-19 01:17:30 --> Session: Class initialized using 'CodeIgniter\Session\Handlers\FileHandler' driver.
CRITICAL - 2023-09-19 01:17:30 --> Argument 1 passed to App\Controllers\Admin\Usuarios::buscaUsuarioOu404() must be of the type int or null, string given, called in C:\xampp\htdocs\food\app\Controllers\Admin\Usuarios.php on line 107
in APPPATH\Controllers\Admin\Usuarios.php on line 250.
 1 APPPATH\Controllers\Admin\Usuarios.php(107): App\Controllers\Admin\Usuarios->buscaUsuarioOu404('images')
 2 SYSTEMPATH\CodeIgniter.php(934): App\Controllers\Admin\Usuarios->show('images', 'logo.svg')
 3 SYSTEMPATH\CodeIgniter.php(499): CodeIgniter\CodeIgniter->runController(Object(App\Controllers\Admin\Usuarios))
 4 SYSTEMPATH\CodeIgniter.php(368): CodeIgniter\CodeIgniter->handleRequest(null, Object(Config\Cache), false)
 5 FCPATH\index.php(67): CodeIgniter\CodeIgniter->run()
 6 SYSTEMPATH\Commands\Server\rewrite.php(47): require_once('FCPATH\\index.php')
INFO - 2023-09-19 01:17:31 --> Session: Class initialized using 'CodeIgniter\Session\Handlers\FileHandler' driver.
CRITICAL - 2023-09-19 01:17:31 --> Argument 1 passed to App\Controllers\Admin\Usuarios::buscaUsuarioOu404() must be of the type int or null, string given, called in C:\xampp\htdocs\food\app\Controllers\Admin\Usuarios.php on line 107
in APPPATH\Controllers\Admin\Usuarios.php on line 250.
 1 APPPATH\Controllers\Admin\Usuarios.php(107): App\Controllers\Admin\Usuarios->buscaUsuarioOu404('images')
 2 SYSTEMPATH\CodeIgniter.php(934): App\Controllers\Admin\Usuarios->show('images', 'logo-mini.svg')
 3 SYSTEMPATH\CodeIgniter.php(499): CodeIgniter\CodeIgniter->runController(Object(App\Controllers\Admin\Usuarios))
 4 SYSTEMPATH\CodeIgniter.php(368): CodeIgniter\CodeIgniter->handleRequest(null, Object(Config\Cache), false)
 5 FCPATH\index.php(67): CodeIgniter\CodeIgniter->run()
 6 SYSTEMPATH\Commands\Server\rewrite.php(47): require_once('FCPATH\\index.php')
INFO - 2023-09-19 01:17:31 --> Session: Class initialized using 'CodeIgniter\Session\Handlers\FileHandler' driver.
CRITICAL - 2023-09-19 01:17:31 --> Argument 1 passed to App\Controllers\Admin\Usuarios::buscaUsuarioOu404() must be of the type int or null, string given, called in C:\xampp\htdocs\food\app\Controllers\Admin\Usuarios.php on line 107
in APPPATH\Controllers\Admin\Usuarios.php on line 250.
 1 APPPATH\Controllers\Admin\Usuarios.php(107): App\Controllers\Admin\Usuarios->buscaUsuarioOu404('images')
 2 SYSTEMPATH\CodeIgniter.php(934): App\Controllers\Admin\Usuarios->show('images', 'faces', 'face2.jpg')
 3 SYSTEMPATH\CodeIgniter.php(499): CodeIgniter\CodeIgniter->runController(Object(App\Controllers\Admin\Usuarios))
 4 SYSTEMPATH\CodeIgniter.php(368): CodeIgniter\CodeIgniter->handleRequest(null, Object(Config\Cache), false)
 5 FCPATH\index.php(67): CodeIgniter\CodeIgniter->run()
 6 SYSTEMPATH\Commands\Server\rewrite.php(47): require_once('FCPATH\\index.php')
INFO - 2023-09-19 01:17:31 --> Session: Class initialized using 'CodeIgniter\Session\Handlers\FileHandler' driver.
CRITICAL - 2023-09-19 01:17:31 --> Argument 1 passed to App\Controllers\Admin\Usuarios::buscaUsuarioOu404() must be of the type int or null, string given, called in C:\xampp\htdocs\food\app\Controllers\Admin\Usuarios.php on line 107
in APPPATH\Controllers\Admin\Usuarios.php on line 250.
 1 APPPATH\Controllers\Admin\Usuarios.php(107): App\Controllers\Admin\Usuarios->buscaUsuarioOu404('images')
 2 SYSTEMPATH\CodeIgniter.php(934): App\Controllers\Admin\Usuarios->show('images', 'faces', 'face5.jpg')
 3 SYSTEMPATH\CodeIgniter.php(499): CodeIgniter\CodeIgniter->runController(Object(App\Controllers\Admin\Usuarios))
 4 SYSTEMPATH\CodeIgniter.php(368): CodeIgniter\CodeIgniter->handleRequest(null, Object(Config\Cache), false)
 5 FCPATH\index.php(67): CodeIgniter\CodeIgniter->run()
 6 SYSTEMPATH\Commands\Server\rewrite.php(47): require_once('FCPATH\\index.php')
INFO - 2023-09-19 01:17:31 --> Session: Class initialized using 'CodeIgniter\Session\Handlers\FileHandler' driver.
CRITICAL - 2023-09-19 01:17:31 --> Argument 1 passed to App\Controllers\Admin\Usuarios::buscaUsuarioOu404() must be of the type int or null, string given, called in C:\xampp\htdocs\food\app\Controllers\Admin\Usuarios.php on line 107
in APPPATH\Controllers\Admin\Usuarios.php on line 250.
 1 APPPATH\Controllers\Admin\Usuarios.php(107): App\Controllers\Admin\Usuarios->buscaUsuarioOu404('images')
 2 SYSTEMPATH\CodeIgniter.php(934): App\Controllers\Admin\Usuarios->show('images', 'faces', 'face3.jpg')
 3 SYSTEMPATH\CodeIgniter.php(499): CodeIgniter\CodeIgniter->runController(Object(App\Controllers\Admin\Usuarios))
 4 SYSTEMPATH\CodeIgniter.php(368): CodeIgniter\CodeIgniter->handleRequest(null, Object(Config\Cache), false)
 5 FCPATH\index.php(67): CodeIgniter\CodeIgniter->run()
 6 SYSTEMPATH\Commands\Server\rewrite.php(47): require_once('FCPATH\\index.php')
INFO - 2023-09-19 01:17:32 --> Session: Class initialized using 'CodeIgniter\Session\Handlers\FileHandler' driver.
INFO - 2023-09-19 01:17:33 --> Session: Class initialized using 'CodeIgniter\Session\Handlers\FileHandler' driver.
CRITICAL - 2023-09-19 01:17:33 --> Argument 1 passed to App\Controllers\Admin\Usuarios::buscaUsuarioOu404() must be of the type int or null, string given, called in C:\xampp\htdocs\food\app\Controllers\Admin\Usuarios.php on line 121
in APPPATH\Controllers\Admin\Usuarios.php on line 250.
 1 APPPATH\Controllers\Admin\Usuarios.php(121): App\Controllers\Admin\Usuarios->buscaUsuarioOu404('images')
 2 SYSTEMPATH\CodeIgniter.php(934): App\Controllers\Admin\Usuarios->editar('images', 'faces', 'face2.jpg')
 3 SYSTEMPATH\CodeIgniter.php(499): CodeIgniter\CodeIgniter->runController(Object(App\Controllers\Admin\Usuarios))
 4 SYSTEMPATH\CodeIgniter.php(368): CodeIgniter\CodeIgniter->handleRequest(null, Object(Config\Cache), false)
 5 FCPATH\index.php(67): CodeIgniter\CodeIgniter->run()
 6 SYSTEMPATH\Commands\Server\rewrite.php(47): require_once('FCPATH\\index.php')
INFO - 2023-09-19 01:17:33 --> Session: Class initialized using 'CodeIgniter\Session\Handlers\FileHandler' driver.
CRITICAL - 2023-09-19 01:17:33 --> Argument 1 passed to App\Controllers\Admin\Usuarios::buscaUsuarioOu404() must be of the type int or null, string given, called in C:\xampp\htdocs\food\app\Controllers\Admin\Usuarios.php on line 121
in APPPATH\Controllers\Admin\Usuarios.php on line 250.
 1 APPPATH\Controllers\Admin\Usuarios.php(121): App\Controllers\Admin\Usuarios->buscaUsuarioOu404('images')
 2 SYSTEMPATH\CodeIgniter.php(934): App\Controllers\Admin\Usuarios->editar('images', 'faces', 'face5.jpg')
 3 SYSTEMPATH\CodeIgniter.php(499): CodeIgniter\CodeIgniter->runController(Object(App\Controllers\Admin\Usuarios))
 4 SYSTEMPATH\CodeIgniter.php(368): CodeIgniter\CodeIgniter->handleRequest(null, Object(Config\Cache), false)
 5 FCPATH\index.php(67): CodeIgniter\CodeIgniter->run()
 6 SYSTEMPATH\Commands\Server\rewrite.php(47): require_once('FCPATH\\index.php')
INFO - 2023-09-19 01:17:33 --> Session: Class initialized using 'CodeIgniter\Session\Handlers\FileHandler' driver.
CRITICAL - 2023-09-19 01:17:33 --> Argument 1 passed to App\Controllers\Admin\Usuarios::buscaUsuarioOu404() must be of the type int or null, string given, called in C:\xampp\htdocs\food\app\Controllers\Admin\Usuarios.php on line 121
in APPPATH\Controllers\Admin\Usuarios.php on line 250.
 1 APPPATH\Controllers\Admin\Usuarios.php(121): App\Controllers\Admin\Usuarios->buscaUsuarioOu404('images')
 2 SYSTEMPATH\CodeIgniter.php(934): App\Controllers\Admin\Usuarios->editar('images', 'faces', 'face4.jpg')
 3 SYSTEMPATH\CodeIgniter.php(499): CodeIgniter\CodeIgniter->runController(Object(App\Controllers\Admin\Usuarios))
 4 SYSTEMPATH\CodeIgniter.php(368): CodeIgniter\CodeIgniter->handleRequest(null, Object(Config\Cache), false)
 5 FCPATH\index.php(67): CodeIgniter\CodeIgniter->run()
 6 SYSTEMPATH\Commands\Server\rewrite.php(47): require_once('FCPATH\\index.php')
INFO - 2023-09-19 01:17:33 --> Session: Class initialized using 'CodeIgniter\Session\Handlers\FileHandler' driver.
CRITICAL - 2023-09-19 01:17:33 --> Argument 1 passed to App\Controllers\Admin\Usuarios::buscaUsuarioOu404() must be of the type int or null, string given, called in C:\xampp\htdocs\food\app\Controllers\Admin\Usuarios.php on line 121
in APPPATH\Controllers\Admin\Usuarios.php on line 250.
 1 APPPATH\Controllers\Admin\Usuarios.php(121): App\Controllers\Admin\Usuarios->buscaUsuarioOu404('images')
 2 SYSTEMPATH\CodeIgniter.php(934): App\Controllers\Admin\Usuarios->editar('images', 'logo.svg')
 3 SYSTEMPATH\CodeIgniter.php(499): CodeIgniter\CodeIgniter->runController(Object(App\Controllers\Admin\Usuarios))
 4 SYSTEMPATH\CodeIgniter.php(368): CodeIgniter\CodeIgniter->handleRequest(null, Object(Config\Cache), false)
 5 FCPATH\index.php(67): CodeIgniter\CodeIgniter->run()
 6 SYSTEMPATH\Commands\Server\rewrite.php(47): require_once('FCPATH\\index.php')
INFO - 2023-09-19 01:17:33 --> Session: Class initialized using 'CodeIgniter\Session\Handlers\FileHandler' driver.
CRITICAL - 2023-09-19 01:17:33 --> Argument 1 passed to App\Controllers\Admin\Usuarios::buscaUsuarioOu404() must be of the type int or null, string given, called in C:\xampp\htdocs\food\app\Controllers\Admin\Usuarios.php on line 121
in APPPATH\Controllers\Admin\Usuarios.php on line 250.
 1 APPPATH\Controllers\Admin\Usuarios.php(121): App\Controllers\Admin\Usuarios->buscaUsuarioOu404('images')
 2 SYSTEMPATH\CodeIgniter.php(934): App\Controllers\Admin\Usuarios->editar('images', 'faces', 'face3.jpg')
 3 SYSTEMPATH\CodeIgniter.php(499): CodeIgniter\CodeIgniter->runController(Object(App\Controllers\Admin\Usuarios))
 4 SYSTEMPATH\CodeIgniter.php(368): CodeIgniter\CodeIgniter->handleRequest(null, Object(Config\Cache), false)
 5 FCPATH\index.php(67): CodeIgniter\CodeIgniter->run()
 6 SYSTEMPATH\Commands\Server\rewrite.php(47): require_once('FCPATH\\index.php')
INFO - 2023-09-19 01:17:33 --> Session: Class initialized using 'CodeIgniter\Session\Handlers\FileHandler' driver.
CRITICAL - 2023-09-19 01:17:33 --> Argument 1 passed to App\Controllers\Admin\Usuarios::buscaUsuarioOu404() must be of the type int or null, string given, called in C:\xampp\htdocs\food\app\Controllers\Admin\Usuarios.php on line 121
in APPPATH\Controllers\Admin\Usuarios.php on line 250.
 1 APPPATH\Controllers\Admin\Usuarios.php(121): App\Controllers\Admin\Usuarios->buscaUsuarioOu404('images')
 2 SYSTEMPATH\CodeIgniter.php(934): App\Controllers\Admin\Usuarios->editar('images', 'logo-mini.svg')
 3 SYSTEMPATH\CodeIgniter.php(499): CodeIgniter\CodeIgniter->runController(Object(App\Controllers\Admin\Usuarios))
 4 SYSTEMPATH\CodeIgniter.php(368): CodeIgniter\CodeIgniter->handleRequest(null, Object(Config\Cache), false)
 5 FCPATH\index.php(67): CodeIgniter\CodeIgniter->run()
 6 SYSTEMPATH\Commands\Server\rewrite.php(47): require_once('FCPATH\\index.php')
INFO - 2023-09-19 01:17:38 --> Session: Class initialized using 'CodeIgniter\Session\Handlers\FileHandler' driver.
INFO - 2023-09-19 01:17:39 --> Session: Class initialized using 'CodeIgniter\Session\Handlers\FileHandler' driver.
CRITICAL - 2023-09-19 01:17:39 --> Argument 1 passed to App\Controllers\Admin\Usuarios::buscaUsuarioOu404() must be of the type int or null, string given, called in C:\xampp\htdocs\food\app\Controllers\Admin\Usuarios.php on line 107
in APPPATH\Controllers\Admin\Usuarios.php on line 250.
 1 APPPATH\Controllers\Admin\Usuarios.php(107): App\Controllers\Admin\Usuarios->buscaUsuarioOu404('images')
 2 SYSTEMPATH\CodeIgniter.php(934): App\Controllers\Admin\Usuarios->show('images', 'faces', 'face4.jpg')
 3 SYSTEMPATH\CodeIgniter.php(499): CodeIgniter\CodeIgniter->runController(Object(App\Controllers\Admin\Usuarios))
 4 SYSTEMPATH\CodeIgniter.php(368): CodeIgniter\CodeIgniter->handleRequest(null, Object(Config\Cache), false)
 5 FCPATH\index.php(67): CodeIgniter\CodeIgniter->run()
 6 SYSTEMPATH\Commands\Server\rewrite.php(47): require_once('FCPATH\\index.php')
INFO - 2023-09-19 01:17:39 --> Session: Class initialized using 'CodeIgniter\Session\Handlers\FileHandler' driver.
CRITICAL - 2023-09-19 01:17:39 --> Argument 1 passed to App\Controllers\Admin\Usuarios::buscaUsuarioOu404() must be of the type int or null, string given, called in C:\xampp\htdocs\food\app\Controllers\Admin\Usuarios.php on line 107
in APPPATH\Controllers\Admin\Usuarios.php on line 250.
 1 APPPATH\Controllers\Admin\Usuarios.php(107): App\Controllers\Admin\Usuarios->buscaUsuarioOu404('images')
 2 SYSTEMPATH\CodeIgniter.php(934): App\Controllers\Admin\Usuarios->show('images', 'logo.svg')
 3 SYSTEMPATH\CodeIgniter.php(499): CodeIgniter\CodeIgniter->runController(Object(App\Controllers\Admin\Usuarios))
 4 SYSTEMPATH\CodeIgniter.php(368): CodeIgniter\CodeIgniter->handleRequest(null, Object(Config\Cache), false)
 5 FCPATH\index.php(67): CodeIgniter\CodeIgniter->run()
 6 SYSTEMPATH\Commands\Server\rewrite.php(47): require_once('FCPATH\\index.php')
INFO - 2023-09-19 01:17:39 --> Session: Class initialized using 'CodeIgniter\Session\Handlers\FileHandler' driver.
CRITICAL - 2023-09-19 01:17:40 --> Argument 1 passed to App\Controllers\Admin\Usuarios::buscaUsuarioOu404() must be of the type int or null, string given, called in C:\xampp\htdocs\food\app\Controllers\Admin\Usuarios.php on line 107
in APPPATH\Controllers\Admin\Usuarios.php on line 250.
 1 APPPATH\Controllers\Admin\Usuarios.php(107): App\Controllers\Admin\Usuarios->buscaUsuarioOu404('images')
 2 SYSTEMPATH\CodeIgniter.php(934): App\Controllers\Admin\Usuarios->show('images', 'faces', 'face3.jpg')
 3 SYSTEMPATH\CodeIgniter.php(499): CodeIgniter\CodeIgniter->runController(Object(App\Controllers\Admin\Usuarios))
 4 SYSTEMPATH\CodeIgniter.php(368): CodeIgniter\CodeIgniter->handleRequest(null, Object(Config\Cache), false)
 5 FCPATH\index.php(67): CodeIgniter\CodeIgniter->run()
 6 SYSTEMPATH\Commands\Server\rewrite.php(47): require_once('FCPATH\\index.php')
INFO - 2023-09-19 01:17:40 --> Session: Class initialized using 'CodeIgniter\Session\Handlers\FileHandler' driver.
CRITICAL - 2023-09-19 01:17:40 --> Argument 1 passed to App\Controllers\Admin\Usuarios::buscaUsuarioOu404() must be of the type int or null, string given, called in C:\xampp\htdocs\food\app\Controllers\Admin\Usuarios.php on line 107
in APPPATH\Controllers\Admin\Usuarios.php on line 250.
 1 APPPATH\Controllers\Admin\Usuarios.php(107): App\Controllers\Admin\Usuarios->buscaUsuarioOu404('images')
 2 SYSTEMPATH\CodeIgniter.php(934): App\Controllers\Admin\Usuarios->show('images', 'faces', 'face5.jpg')
 3 SYSTEMPATH\CodeIgniter.php(499): CodeIgniter\CodeIgniter->runController(Object(App\Controllers\Admin\Usuarios))
 4 SYSTEMPATH\CodeIgniter.php(368): CodeIgniter\CodeIgniter->handleRequest(null, Object(Config\Cache), false)
 5 FCPATH\index.php(67): CodeIgniter\CodeIgniter->run()
 6 SYSTEMPATH\Commands\Server\rewrite.php(47): require_once('FCPATH\\index.php')
INFO - 2023-09-19 01:17:41 --> Session: Class initialized using 'CodeIgniter\Session\Handlers\FileHandler' driver.
CRITICAL - 2023-09-19 01:17:41 --> Argument 1 passed to App\Controllers\Admin\Usuarios::buscaUsuarioOu404() must be of the type int or null, string given, called in C:\xampp\htdocs\food\app\Controllers\Admin\Usuarios.php on line 107
in APPPATH\Controllers\Admin\Usuarios.php on line 250.
 1 APPPATH\Controllers\Admin\Usuarios.php(107): App\Controllers\Admin\Usuarios->buscaUsuarioOu404('images')
 2 SYSTEMPATH\CodeIgniter.php(934): App\Controllers\Admin\Usuarios->show('images', 'faces', 'face2.jpg')
 3 SYSTEMPATH\CodeIgniter.php(499): CodeIgniter\CodeIgniter->runController(Object(App\Controllers\Admin\Usuarios))
 4 SYSTEMPATH\CodeIgniter.php(368): CodeIgniter\CodeIgniter->handleRequest(null, Object(Config\Cache), false)
 5 FCPATH\index.php(67): CodeIgniter\CodeIgniter->run()
 6 SYSTEMPATH\Commands\Server\rewrite.php(47): require_once('FCPATH\\index.php')
INFO - 2023-09-19 01:17:41 --> Session: Class initialized using 'CodeIgniter\Session\Handlers\FileHandler' driver.
CRITICAL - 2023-09-19 01:17:41 --> Argument 1 passed to App\Controllers\Admin\Usuarios::buscaUsuarioOu404() must be of the type int or null, string given, called in C:\xampp\htdocs\food\app\Controllers\Admin\Usuarios.php on line 107
in APPPATH\Controllers\Admin\Usuarios.php on line 250.
 1 APPPATH\Controllers\Admin\Usuarios.php(107): App\Controllers\Admin\Usuarios->buscaUsuarioOu404('images')
 2 SYSTEMPATH\CodeIgniter.php(934): App\Controllers\Admin\Usuarios->show('images', 'logo-mini.svg')
 3 SYSTEMPATH\CodeIgniter.php(499): CodeIgniter\CodeIgniter->runController(Object(App\Controllers\Admin\Usuarios))
 4 SYSTEMPATH\CodeIgniter.php(368): CodeIgniter\CodeIgniter->handleRequest(null, Object(Config\Cache), false)
 5 FCPATH\index.php(67): CodeIgniter\CodeIgniter->run()
 6 SYSTEMPATH\Commands\Server\rewrite.php(47): require_once('FCPATH\\index.php')
INFO - 2023-09-19 01:17:42 --> Session: Class initialized using 'CodeIgniter\Session\Handlers\FileHandler' driver.
INFO - 2023-09-19 01:17:46 --> Session: Class initialized using 'CodeIgniter\Session\Handlers\FileHandler' driver.
INFO - 2023-09-19 01:18:47 --> Session: Class initialized using 'CodeIgniter\Session\Handlers\FileHandler' driver.
INFO - 2023-09-19 01:18:56 --> Session: Class initialized using 'CodeIgniter\Session\Handlers\FileHandler' driver.
