INFO - 2023-06-01 02:53:54 --> Session: Class initialized using 'CodeIgniter\Session\Handlers\FileHandler' driver.
INFO - 2023-06-01 02:53:54 --> Session: Class initialized using 'CodeIgniter\Session\Handlers\FileHandler' driver.
INFO - 2023-06-01 02:54:02 --> CSRF token verified.
CRITICAL - 2023-06-01 02:54:02 --> Call to undefined method App\Models\UsuarioModel::wthere
in SYSTEMPATH\Model.php on line 842.
 1 APPPATH\Models\UsuarioModel.php(103): CodeIgniter\Model->__call('wthere', [...])
 2 APPPATH\Libraries\Autenticacao.php(17): App\Models\UsuarioModel->buscaUsuarioPorEmail('admin@admin.com')
 3 APPPATH\Controllers\Login.php(30): App\Libraries\Autenticacao->login('admin@admin.com', '123')
 4 SYSTEMPATH\CodeIgniter.php(934): App\Controllers\Login->criar()
 5 SYSTEMPATH\CodeIgniter.php(499): CodeIgniter\CodeIgniter->runController(Object(App\Controllers\Login))
 6 SYSTEMPATH\CodeIgniter.php(368): CodeIgniter\CodeIgniter->handleRequest(null, Object(Config\Cache), false)
 7 FCPATH\index.php(67): CodeIgniter\CodeIgniter->run()
 8 SYSTEMPATH\Commands\Server\rewrite.php(47): require_once('FCPATH\\index.php')
INFO - 2023-06-01 03:11:08 --> CSRF token verified.
CRITICAL - 2023-06-01 03:11:08 --> Call to undefined method App\Models\UsuarioModel::wthere
in SYSTEMPATH\Model.php on line 842.
 1 APPPATH\Models\UsuarioModel.php(103): CodeIgniter\Model->__call('wthere', [...])
 2 APPPATH\Libraries\Autenticacao.php(17): App\Models\UsuarioModel->buscaUsuarioPorEmail('admin@admin.com')
 3 APPPATH\Controllers\Login.php(30): App\Libraries\Autenticacao->login('admin@admin.com', '123')
 4 SYSTEMPATH\CodeIgniter.php(934): App\Controllers\Login->criar()
 5 SYSTEMPATH\CodeIgniter.php(499): CodeIgniter\CodeIgniter->runController(Object(App\Controllers\Login))
 6 SYSTEMPATH\CodeIgniter.php(368): CodeIgniter\CodeIgniter->handleRequest(null, Object(Config\Cache), false)
 7 FCPATH\index.php(67): CodeIgniter\CodeIgniter->run()
 8 SYSTEMPATH\Commands\Server\rewrite.php(47): require_once('FCPATH\\index.php')
INFO - 2023-06-01 03:11:32 --> CSRF token verified.
CRITICAL - 2023-06-01 03:11:32 --> Call to undefined method App\Models\UsuarioModel::wthere
in SYSTEMPATH\Model.php on line 842.
 1 APPPATH\Models\UsuarioModel.php(103): CodeIgniter\Model->__call('wthere', [...])
 2 APPPATH\Libraries\Autenticacao.php(17): App\Models\UsuarioModel->buscaUsuarioPorEmail('admin@admin.com')
 3 APPPATH\Controllers\Login.php(30): App\Libraries\Autenticacao->login('admin@admin.com', '123')
 4 SYSTEMPATH\CodeIgniter.php(934): App\Controllers\Login->criar()
 5 SYSTEMPATH\CodeIgniter.php(499): CodeIgniter\CodeIgniter->runController(Object(App\Controllers\Login))
 6 SYSTEMPATH\CodeIgniter.php(368): CodeIgniter\CodeIgniter->handleRequest(null, Object(Config\Cache), false)
 7 FCPATH\index.php(67): CodeIgniter\CodeIgniter->run()
 8 SYSTEMPATH\Commands\Server\rewrite.php(47): require_once('FCPATH\\index.php')
INFO - 2023-06-01 03:37:35 --> CSRF token verified.
CRITICAL - 2023-06-01 03:37:35 --> Call to undefined method App\Models\UsuarioModel::wthere
in SYSTEMPATH\Model.php on line 842.
 1 APPPATH\Models\UsuarioModel.php(103): CodeIgniter\Model->__call('wthere', [...])
 2 APPPATH\Libraries\Autenticacao.php(17): App\Models\UsuarioModel->buscaUsuarioPorEmail('admin@admin.com')
 3 APPPATH\Controllers\Login.php(30): App\Libraries\Autenticacao->login('admin@admin.com', '123')
 4 SYSTEMPATH\CodeIgniter.php(934): App\Controllers\Login->criar()
 5 SYSTEMPATH\CodeIgniter.php(499): CodeIgniter\CodeIgniter->runController(Object(App\Controllers\Login))
 6 SYSTEMPATH\CodeIgniter.php(368): CodeIgniter\CodeIgniter->handleRequest(null, Object(Config\Cache), false)
 7 FCPATH\index.php(67): CodeIgniter\CodeIgniter->run()
 8 SYSTEMPATH\Commands\Server\rewrite.php(47): require_once('FCPATH\\index.php')
INFO - 2023-06-01 03:37:44 --> CSRF token verified.
CRITICAL - 2023-06-01 03:37:44 --> Call to undefined method App\Models\UsuarioModel::wthere
in SYSTEMPATH\Model.php on line 842.
 1 APPPATH\Models\UsuarioModel.php(103): CodeIgniter\Model->__call('wthere', [...])
 2 APPPATH\Libraries\Autenticacao.php(17): App\Models\UsuarioModel->buscaUsuarioPorEmail('admin@admin.com')
 3 APPPATH\Controllers\Login.php(30): App\Libraries\Autenticacao->login('admin@admin.com', '123')
 4 SYSTEMPATH\CodeIgniter.php(934): App\Controllers\Login->criar()
 5 SYSTEMPATH\CodeIgniter.php(499): CodeIgniter\CodeIgniter->runController(Object(App\Controllers\Login))
 6 SYSTEMPATH\CodeIgniter.php(368): CodeIgniter\CodeIgniter->handleRequest(null, Object(Config\Cache), false)
 7 FCPATH\index.php(67): CodeIgniter\CodeIgniter->run()
 8 SYSTEMPATH\Commands\Server\rewrite.php(47): require_once('FCPATH\\index.php')
INFO - 2023-06-01 03:47:28 --> CSRF token verified.
CRITICAL - 2023-06-01 03:47:28 --> Call to undefined method App\Models\UsuarioModel::wthere
in SYSTEMPATH\Model.php on line 842.
 1 APPPATH\Models\UsuarioModel.php(103): CodeIgniter\Model->__call('wthere', [...])
 2 APPPATH\Libraries\Autenticacao.php(17): App\Models\UsuarioModel->buscaUsuarioPorEmail('admin@admin.com')
 3 APPPATH\Controllers\Login.php(30): App\Libraries\Autenticacao->login('admin@admin.com', '123')
 4 SYSTEMPATH\CodeIgniter.php(934): App\Controllers\Login->criar()
 5 SYSTEMPATH\CodeIgniter.php(499): CodeIgniter\CodeIgniter->runController(Object(App\Controllers\Login))
 6 SYSTEMPATH\CodeIgniter.php(368): CodeIgniter\CodeIgniter->handleRequest(null, Object(Config\Cache), false)
 7 FCPATH\index.php(67): CodeIgniter\CodeIgniter->run()
 8 SYSTEMPATH\Commands\Server\rewrite.php(47): require_once('FCPATH\\index.php')
INFO - 2023-06-01 03:47:42 --> CSRF token verified.
CRITICAL - 2023-06-01 03:47:42 --> Call to undefined method App\Models\UsuarioModel::wthere
in SYSTEMPATH\Model.php on line 842.
 1 APPPATH\Models\UsuarioModel.php(103): CodeIgniter\Model->__call('wthere', [...])
 2 APPPATH\Libraries\Autenticacao.php(17): App\Models\UsuarioModel->buscaUsuarioPorEmail('admin@admin.com')
 3 APPPATH\Controllers\Login.php(30): App\Libraries\Autenticacao->login('admin@admin.com', '123')
 4 SYSTEMPATH\CodeIgniter.php(934): App\Controllers\Login->criar()
 5 SYSTEMPATH\CodeIgniter.php(499): CodeIgniter\CodeIgniter->runController(Object(App\Controllers\Login))
 6 SYSTEMPATH\CodeIgniter.php(368): CodeIgniter\CodeIgniter->handleRequest(null, Object(Config\Cache), false)
 7 FCPATH\index.php(67): CodeIgniter\CodeIgniter->run()
 8 SYSTEMPATH\Commands\Server\rewrite.php(47): require_once('FCPATH\\index.php')
INFO - 2023-06-01 03:47:43 --> Session: Class initialized using 'CodeIgniter\Session\Handlers\FileHandler' driver.
INFO - 2023-06-01 03:47:46 --> Session: Class initialized using 'CodeIgniter\Session\Handlers\FileHandler' driver.
INFO - 2023-06-01 03:47:49 --> Session: Class initialized using 'CodeIgniter\Session\Handlers\FileHandler' driver.
INFO - 2023-06-01 03:47:50 --> Session: Class initialized using 'CodeIgniter\Session\Handlers\FileHandler' driver.
INFO - 2023-06-01 03:48:44 --> Session: Class initialized using 'CodeIgniter\Session\Handlers\FileHandler' driver.
INFO - 2023-06-01 03:48:56 --> CSRF token verified.
CRITICAL - 2023-06-01 03:48:56 --> Call to undefined method App\Models\UsuarioModel::wthere
in SYSTEMPATH\Model.php on line 842.
 1 APPPATH\Models\UsuarioModel.php(103): CodeIgniter\Model->__call('wthere', [...])
 2 APPPATH\Libraries\Autenticacao.php(17): App\Models\UsuarioModel->buscaUsuarioPorEmail('admin@admin.com')
 3 APPPATH\Controllers\Login.php(30): App\Libraries\Autenticacao->login('admin@admin.com', '123')
 4 SYSTEMPATH\CodeIgniter.php(934): App\Controllers\Login->criar()
 5 SYSTEMPATH\CodeIgniter.php(499): CodeIgniter\CodeIgniter->runController(Object(App\Controllers\Login))
 6 SYSTEMPATH\CodeIgniter.php(368): CodeIgniter\CodeIgniter->handleRequest(null, Object(Config\Cache), false)
 7 FCPATH\index.php(67): CodeIgniter\CodeIgniter->run()
 8 SYSTEMPATH\Commands\Server\rewrite.php(47): require_once('FCPATH\\index.php')
INFO - 2023-06-01 04:01:57 --> CSRF token verified.
CRITICAL - 2023-06-01 04:01:57 --> Call to undefined method App\Models\UsuarioModel::wthere
in SYSTEMPATH\Model.php on line 842.
 1 APPPATH\Models\UsuarioModel.php(103): CodeIgniter\Model->__call('wthere', [...])
 2 APPPATH\Libraries\Autenticacao.php(17): App\Models\UsuarioModel->buscaUsuarioPorEmail('admin@admin.com')
 3 APPPATH\Controllers\Login.php(30): App\Libraries\Autenticacao->login('admin@admin.com', '123')
 4 SYSTEMPATH\CodeIgniter.php(934): App\Controllers\Login->criar()
 5 SYSTEMPATH\CodeIgniter.php(499): CodeIgniter\CodeIgniter->runController(Object(App\Controllers\Login))
 6 SYSTEMPATH\CodeIgniter.php(368): CodeIgniter\CodeIgniter->handleRequest(null, Object(Config\Cache), false)
 7 FCPATH\index.php(67): CodeIgniter\CodeIgniter->run()
 8 SYSTEMPATH\Commands\Server\rewrite.php(47): require_once('FCPATH\\index.php')
INFO - 2023-06-01 04:27:12 --> CSRF token verified.
CRITICAL - 2023-06-01 04:27:12 --> Call to undefined method App\Models\UsuarioModel::wthere
in SYSTEMPATH\Model.php on line 842.
 1 APPPATH\Models\UsuarioModel.php(103): CodeIgniter\Model->__call('wthere', [...])
 2 APPPATH\Libraries\Autenticacao.php(17): App\Models\UsuarioModel->buscaUsuarioPorEmail('admin@admin.com')
 3 APPPATH\Controllers\Login.php(30): App\Libraries\Autenticacao->login('admin@admin.com', '123')
 4 SYSTEMPATH\CodeIgniter.php(934): App\Controllers\Login->criar()
 5 SYSTEMPATH\CodeIgniter.php(499): CodeIgniter\CodeIgniter->runController(Object(App\Controllers\Login))
 6 SYSTEMPATH\CodeIgniter.php(368): CodeIgniter\CodeIgniter->handleRequest(null, Object(Config\Cache), false)
 7 FCPATH\index.php(67): CodeIgniter\CodeIgniter->run()
 8 SYSTEMPATH\Commands\Server\rewrite.php(47): require_once('FCPATH\\index.php')
INFO - 2023-06-01 04:31:15 --> CSRF token verified.
CRITICAL - 2023-06-01 04:31:25 --> A ação que você requisitou não é permitida.
in SYSTEMPATH\Security\Security.php on line 306.
 1 SYSTEMPATH\Security\Security.php(306): CodeIgniter\Security\Exceptions\SecurityException::forDisallowedAction()
 2 SYSTEMPATH\Filters\CSRF.php(55): CodeIgniter\Security\Security->verify(Object(CodeIgniter\HTTP\IncomingRequest))
 3 SYSTEMPATH\Filters\Filters.php(173): CodeIgniter\Filters\CSRF->before(Object(CodeIgniter\HTTP\IncomingRequest), null)
 4 SYSTEMPATH\CodeIgniter.php(473): CodeIgniter\Filters\Filters->run('login/criar', 'before')
 5 SYSTEMPATH\CodeIgniter.php(368): CodeIgniter\CodeIgniter->handleRequest(null, Object(Config\Cache), false)
 6 FCPATH\index.php(67): CodeIgniter\CodeIgniter->run()
 7 SYSTEMPATH\Commands\Server\rewrite.php(47): require_once('FCPATH\\index.php')
INFO - 2023-06-01 04:31:35 --> Session: Class initialized using 'CodeIgniter\Session\Handlers\FileHandler' driver.
INFO - 2023-06-01 04:48:25 --> Session: Class initialized using 'CodeIgniter\Session\Handlers\FileHandler' driver.
INFO - 2023-06-01 04:48:36 --> CSRF token verified.
CRITICAL - 2023-06-01 04:49:30 --> A ação que você requisitou não é permitida.
in SYSTEMPATH\Security\Security.php on line 306.
 1 SYSTEMPATH\Security\Security.php(306): CodeIgniter\Security\Exceptions\SecurityException::forDisallowedAction()
 2 SYSTEMPATH\Filters\CSRF.php(55): CodeIgniter\Security\Security->verify(Object(CodeIgniter\HTTP\IncomingRequest))
 3 SYSTEMPATH\Filters\Filters.php(173): CodeIgniter\Filters\CSRF->before(Object(CodeIgniter\HTTP\IncomingRequest), null)
 4 SYSTEMPATH\CodeIgniter.php(473): CodeIgniter\Filters\Filters->run('login/criar', 'before')
 5 SYSTEMPATH\CodeIgniter.php(368): CodeIgniter\CodeIgniter->handleRequest(null, Object(Config\Cache), false)
 6 FCPATH\index.php(67): CodeIgniter\CodeIgniter->run()
 7 SYSTEMPATH\Commands\Server\rewrite.php(47): require_once('FCPATH\\index.php')
INFO - 2023-06-01 04:49:38 --> Session: Class initialized using 'CodeIgniter\Session\Handlers\FileHandler' driver.
INFO - 2023-06-01 04:49:47 --> CSRF token verified.
CRITICAL - 2023-06-01 04:49:47 --> Call to undefined method App\Models\UsuarioModel::wthere
in SYSTEMPATH\Model.php on line 842.
 1 APPPATH\Models\UsuarioModel.php(103): CodeIgniter\Model->__call('wthere', [...])
 2 APPPATH\Libraries\Autenticacao.php(17): App\Models\UsuarioModel->buscaUsuarioPorEmail('admin@admin.com')
 3 APPPATH\Controllers\Login.php(30): App\Libraries\Autenticacao->login('admin@admin.com', '123456')
 4 SYSTEMPATH\CodeIgniter.php(934): App\Controllers\Login->criar()
 5 SYSTEMPATH\CodeIgniter.php(499): CodeIgniter\CodeIgniter->runController(Object(App\Controllers\Login))
 6 SYSTEMPATH\CodeIgniter.php(368): CodeIgniter\CodeIgniter->handleRequest(null, Object(Config\Cache), false)
 7 FCPATH\index.php(67): CodeIgniter\CodeIgniter->run()
 8 SYSTEMPATH\Commands\Server\rewrite.php(47): require_once('FCPATH\\index.php')
INFO - 2023-06-01 05:56:51 --> Session: Class initialized using 'CodeIgniter\Session\Handlers\FileHandler' driver.
INFO - 2023-06-01 05:57:01 --> CSRF token verified.
INFO - 2023-06-01 06:02:36 --> CSRF token verified.
INFO - 2023-06-01 06:02:48 --> Session: Class initialized using 'CodeIgniter\Session\Handlers\FileHandler' driver.
INFO - 2023-06-01 06:02:57 --> CSRF token verified.
INFO - 2023-06-01 06:03:19 --> Session: Class initialized using 'CodeIgniter\Session\Handlers\FileHandler' driver.
INFO - 2023-06-01 06:05:17 --> CSRF token verified.
INFO - 2023-06-01 06:05:32 --> CSRF token verified.
INFO - 2023-06-01 06:05:43 --> CSRF token verified.
INFO - 2023-06-01 06:05:49 --> Session: Class initialized using 'CodeIgniter\Session\Handlers\FileHandler' driver.
INFO - 2023-06-01 06:06:00 --> CSRF token verified.
INFO - 2023-06-01 06:06:18 --> Session: Class initialized using 'CodeIgniter\Session\Handlers\FileHandler' driver.
INFO - 2023-06-01 06:06:56 --> CSRF token verified.
INFO - 2023-06-01 06:07:13 --> Session: Class initialized using 'CodeIgniter\Session\Handlers\FileHandler' driver.
INFO - 2023-06-01 06:07:44 --> CSRF token verified.
INFO - 2023-06-01 06:07:49 --> Session: Class initialized using 'CodeIgniter\Session\Handlers\FileHandler' driver.
INFO - 2023-06-01 06:14:22 --> Session: Class initialized using 'CodeIgniter\Session\Handlers\FileHandler' driver.
INFO - 2023-06-01 06:14:29 --> CSRF token verified.
CRITICAL - 2023-06-01 06:14:29 --> Call to undefined method App\Models\UsuarioModel::wthere
in SYSTEMPATH\Model.php on line 842.
 1 APPPATH\Models\UsuarioModel.php(103): CodeIgniter\Model->__call('wthere', [...])
 2 APPPATH\Libraries\Autenticacao.php(17): App\Models\UsuarioModel->buscaUsuarioPorEmail('admin@admin.com')
 3 APPPATH\Controllers\Login.php(31): App\Libraries\Autenticacao->login('admin@admin.com', '123')
 4 SYSTEMPATH\CodeIgniter.php(934): App\Controllers\Login->criar()
 5 SYSTEMPATH\CodeIgniter.php(499): CodeIgniter\CodeIgniter->runController(Object(App\Controllers\Login))
 6 SYSTEMPATH\CodeIgniter.php(368): CodeIgniter\CodeIgniter->handleRequest(null, Object(Config\Cache), false)
 7 FCPATH\index.php(67): CodeIgniter\CodeIgniter->run()
 8 SYSTEMPATH\Commands\Server\rewrite.php(47): require_once('FCPATH\\index.php')
INFO - 2023-06-01 06:14:39 --> Session: Class initialized using 'CodeIgniter\Session\Handlers\FileHandler' driver.
INFO - 2023-06-01 06:14:50 --> CSRF token verified.
CRITICAL - 2023-06-01 06:14:50 --> Call to undefined method App\Models\UsuarioModel::wthere
in SYSTEMPATH\Model.php on line 842.
 1 APPPATH\Models\UsuarioModel.php(103): CodeIgniter\Model->__call('wthere', [...])
 2 APPPATH\Libraries\Autenticacao.php(17): App\Models\UsuarioModel->buscaUsuarioPorEmail('admin@admin.com')
 3 APPPATH\Controllers\Login.php(31): App\Libraries\Autenticacao->login('admin@admin.com', 'pedro')
 4 SYSTEMPATH\CodeIgniter.php(934): App\Controllers\Login->criar()
 5 SYSTEMPATH\CodeIgniter.php(499): CodeIgniter\CodeIgniter->runController(Object(App\Controllers\Login))
 6 SYSTEMPATH\CodeIgniter.php(368): CodeIgniter\CodeIgniter->handleRequest(null, Object(Config\Cache), false)
 7 FCPATH\index.php(67): CodeIgniter\CodeIgniter->run()
 8 SYSTEMPATH\Commands\Server\rewrite.php(47): require_once('FCPATH\\index.php')
INFO - 2023-06-01 06:15:38 --> Session: Class initialized using 'CodeIgniter\Session\Handlers\FileHandler' driver.
INFO - 2023-06-01 06:15:46 --> Session: Class initialized using 'CodeIgniter\Session\Handlers\FileHandler' driver.
INFO - 2023-06-01 06:15:54 --> CSRF token verified.
CRITICAL - 2023-06-01 06:15:54 --> Call to undefined method App\Models\UsuarioModel::wthere
in SYSTEMPATH\Model.php on line 842.
 1 APPPATH\Models\UsuarioModel.php(103): CodeIgniter\Model->__call('wthere', [...])
 2 APPPATH\Libraries\Autenticacao.php(17): App\Models\UsuarioModel->buscaUsuarioPorEmail('admin@admin.com')
 3 APPPATH\Controllers\Login.php(31): App\Libraries\Autenticacao->login('admin@admin.com', '123456')
 4 SYSTEMPATH\CodeIgniter.php(934): App\Controllers\Login->criar()
 5 SYSTEMPATH\CodeIgniter.php(499): CodeIgniter\CodeIgniter->runController(Object(App\Controllers\Login))
 6 SYSTEMPATH\CodeIgniter.php(368): CodeIgniter\CodeIgniter->handleRequest(null, Object(Config\Cache), false)
 7 FCPATH\index.php(67): CodeIgniter\CodeIgniter->run()
 8 SYSTEMPATH\Commands\Server\rewrite.php(47): require_once('FCPATH\\index.php')
INFO - 2023-06-01 06:16:57 --> Session: Class initialized using 'CodeIgniter\Session\Handlers\FileHandler' driver.
INFO - 2023-06-01 06:17:13 --> CSRF token verified.
CRITICAL - 2023-06-01 06:17:13 --> Call to undefined method App\Models\UsuarioModel::wthere
in SYSTEMPATH\Model.php on line 842.
 1 APPPATH\Models\UsuarioModel.php(103): CodeIgniter\Model->__call('wthere', [...])
 2 APPPATH\Libraries\Autenticacao.php(17): App\Models\UsuarioModel->buscaUsuarioPorEmail('admin@admin.com')
 3 APPPATH\Controllers\Login.php(31): App\Libraries\Autenticacao->login('admin@admin.com', '123')
 4 SYSTEMPATH\CodeIgniter.php(934): App\Controllers\Login->criar()
 5 SYSTEMPATH\CodeIgniter.php(499): CodeIgniter\CodeIgniter->runController(Object(App\Controllers\Login))
 6 SYSTEMPATH\CodeIgniter.php(368): CodeIgniter\CodeIgniter->handleRequest(null, Object(Config\Cache), false)
 7 FCPATH\index.php(67): CodeIgniter\CodeIgniter->run()
 8 SYSTEMPATH\Commands\Server\rewrite.php(47): require_once('FCPATH\\index.php')
INFO - 2023-06-01 14:24:09 --> Session: Class initialized using 'CodeIgniter\Session\Handlers\FileHandler' driver.
INFO - 2023-06-01 14:24:10 --> Session: Class initialized using 'CodeIgniter\Session\Handlers\FileHandler' driver.
INFO - 2023-06-01 14:24:18 --> CSRF token verified.
INFO - 2023-06-01 14:24:18 --> Session: Class initialized using 'CodeIgniter\Session\Handlers\FileHandler' driver.
INFO - 2023-06-01 14:24:18 --> Session: Class initialized using 'CodeIgniter\Session\Handlers\FileHandler' driver.
INFO - 2023-06-01 14:24:26 --> CSRF token verified.
INFO - 2023-06-01 14:24:26 --> Session: Class initialized using 'CodeIgniter\Session\Handlers\FileHandler' driver.
INFO - 2023-06-01 14:24:26 --> Session: Class initialized using 'CodeIgniter\Session\Handlers\FileHandler' driver.
INFO - 2023-06-01 14:24:40 --> CSRF token verified.
INFO - 2023-06-01 14:24:40 --> Session: Class initialized using 'CodeIgniter\Session\Handlers\FileHandler' driver.
INFO - 2023-06-01 14:24:40 --> Session: Class initialized using 'CodeIgniter\Session\Handlers\FileHandler' driver.
INFO - 2023-06-01 14:25:04 --> CSRF token verified.
INFO - 2023-06-01 14:25:04 --> Session: Class initialized using 'CodeIgniter\Session\Handlers\FileHandler' driver.
INFO - 2023-06-01 14:25:04 --> Session: Class initialized using 'CodeIgniter\Session\Handlers\FileHandler' driver.
INFO - 2023-06-01 14:25:11 --> CSRF token verified.
INFO - 2023-06-01 14:25:11 --> Session: Class initialized using 'CodeIgniter\Session\Handlers\FileHandler' driver.
INFO - 2023-06-01 14:25:11 --> Session: Class initialized using 'CodeIgniter\Session\Handlers\FileHandler' driver.
INFO - 2023-06-01 14:25:15 --> Session: Class initialized using 'CodeIgniter\Session\Handlers\FileHandler' driver.
INFO - 2023-06-01 14:25:16 --> CSRF token verified.
INFO - 2023-06-01 14:25:16 --> Session: Class initialized using 'CodeIgniter\Session\Handlers\FileHandler' driver.
INFO - 2023-06-01 14:25:16 --> Session: Class initialized using 'CodeIgniter\Session\Handlers\FileHandler' driver.
INFO - 2023-06-01 14:27:17 --> Session: Class initialized using 'CodeIgniter\Session\Handlers\FileHandler' driver.
INFO - 2023-06-01 14:27:27 --> CSRF token verified.
INFO - 2023-06-01 14:27:27 --> Session: Class initialized using 'CodeIgniter\Session\Handlers\FileHandler' driver.
INFO - 2023-06-01 14:27:27 --> Session: Class initialized using 'CodeIgniter\Session\Handlers\FileHandler' driver.
INFO - 2023-06-01 14:27:39 --> CSRF token verified.
INFO - 2023-06-01 14:27:40 --> Session: Class initialized using 'CodeIgniter\Session\Handlers\FileHandler' driver.
INFO - 2023-06-01 14:27:40 --> Session: Class initialized using 'CodeIgniter\Session\Handlers\FileHandler' driver.
INFO - 2023-06-01 14:27:45 --> CSRF token verified.
INFO - 2023-06-01 14:27:45 --> Session: Class initialized using 'CodeIgniter\Session\Handlers\FileHandler' driver.
INFO - 2023-06-01 14:27:45 --> Session: Class initialized using 'CodeIgniter\Session\Handlers\FileHandler' driver.
INFO - 2023-06-01 14:28:16 --> Session: Class initialized using 'CodeIgniter\Session\Handlers\FileHandler' driver.
INFO - 2023-06-01 14:28:20 --> CSRF token verified.
INFO - 2023-06-01 14:28:20 --> Session: Class initialized using 'CodeIgniter\Session\Handlers\FileHandler' driver.
INFO - 2023-06-01 14:28:21 --> Session: Class initialized using 'CodeIgniter\Session\Handlers\FileHandler' driver.
INFO - 2023-06-01 14:28:32 --> Session: Class initialized using 'CodeIgniter\Session\Handlers\FileHandler' driver.
INFO - 2023-06-01 14:28:40 --> CSRF token verified.
INFO - 2023-06-01 14:28:40 --> Session: Class initialized using 'CodeIgniter\Session\Handlers\FileHandler' driver.
INFO - 2023-06-01 14:28:41 --> Session: Class initialized using 'CodeIgniter\Session\Handlers\FileHandler' driver.
INFO - 2023-06-01 14:29:12 --> Session: Class initialized using 'CodeIgniter\Session\Handlers\FileHandler' driver.
INFO - 2023-06-01 14:29:18 --> CSRF token verified.
INFO - 2023-06-01 14:29:18 --> Session: Class initialized using 'CodeIgniter\Session\Handlers\FileHandler' driver.
INFO - 2023-06-01 14:29:18 --> Session: Class initialized using 'CodeIgniter\Session\Handlers\FileHandler' driver.
INFO - 2023-06-01 14:29:23 --> CSRF token verified.
INFO - 2023-06-01 14:29:23 --> Session: Class initialized using 'CodeIgniter\Session\Handlers\FileHandler' driver.
INFO - 2023-06-01 14:29:23 --> Session: Class initialized using 'CodeIgniter\Session\Handlers\FileHandler' driver.
INFO - 2023-06-01 14:33:23 --> Session: Class initialized using 'CodeIgniter\Session\Handlers\FileHandler' driver.
INFO - 2023-06-01 14:34:12 --> Session: Class initialized using 'CodeIgniter\Session\Handlers\FileHandler' driver.
INFO - 2023-06-01 14:34:31 --> Session: Class initialized using 'CodeIgniter\Session\Handlers\FileHandler' driver.
INFO - 2023-06-01 14:34:43 --> CSRF token verified.
INFO - 2023-06-01 14:34:43 --> Session: Class initialized using 'CodeIgniter\Session\Handlers\FileHandler' driver.
INFO - 2023-06-01 14:34:43 --> Session: Class initialized using 'CodeIgniter\Session\Handlers\FileHandler' driver.
INFO - 2023-06-01 14:34:46 --> CSRF token verified.
INFO - 2023-06-01 14:34:47 --> Session: Class initialized using 'CodeIgniter\Session\Handlers\FileHandler' driver.
INFO - 2023-06-01 14:34:47 --> Session: Class initialized using 'CodeIgniter\Session\Handlers\FileHandler' driver.
INFO - 2023-06-01 14:34:53 --> CSRF token verified.
INFO - 2023-06-01 14:34:53 --> Session: Class initialized using 'CodeIgniter\Session\Handlers\FileHandler' driver.
INFO - 2023-06-01 14:34:53 --> Session: Class initialized using 'CodeIgniter\Session\Handlers\FileHandler' driver.
INFO - 2023-06-01 14:46:27 --> Session: Class initialized using 'CodeIgniter\Session\Handlers\FileHandler' driver.
INFO - 2023-06-01 14:46:33 --> CSRF token verified.
INFO - 2023-06-01 14:46:33 --> Session: Class initialized using 'CodeIgniter\Session\Handlers\FileHandler' driver.
INFO - 2023-06-01 14:46:33 --> Session: Class initialized using 'CodeIgniter\Session\Handlers\FileHandler' driver.
INFO - 2023-06-01 14:46:51 --> Session: Class initialized using 'CodeIgniter\Session\Handlers\FileHandler' driver.
INFO - 2023-06-01 14:46:53 --> Session: Class initialized using 'CodeIgniter\Session\Handlers\FileHandler' driver.
INFO - 2023-06-01 14:48:25 --> CSRF token verified.
INFO - 2023-06-01 14:48:25 --> Session: Class initialized using 'CodeIgniter\Session\Handlers\FileHandler' driver.
INFO - 2023-06-01 14:48:25 --> Session: Class initialized using 'CodeIgniter\Session\Handlers\FileHandler' driver.
INFO - 2023-06-01 14:48:36 --> CSRF token verified.
INFO - 2023-06-01 14:48:36 --> Session: Class initialized using 'CodeIgniter\Session\Handlers\FileHandler' driver.
INFO - 2023-06-01 14:48:36 --> Session: Class initialized using 'CodeIgniter\Session\Handlers\FileHandler' driver.
INFO - 2023-06-01 14:48:50 --> CSRF token verified.
INFO - 2023-06-01 14:48:50 --> Session: Class initialized using 'CodeIgniter\Session\Handlers\FileHandler' driver.
INFO - 2023-06-01 14:48:50 --> Session: Class initialized using 'CodeIgniter\Session\Handlers\FileHandler' driver.
INFO - 2023-06-01 14:48:57 --> CSRF token verified.
INFO - 2023-06-01 14:48:57 --> Session: Class initialized using 'CodeIgniter\Session\Handlers\FileHandler' driver.
INFO - 2023-06-01 14:48:57 --> Session: Class initialized using 'CodeIgniter\Session\Handlers\FileHandler' driver.
INFO - 2023-06-01 14:49:52 --> CSRF token verified.
INFO - 2023-06-01 14:49:52 --> Session: Class initialized using 'CodeIgniter\Session\Handlers\FileHandler' driver.
INFO - 2023-06-01 14:49:52 --> Session: Class initialized using 'CodeIgniter\Session\Handlers\FileHandler' driver.
INFO - 2023-06-01 14:50:05 --> CSRF token verified.
INFO - 2023-06-01 14:50:05 --> Session: Class initialized using 'CodeIgniter\Session\Handlers\FileHandler' driver.
INFO - 2023-06-01 14:50:05 --> Session: Class initialized using 'CodeIgniter\Session\Handlers\FileHandler' driver.
INFO - 2023-06-01 14:53:48 --> Session: Class initialized using 'CodeIgniter\Session\Handlers\FileHandler' driver.
INFO - 2023-06-01 14:53:59 --> CSRF token verified.
CRITICAL - 2023-06-01 14:53:59 --> Undefined variable: usuario
in APPPATH\Controllers\Login.php on line 30.
 1 APPPATH\Controllers\Login.php(30): CodeIgniter\Debug\Exceptions->errorHandler(8, 'Undefined variable: usuario', 'APPPATH\\Controllers\\Login.php', 30, [...])
 2 SYSTEMPATH\CodeIgniter.php(934): App\Controllers\Login->criar()
 3 SYSTEMPATH\CodeIgniter.php(499): CodeIgniter\CodeIgniter->runController(Object(App\Controllers\Login))
 4 SYSTEMPATH\CodeIgniter.php(368): CodeIgniter\CodeIgniter->handleRequest(null, Object(Config\Cache), false)
 5 FCPATH\index.php(67): CodeIgniter\CodeIgniter->run()
 6 SYSTEMPATH\Commands\Server\rewrite.php(47): require_once('FCPATH\\index.php')
INFO - 2023-06-01 14:54:19 --> CSRF token verified.
