INFO - 2023-05-02 14:35:33 --> Session: Class initialized using 'CodeIgniter\Session\Handlers\FileHandler' driver.
CRITICAL - 2023-05-02 14:35:33 --> Argument 1 passed to App\Controllers\Admin\Usuarios::buscaUsuarioOu404() must be of the type int or null, string given, called in C:\xampp\htdocs\food\app\Controllers\Admin\Usuarios.php on line 72
in APPPATH\Controllers\Admin\Usuarios.php on line 139.
 1 APPPATH\Controllers\Admin\Usuarios.php(72): App\Controllers\Admin\Usuarios->buscaUsuarioOu404('images')
 2 SYSTEMPATH\CodeIgniter.php(934): App\Controllers\Admin\Usuarios->editar('images', 'logo.svg')
 3 SYSTEMPATH\CodeIgniter.php(499): CodeIgniter\CodeIgniter->runController(Object(App\Controllers\Admin\Usuarios))
 4 SYSTEMPATH\CodeIgniter.php(368): CodeIgniter\CodeIgniter->handleRequest(null, Object(Config\Cache), false)
 5 FCPATH\index.php(67): CodeIgniter\CodeIgniter->run()
 6 SYSTEMPATH\Commands\Server\rewrite.php(47): require_once('FCPATH\\index.php')
CRITICAL - 2023-05-02 14:35:33 --> Argument 1 passed to App\Controllers\Admin\Usuarios::buscaUsuarioOu404() must be of the type int or null, string given, called in C:\xampp\htdocs\food\app\Controllers\Admin\Usuarios.php on line 72
in APPPATH\Controllers\Admin\Usuarios.php on line 139.
 1 APPPATH\Controllers\Admin\Usuarios.php(72): App\Controllers\Admin\Usuarios->buscaUsuarioOu404('images')
 2 SYSTEMPATH\CodeIgniter.php(934): App\Controllers\Admin\Usuarios->editar('images', 'logo-mini.svg')
 3 SYSTEMPATH\CodeIgniter.php(499): CodeIgniter\CodeIgniter->runController(Object(App\Controllers\Admin\Usuarios))
 4 SYSTEMPATH\CodeIgniter.php(368): CodeIgniter\CodeIgniter->handleRequest(null, Object(Config\Cache), false)
 5 FCPATH\index.php(67): CodeIgniter\CodeIgniter->run()
 6 SYSTEMPATH\Commands\Server\rewrite.php(47): require_once('FCPATH\\index.php')
CRITICAL - 2023-05-02 14:35:33 --> Argument 1 passed to App\Controllers\Admin\Usuarios::buscaUsuarioOu404() must be of the type int or null, string given, called in C:\xampp\htdocs\food\app\Controllers\Admin\Usuarios.php on line 72
in APPPATH\Controllers\Admin\Usuarios.php on line 139.
 1 APPPATH\Controllers\Admin\Usuarios.php(72): App\Controllers\Admin\Usuarios->buscaUsuarioOu404('images')
 2 SYSTEMPATH\CodeIgniter.php(934): App\Controllers\Admin\Usuarios->editar('images', 'faces', 'face4.jpg')
 3 SYSTEMPATH\CodeIgniter.php(499): CodeIgniter\CodeIgniter->runController(Object(App\Controllers\Admin\Usuarios))
 4 SYSTEMPATH\CodeIgniter.php(368): CodeIgniter\CodeIgniter->handleRequest(null, Object(Config\Cache), false)
 5 FCPATH\index.php(67): CodeIgniter\CodeIgniter->run()
 6 SYSTEMPATH\Commands\Server\rewrite.php(47): require_once('FCPATH\\index.php')
CRITICAL - 2023-05-02 14:35:33 --> Argument 1 passed to App\Controllers\Admin\Usuarios::buscaUsuarioOu404() must be of the type int or null, string given, called in C:\xampp\htdocs\food\app\Controllers\Admin\Usuarios.php on line 72
in APPPATH\Controllers\Admin\Usuarios.php on line 139.
 1 APPPATH\Controllers\Admin\Usuarios.php(72): App\Controllers\Admin\Usuarios->buscaUsuarioOu404('images')
 2 SYSTEMPATH\CodeIgniter.php(934): App\Controllers\Admin\Usuarios->editar('images', 'faces', 'face5.jpg')
 3 SYSTEMPATH\CodeIgniter.php(499): CodeIgniter\CodeIgniter->runController(Object(App\Controllers\Admin\Usuarios))
 4 SYSTEMPATH\CodeIgniter.php(368): CodeIgniter\CodeIgniter->handleRequest(null, Object(Config\Cache), false)
 5 FCPATH\index.php(67): CodeIgniter\CodeIgniter->run()
 6 SYSTEMPATH\Commands\Server\rewrite.php(47): require_once('FCPATH\\index.php')
CRITICAL - 2023-05-02 14:35:34 --> Argument 1 passed to App\Controllers\Admin\Usuarios::buscaUsuarioOu404() must be of the type int or null, string given, called in C:\xampp\htdocs\food\app\Controllers\Admin\Usuarios.php on line 72
in APPPATH\Controllers\Admin\Usuarios.php on line 139.
 1 APPPATH\Controllers\Admin\Usuarios.php(72): App\Controllers\Admin\Usuarios->buscaUsuarioOu404('images')
 2 SYSTEMPATH\CodeIgniter.php(934): App\Controllers\Admin\Usuarios->editar('images', 'faces', 'face2.jpg')
 3 SYSTEMPATH\CodeIgniter.php(499): CodeIgniter\CodeIgniter->runController(Object(App\Controllers\Admin\Usuarios))
 4 SYSTEMPATH\CodeIgniter.php(368): CodeIgniter\CodeIgniter->handleRequest(null, Object(Config\Cache), false)
 5 FCPATH\index.php(67): CodeIgniter\CodeIgniter->run()
 6 SYSTEMPATH\Commands\Server\rewrite.php(47): require_once('FCPATH\\index.php')
CRITICAL - 2023-05-02 14:35:34 --> Argument 1 passed to App\Controllers\Admin\Usuarios::buscaUsuarioOu404() must be of the type int or null, string given, called in C:\xampp\htdocs\food\app\Controllers\Admin\Usuarios.php on line 72
in APPPATH\Controllers\Admin\Usuarios.php on line 139.
 1 APPPATH\Controllers\Admin\Usuarios.php(72): App\Controllers\Admin\Usuarios->buscaUsuarioOu404('images')
 2 SYSTEMPATH\CodeIgniter.php(934): App\Controllers\Admin\Usuarios->editar('images', 'faces', 'face3.jpg')
 3 SYSTEMPATH\CodeIgniter.php(499): CodeIgniter\CodeIgniter->runController(Object(App\Controllers\Admin\Usuarios))
 4 SYSTEMPATH\CodeIgniter.php(368): CodeIgniter\CodeIgniter->handleRequest(null, Object(Config\Cache), false)
 5 FCPATH\index.php(67): CodeIgniter\CodeIgniter->run()
 6 SYSTEMPATH\Commands\Server\rewrite.php(47): require_once('FCPATH\\index.php')
INFO - 2023-05-02 14:35:39 --> Session: Class initialized using 'CodeIgniter\Session\Handlers\FileHandler' driver.
CRITICAL - 2023-05-02 14:35:39 --> Argument 1 passed to App\Controllers\Admin\Usuarios::buscaUsuarioOu404() must be of the type int or null, string given, called in C:\xampp\htdocs\food\app\Controllers\Admin\Usuarios.php on line 72
in APPPATH\Controllers\Admin\Usuarios.php on line 139.
 1 APPPATH\Controllers\Admin\Usuarios.php(72): App\Controllers\Admin\Usuarios->buscaUsuarioOu404('images')
 2 SYSTEMPATH\CodeIgniter.php(934): App\Controllers\Admin\Usuarios->editar('images', 'logo.svg')
 3 SYSTEMPATH\CodeIgniter.php(499): CodeIgniter\CodeIgniter->runController(Object(App\Controllers\Admin\Usuarios))
 4 SYSTEMPATH\CodeIgniter.php(368): CodeIgniter\CodeIgniter->handleRequest(null, Object(Config\Cache), false)
 5 FCPATH\index.php(67): CodeIgniter\CodeIgniter->run()
 6 SYSTEMPATH\Commands\Server\rewrite.php(47): require_once('FCPATH\\index.php')
CRITICAL - 2023-05-02 14:35:39 --> Argument 1 passed to App\Controllers\Admin\Usuarios::buscaUsuarioOu404() must be of the type int or null, string given, called in C:\xampp\htdocs\food\app\Controllers\Admin\Usuarios.php on line 72
in APPPATH\Controllers\Admin\Usuarios.php on line 139.
 1 APPPATH\Controllers\Admin\Usuarios.php(72): App\Controllers\Admin\Usuarios->buscaUsuarioOu404('images')
 2 SYSTEMPATH\CodeIgniter.php(934): App\Controllers\Admin\Usuarios->editar('images', 'logo-mini.svg')
 3 SYSTEMPATH\CodeIgniter.php(499): CodeIgniter\CodeIgniter->runController(Object(App\Controllers\Admin\Usuarios))
 4 SYSTEMPATH\CodeIgniter.php(368): CodeIgniter\CodeIgniter->handleRequest(null, Object(Config\Cache), false)
 5 FCPATH\index.php(67): CodeIgniter\CodeIgniter->run()
 6 SYSTEMPATH\Commands\Server\rewrite.php(47): require_once('FCPATH\\index.php')
CRITICAL - 2023-05-02 14:35:39 --> Argument 1 passed to App\Controllers\Admin\Usuarios::buscaUsuarioOu404() must be of the type int or null, string given, called in C:\xampp\htdocs\food\app\Controllers\Admin\Usuarios.php on line 72
in APPPATH\Controllers\Admin\Usuarios.php on line 139.
 1 APPPATH\Controllers\Admin\Usuarios.php(72): App\Controllers\Admin\Usuarios->buscaUsuarioOu404('images')
 2 SYSTEMPATH\CodeIgniter.php(934): App\Controllers\Admin\Usuarios->editar('images', 'faces', 'face4.jpg')
 3 SYSTEMPATH\CodeIgniter.php(499): CodeIgniter\CodeIgniter->runController(Object(App\Controllers\Admin\Usuarios))
 4 SYSTEMPATH\CodeIgniter.php(368): CodeIgniter\CodeIgniter->handleRequest(null, Object(Config\Cache), false)
 5 FCPATH\index.php(67): CodeIgniter\CodeIgniter->run()
 6 SYSTEMPATH\Commands\Server\rewrite.php(47): require_once('FCPATH\\index.php')
CRITICAL - 2023-05-02 14:35:39 --> Argument 1 passed to App\Controllers\Admin\Usuarios::buscaUsuarioOu404() must be of the type int or null, string given, called in C:\xampp\htdocs\food\app\Controllers\Admin\Usuarios.php on line 72
in APPPATH\Controllers\Admin\Usuarios.php on line 139.
 1 APPPATH\Controllers\Admin\Usuarios.php(72): App\Controllers\Admin\Usuarios->buscaUsuarioOu404('images')
 2 SYSTEMPATH\CodeIgniter.php(934): App\Controllers\Admin\Usuarios->editar('images', 'faces', 'face5.jpg')
 3 SYSTEMPATH\CodeIgniter.php(499): CodeIgniter\CodeIgniter->runController(Object(App\Controllers\Admin\Usuarios))
 4 SYSTEMPATH\CodeIgniter.php(368): CodeIgniter\CodeIgniter->handleRequest(null, Object(Config\Cache), false)
 5 FCPATH\index.php(67): CodeIgniter\CodeIgniter->run()
 6 SYSTEMPATH\Commands\Server\rewrite.php(47): require_once('FCPATH\\index.php')
CRITICAL - 2023-05-02 14:35:39 --> Argument 1 passed to App\Controllers\Admin\Usuarios::buscaUsuarioOu404() must be of the type int or null, string given, called in C:\xampp\htdocs\food\app\Controllers\Admin\Usuarios.php on line 72
in APPPATH\Controllers\Admin\Usuarios.php on line 139.
 1 APPPATH\Controllers\Admin\Usuarios.php(72): App\Controllers\Admin\Usuarios->buscaUsuarioOu404('images')
 2 SYSTEMPATH\CodeIgniter.php(934): App\Controllers\Admin\Usuarios->editar('images', 'faces', 'face2.jpg')
 3 SYSTEMPATH\CodeIgniter.php(499): CodeIgniter\CodeIgniter->runController(Object(App\Controllers\Admin\Usuarios))
 4 SYSTEMPATH\CodeIgniter.php(368): CodeIgniter\CodeIgniter->handleRequest(null, Object(Config\Cache), false)
 5 FCPATH\index.php(67): CodeIgniter\CodeIgniter->run()
 6 SYSTEMPATH\Commands\Server\rewrite.php(47): require_once('FCPATH\\index.php')
CRITICAL - 2023-05-02 14:35:39 --> Argument 1 passed to App\Controllers\Admin\Usuarios::buscaUsuarioOu404() must be of the type int or null, string given, called in C:\xampp\htdocs\food\app\Controllers\Admin\Usuarios.php on line 72
in APPPATH\Controllers\Admin\Usuarios.php on line 139.
 1 APPPATH\Controllers\Admin\Usuarios.php(72): App\Controllers\Admin\Usuarios->buscaUsuarioOu404('images')
 2 SYSTEMPATH\CodeIgniter.php(934): App\Controllers\Admin\Usuarios->editar('images', 'faces', 'face3.jpg')
 3 SYSTEMPATH\CodeIgniter.php(499): CodeIgniter\CodeIgniter->runController(Object(App\Controllers\Admin\Usuarios))
 4 SYSTEMPATH\CodeIgniter.php(368): CodeIgniter\CodeIgniter->handleRequest(null, Object(Config\Cache), false)
 5 FCPATH\index.php(67): CodeIgniter\CodeIgniter->run()
 6 SYSTEMPATH\Commands\Server\rewrite.php(47): require_once('FCPATH\\index.php')
INFO - 2023-05-02 14:37:44 --> Session: Class initialized using 'CodeIgniter\Session\Handlers\FileHandler' driver.
CRITICAL - 2023-05-02 14:37:44 --> Argument 1 passed to App\Controllers\Admin\Usuarios::buscaUsuarioOu404() must be of the type int or null, string given, called in C:\xampp\htdocs\food\app\Controllers\Admin\Usuarios.php on line 72
in APPPATH\Controllers\Admin\Usuarios.php on line 139.
 1 APPPATH\Controllers\Admin\Usuarios.php(72): App\Controllers\Admin\Usuarios->buscaUsuarioOu404('images')
 2 SYSTEMPATH\CodeIgniter.php(934): App\Controllers\Admin\Usuarios->editar('images', 'faces', 'face4.jpg')
 3 SYSTEMPATH\CodeIgniter.php(499): CodeIgniter\CodeIgniter->runController(Object(App\Controllers\Admin\Usuarios))
 4 SYSTEMPATH\CodeIgniter.php(368): CodeIgniter\CodeIgniter->handleRequest(null, Object(Config\Cache), false)
 5 FCPATH\index.php(67): CodeIgniter\CodeIgniter->run()
 6 SYSTEMPATH\Commands\Server\rewrite.php(47): require_once('FCPATH\\index.php')
CRITICAL - 2023-05-02 14:37:44 --> Argument 1 passed to App\Controllers\Admin\Usuarios::buscaUsuarioOu404() must be of the type int or null, string given, called in C:\xampp\htdocs\food\app\Controllers\Admin\Usuarios.php on line 72
in APPPATH\Controllers\Admin\Usuarios.php on line 139.
 1 APPPATH\Controllers\Admin\Usuarios.php(72): App\Controllers\Admin\Usuarios->buscaUsuarioOu404('images')
 2 SYSTEMPATH\CodeIgniter.php(934): App\Controllers\Admin\Usuarios->editar('images', 'logo.svg')
 3 SYSTEMPATH\CodeIgniter.php(499): CodeIgniter\CodeIgniter->runController(Object(App\Controllers\Admin\Usuarios))
 4 SYSTEMPATH\CodeIgniter.php(368): CodeIgniter\CodeIgniter->handleRequest(null, Object(Config\Cache), false)
 5 FCPATH\index.php(67): CodeIgniter\CodeIgniter->run()
 6 SYSTEMPATH\Commands\Server\rewrite.php(47): require_once('FCPATH\\index.php')
CRITICAL - 2023-05-02 14:37:44 --> Argument 1 passed to App\Controllers\Admin\Usuarios::buscaUsuarioOu404() must be of the type int or null, string given, called in C:\xampp\htdocs\food\app\Controllers\Admin\Usuarios.php on line 72
in APPPATH\Controllers\Admin\Usuarios.php on line 139.
 1 APPPATH\Controllers\Admin\Usuarios.php(72): App\Controllers\Admin\Usuarios->buscaUsuarioOu404('images')
 2 SYSTEMPATH\CodeIgniter.php(934): App\Controllers\Admin\Usuarios->editar('images', 'faces', 'face3.jpg')
 3 SYSTEMPATH\CodeIgniter.php(499): CodeIgniter\CodeIgniter->runController(Object(App\Controllers\Admin\Usuarios))
 4 SYSTEMPATH\CodeIgniter.php(368): CodeIgniter\CodeIgniter->handleRequest(null, Object(Config\Cache), false)
 5 FCPATH\index.php(67): CodeIgniter\CodeIgniter->run()
 6 SYSTEMPATH\Commands\Server\rewrite.php(47): require_once('FCPATH\\index.php')
CRITICAL - 2023-05-02 14:37:44 --> Argument 1 passed to App\Controllers\Admin\Usuarios::buscaUsuarioOu404() must be of the type int or null, string given, called in C:\xampp\htdocs\food\app\Controllers\Admin\Usuarios.php on line 72
in APPPATH\Controllers\Admin\Usuarios.php on line 139.
 1 APPPATH\Controllers\Admin\Usuarios.php(72): App\Controllers\Admin\Usuarios->buscaUsuarioOu404('images')
 2 SYSTEMPATH\CodeIgniter.php(934): App\Controllers\Admin\Usuarios->editar('images', 'logo-mini.svg')
 3 SYSTEMPATH\CodeIgniter.php(499): CodeIgniter\CodeIgniter->runController(Object(App\Controllers\Admin\Usuarios))
 4 SYSTEMPATH\CodeIgniter.php(368): CodeIgniter\CodeIgniter->handleRequest(null, Object(Config\Cache), false)
 5 FCPATH\index.php(67): CodeIgniter\CodeIgniter->run()
 6 SYSTEMPATH\Commands\Server\rewrite.php(47): require_once('FCPATH\\index.php')
CRITICAL - 2023-05-02 14:37:45 --> Argument 1 passed to App\Controllers\Admin\Usuarios::buscaUsuarioOu404() must be of the type int or null, string given, called in C:\xampp\htdocs\food\app\Controllers\Admin\Usuarios.php on line 72
in APPPATH\Controllers\Admin\Usuarios.php on line 139.
 1 APPPATH\Controllers\Admin\Usuarios.php(72): App\Controllers\Admin\Usuarios->buscaUsuarioOu404('images')
 2 SYSTEMPATH\CodeIgniter.php(934): App\Controllers\Admin\Usuarios->editar('images', 'faces', 'face2.jpg')
 3 SYSTEMPATH\CodeIgniter.php(499): CodeIgniter\CodeIgniter->runController(Object(App\Controllers\Admin\Usuarios))
 4 SYSTEMPATH\CodeIgniter.php(368): CodeIgniter\CodeIgniter->handleRequest(null, Object(Config\Cache), false)
 5 FCPATH\index.php(67): CodeIgniter\CodeIgniter->run()
 6 SYSTEMPATH\Commands\Server\rewrite.php(47): require_once('FCPATH\\index.php')
CRITICAL - 2023-05-02 14:37:45 --> Argument 1 passed to App\Controllers\Admin\Usuarios::buscaUsuarioOu404() must be of the type int or null, string given, called in C:\xampp\htdocs\food\app\Controllers\Admin\Usuarios.php on line 72
in APPPATH\Controllers\Admin\Usuarios.php on line 139.
 1 APPPATH\Controllers\Admin\Usuarios.php(72): App\Controllers\Admin\Usuarios->buscaUsuarioOu404('images')
 2 SYSTEMPATH\CodeIgniter.php(934): App\Controllers\Admin\Usuarios->editar('images', 'faces', 'face5.jpg')
 3 SYSTEMPATH\CodeIgniter.php(499): CodeIgniter\CodeIgniter->runController(Object(App\Controllers\Admin\Usuarios))
 4 SYSTEMPATH\CodeIgniter.php(368): CodeIgniter\CodeIgniter->handleRequest(null, Object(Config\Cache), false)
 5 FCPATH\index.php(67): CodeIgniter\CodeIgniter->run()
 6 SYSTEMPATH\Commands\Server\rewrite.php(47): require_once('FCPATH\\index.php')
INFO - 2023-05-02 15:00:10 --> Session: Class initialized using 'CodeIgniter\Session\Handlers\FileHandler' driver.
CRITICAL - 2023-05-02 15:00:10 --> Argument 1 passed to App\Controllers\Admin\Usuarios::buscaUsuarioOu404() must be of the type int or null, string given, called in C:\xampp\htdocs\food\app\Controllers\Admin\Usuarios.php on line 72
in APPPATH\Controllers\Admin\Usuarios.php on line 139.
 1 APPPATH\Controllers\Admin\Usuarios.php(72): App\Controllers\Admin\Usuarios->buscaUsuarioOu404('images')
 2 SYSTEMPATH\CodeIgniter.php(934): App\Controllers\Admin\Usuarios->editar('images', 'logo.svg')
 3 SYSTEMPATH\CodeIgniter.php(499): CodeIgniter\CodeIgniter->runController(Object(App\Controllers\Admin\Usuarios))
 4 SYSTEMPATH\CodeIgniter.php(368): CodeIgniter\CodeIgniter->handleRequest(null, Object(Config\Cache), false)
 5 FCPATH\index.php(67): CodeIgniter\CodeIgniter->run()
 6 SYSTEMPATH\Commands\Server\rewrite.php(47): require_once('FCPATH\\index.php')
CRITICAL - 2023-05-02 15:00:10 --> Argument 1 passed to App\Controllers\Admin\Usuarios::buscaUsuarioOu404() must be of the type int or null, string given, called in C:\xampp\htdocs\food\app\Controllers\Admin\Usuarios.php on line 72
in APPPATH\Controllers\Admin\Usuarios.php on line 139.
 1 APPPATH\Controllers\Admin\Usuarios.php(72): App\Controllers\Admin\Usuarios->buscaUsuarioOu404('images')
 2 SYSTEMPATH\CodeIgniter.php(934): App\Controllers\Admin\Usuarios->editar('images', 'logo-mini.svg')
 3 SYSTEMPATH\CodeIgniter.php(499): CodeIgniter\CodeIgniter->runController(Object(App\Controllers\Admin\Usuarios))
 4 SYSTEMPATH\CodeIgniter.php(368): CodeIgniter\CodeIgniter->handleRequest(null, Object(Config\Cache), false)
 5 FCPATH\index.php(67): CodeIgniter\CodeIgniter->run()
 6 SYSTEMPATH\Commands\Server\rewrite.php(47): require_once('FCPATH\\index.php')
CRITICAL - 2023-05-02 15:00:10 --> Argument 1 passed to App\Controllers\Admin\Usuarios::buscaUsuarioOu404() must be of the type int or null, string given, called in C:\xampp\htdocs\food\app\Controllers\Admin\Usuarios.php on line 72
in APPPATH\Controllers\Admin\Usuarios.php on line 139.
 1 APPPATH\Controllers\Admin\Usuarios.php(72): App\Controllers\Admin\Usuarios->buscaUsuarioOu404('images')
 2 SYSTEMPATH\CodeIgniter.php(934): App\Controllers\Admin\Usuarios->editar('images', 'faces', 'face4.jpg')
 3 SYSTEMPATH\CodeIgniter.php(499): CodeIgniter\CodeIgniter->runController(Object(App\Controllers\Admin\Usuarios))
 4 SYSTEMPATH\CodeIgniter.php(368): CodeIgniter\CodeIgniter->handleRequest(null, Object(Config\Cache), false)
 5 FCPATH\index.php(67): CodeIgniter\CodeIgniter->run()
 6 SYSTEMPATH\Commands\Server\rewrite.php(47): require_once('FCPATH\\index.php')
CRITICAL - 2023-05-02 15:00:10 --> Argument 1 passed to App\Controllers\Admin\Usuarios::buscaUsuarioOu404() must be of the type int or null, string given, called in C:\xampp\htdocs\food\app\Controllers\Admin\Usuarios.php on line 72
in APPPATH\Controllers\Admin\Usuarios.php on line 139.
 1 APPPATH\Controllers\Admin\Usuarios.php(72): App\Controllers\Admin\Usuarios->buscaUsuarioOu404('images')
 2 SYSTEMPATH\CodeIgniter.php(934): App\Controllers\Admin\Usuarios->editar('images', 'faces', 'face2.jpg')
 3 SYSTEMPATH\CodeIgniter.php(499): CodeIgniter\CodeIgniter->runController(Object(App\Controllers\Admin\Usuarios))
 4 SYSTEMPATH\CodeIgniter.php(368): CodeIgniter\CodeIgniter->handleRequest(null, Object(Config\Cache), false)
 5 FCPATH\index.php(67): CodeIgniter\CodeIgniter->run()
 6 SYSTEMPATH\Commands\Server\rewrite.php(47): require_once('FCPATH\\index.php')
CRITICAL - 2023-05-02 15:00:10 --> Argument 1 passed to App\Controllers\Admin\Usuarios::buscaUsuarioOu404() must be of the type int or null, string given, called in C:\xampp\htdocs\food\app\Controllers\Admin\Usuarios.php on line 72
in APPPATH\Controllers\Admin\Usuarios.php on line 139.
 1 APPPATH\Controllers\Admin\Usuarios.php(72): App\Controllers\Admin\Usuarios->buscaUsuarioOu404('images')
 2 SYSTEMPATH\CodeIgniter.php(934): App\Controllers\Admin\Usuarios->editar('images', 'faces', 'face3.jpg')
 3 SYSTEMPATH\CodeIgniter.php(499): CodeIgniter\CodeIgniter->runController(Object(App\Controllers\Admin\Usuarios))
 4 SYSTEMPATH\CodeIgniter.php(368): CodeIgniter\CodeIgniter->handleRequest(null, Object(Config\Cache), false)
 5 FCPATH\index.php(67): CodeIgniter\CodeIgniter->run()
 6 SYSTEMPATH\Commands\Server\rewrite.php(47): require_once('FCPATH\\index.php')
CRITICAL - 2023-05-02 15:00:10 --> Argument 1 passed to App\Controllers\Admin\Usuarios::buscaUsuarioOu404() must be of the type int or null, string given, called in C:\xampp\htdocs\food\app\Controllers\Admin\Usuarios.php on line 72
in APPPATH\Controllers\Admin\Usuarios.php on line 139.
 1 APPPATH\Controllers\Admin\Usuarios.php(72): App\Controllers\Admin\Usuarios->buscaUsuarioOu404('images')
 2 SYSTEMPATH\CodeIgniter.php(934): App\Controllers\Admin\Usuarios->editar('images', 'faces', 'face5.jpg')
 3 SYSTEMPATH\CodeIgniter.php(499): CodeIgniter\CodeIgniter->runController(Object(App\Controllers\Admin\Usuarios))
 4 SYSTEMPATH\CodeIgniter.php(368): CodeIgniter\CodeIgniter->handleRequest(null, Object(Config\Cache), false)
 5 FCPATH\index.php(67): CodeIgniter\CodeIgniter->run()
 6 SYSTEMPATH\Commands\Server\rewrite.php(47): require_once('FCPATH\\index.php')
CRITICAL - 2023-05-02 15:00:11 --> Argument 1 passed to App\Controllers\Admin\Usuarios::buscaUsuarioOu404() must be of the type int or null, string given, called in C:\xampp\htdocs\food\app\Controllers\Admin\Usuarios.php on line 72
in APPPATH\Controllers\Admin\Usuarios.php on line 139.
 1 APPPATH\Controllers\Admin\Usuarios.php(72): App\Controllers\Admin\Usuarios->buscaUsuarioOu404('images')
 2 SYSTEMPATH\CodeIgniter.php(934): App\Controllers\Admin\Usuarios->editar('images', 'logo.svg')
 3 SYSTEMPATH\CodeIgniter.php(499): CodeIgniter\CodeIgniter->runController(Object(App\Controllers\Admin\Usuarios))
 4 SYSTEMPATH\CodeIgniter.php(368): CodeIgniter\CodeIgniter->handleRequest(null, Object(Config\Cache), false)
 5 FCPATH\index.php(67): CodeIgniter\CodeIgniter->run()
 6 SYSTEMPATH\Commands\Server\rewrite.php(47): require_once('FCPATH\\index.php')
CRITICAL - 2023-05-02 15:00:11 --> Argument 1 passed to App\Controllers\Admin\Usuarios::buscaUsuarioOu404() must be of the type int or null, string given, called in C:\xampp\htdocs\food\app\Controllers\Admin\Usuarios.php on line 72
in APPPATH\Controllers\Admin\Usuarios.php on line 139.
 1 APPPATH\Controllers\Admin\Usuarios.php(72): App\Controllers\Admin\Usuarios->buscaUsuarioOu404('images')
 2 SYSTEMPATH\CodeIgniter.php(934): App\Controllers\Admin\Usuarios->editar('images', 'logo-mini.svg')
 3 SYSTEMPATH\CodeIgniter.php(499): CodeIgniter\CodeIgniter->runController(Object(App\Controllers\Admin\Usuarios))
 4 SYSTEMPATH\CodeIgniter.php(368): CodeIgniter\CodeIgniter->handleRequest(null, Object(Config\Cache), false)
 5 FCPATH\index.php(67): CodeIgniter\CodeIgniter->run()
 6 SYSTEMPATH\Commands\Server\rewrite.php(47): require_once('FCPATH\\index.php')
CRITICAL - 2023-05-02 15:00:11 --> Argument 1 passed to App\Controllers\Admin\Usuarios::buscaUsuarioOu404() must be of the type int or null, string given, called in C:\xampp\htdocs\food\app\Controllers\Admin\Usuarios.php on line 72
in APPPATH\Controllers\Admin\Usuarios.php on line 139.
 1 APPPATH\Controllers\Admin\Usuarios.php(72): App\Controllers\Admin\Usuarios->buscaUsuarioOu404('images')
 2 SYSTEMPATH\CodeIgniter.php(934): App\Controllers\Admin\Usuarios->editar('images', 'faces', 'face4.jpg')
 3 SYSTEMPATH\CodeIgniter.php(499): CodeIgniter\CodeIgniter->runController(Object(App\Controllers\Admin\Usuarios))
 4 SYSTEMPATH\CodeIgniter.php(368): CodeIgniter\CodeIgniter->handleRequest(null, Object(Config\Cache), false)
 5 FCPATH\index.php(67): CodeIgniter\CodeIgniter->run()
 6 SYSTEMPATH\Commands\Server\rewrite.php(47): require_once('FCPATH\\index.php')
CRITICAL - 2023-05-02 15:00:11 --> Argument 1 passed to App\Controllers\Admin\Usuarios::buscaUsuarioOu404() must be of the type int or null, string given, called in C:\xampp\htdocs\food\app\Controllers\Admin\Usuarios.php on line 72
in APPPATH\Controllers\Admin\Usuarios.php on line 139.
 1 APPPATH\Controllers\Admin\Usuarios.php(72): App\Controllers\Admin\Usuarios->buscaUsuarioOu404('images')
 2 SYSTEMPATH\CodeIgniter.php(934): App\Controllers\Admin\Usuarios->editar('images', 'faces', 'face5.jpg')
 3 SYSTEMPATH\CodeIgniter.php(499): CodeIgniter\CodeIgniter->runController(Object(App\Controllers\Admin\Usuarios))
 4 SYSTEMPATH\CodeIgniter.php(368): CodeIgniter\CodeIgniter->handleRequest(null, Object(Config\Cache), false)
 5 FCPATH\index.php(67): CodeIgniter\CodeIgniter->run()
 6 SYSTEMPATH\Commands\Server\rewrite.php(47): require_once('FCPATH\\index.php')
CRITICAL - 2023-05-02 15:00:11 --> Argument 1 passed to App\Controllers\Admin\Usuarios::buscaUsuarioOu404() must be of the type int or null, string given, called in C:\xampp\htdocs\food\app\Controllers\Admin\Usuarios.php on line 72
in APPPATH\Controllers\Admin\Usuarios.php on line 139.
 1 APPPATH\Controllers\Admin\Usuarios.php(72): App\Controllers\Admin\Usuarios->buscaUsuarioOu404('images')
 2 SYSTEMPATH\CodeIgniter.php(934): App\Controllers\Admin\Usuarios->editar('images', 'faces', 'face2.jpg')
 3 SYSTEMPATH\CodeIgniter.php(499): CodeIgniter\CodeIgniter->runController(Object(App\Controllers\Admin\Usuarios))
 4 SYSTEMPATH\CodeIgniter.php(368): CodeIgniter\CodeIgniter->handleRequest(null, Object(Config\Cache), false)
 5 FCPATH\index.php(67): CodeIgniter\CodeIgniter->run()
 6 SYSTEMPATH\Commands\Server\rewrite.php(47): require_once('FCPATH\\index.php')
CRITICAL - 2023-05-02 15:00:11 --> Argument 1 passed to App\Controllers\Admin\Usuarios::buscaUsuarioOu404() must be of the type int or null, string given, called in C:\xampp\htdocs\food\app\Controllers\Admin\Usuarios.php on line 72
in APPPATH\Controllers\Admin\Usuarios.php on line 139.
 1 APPPATH\Controllers\Admin\Usuarios.php(72): App\Controllers\Admin\Usuarios->buscaUsuarioOu404('images')
 2 SYSTEMPATH\CodeIgniter.php(934): App\Controllers\Admin\Usuarios->editar('images', 'faces', 'face3.jpg')
 3 SYSTEMPATH\CodeIgniter.php(499): CodeIgniter\CodeIgniter->runController(Object(App\Controllers\Admin\Usuarios))
 4 SYSTEMPATH\CodeIgniter.php(368): CodeIgniter\CodeIgniter->handleRequest(null, Object(Config\Cache), false)
 5 FCPATH\index.php(67): CodeIgniter\CodeIgniter->run()
 6 SYSTEMPATH\Commands\Server\rewrite.php(47): require_once('FCPATH\\index.php')
INFO - 2023-05-02 15:02:40 --> Session: Class initialized using 'CodeIgniter\Session\Handlers\FileHandler' driver.
CRITICAL - 2023-05-02 15:02:40 --> Argument 1 passed to App\Controllers\Admin\Usuarios::buscaUsuarioOu404() must be of the type int or null, string given, called in C:\xampp\htdocs\food\app\Controllers\Admin\Usuarios.php on line 72
in APPPATH\Controllers\Admin\Usuarios.php on line 139.
 1 APPPATH\Controllers\Admin\Usuarios.php(72): App\Controllers\Admin\Usuarios->buscaUsuarioOu404('images')
 2 SYSTEMPATH\CodeIgniter.php(934): App\Controllers\Admin\Usuarios->editar('images', 'logo.svg')
 3 SYSTEMPATH\CodeIgniter.php(499): CodeIgniter\CodeIgniter->runController(Object(App\Controllers\Admin\Usuarios))
 4 SYSTEMPATH\CodeIgniter.php(368): CodeIgniter\CodeIgniter->handleRequest(null, Object(Config\Cache), false)
 5 FCPATH\index.php(67): CodeIgniter\CodeIgniter->run()
 6 SYSTEMPATH\Commands\Server\rewrite.php(47): require_once('FCPATH\\index.php')
CRITICAL - 2023-05-02 15:02:40 --> Argument 1 passed to App\Controllers\Admin\Usuarios::buscaUsuarioOu404() must be of the type int or null, string given, called in C:\xampp\htdocs\food\app\Controllers\Admin\Usuarios.php on line 72
in APPPATH\Controllers\Admin\Usuarios.php on line 139.
 1 APPPATH\Controllers\Admin\Usuarios.php(72): App\Controllers\Admin\Usuarios->buscaUsuarioOu404('images')
 2 SYSTEMPATH\CodeIgniter.php(934): App\Controllers\Admin\Usuarios->editar('images', 'faces', 'face4.jpg')
 3 SYSTEMPATH\CodeIgniter.php(499): CodeIgniter\CodeIgniter->runController(Object(App\Controllers\Admin\Usuarios))
 4 SYSTEMPATH\CodeIgniter.php(368): CodeIgniter\CodeIgniter->handleRequest(null, Object(Config\Cache), false)
 5 FCPATH\index.php(67): CodeIgniter\CodeIgniter->run()
 6 SYSTEMPATH\Commands\Server\rewrite.php(47): require_once('FCPATH\\index.php')
CRITICAL - 2023-05-02 15:02:40 --> Argument 1 passed to App\Controllers\Admin\Usuarios::buscaUsuarioOu404() must be of the type int or null, string given, called in C:\xampp\htdocs\food\app\Controllers\Admin\Usuarios.php on line 72
in APPPATH\Controllers\Admin\Usuarios.php on line 139.
 1 APPPATH\Controllers\Admin\Usuarios.php(72): App\Controllers\Admin\Usuarios->buscaUsuarioOu404('images')
 2 SYSTEMPATH\CodeIgniter.php(934): App\Controllers\Admin\Usuarios->editar('images', 'logo-mini.svg')
 3 SYSTEMPATH\CodeIgniter.php(499): CodeIgniter\CodeIgniter->runController(Object(App\Controllers\Admin\Usuarios))
 4 SYSTEMPATH\CodeIgniter.php(368): CodeIgniter\CodeIgniter->handleRequest(null, Object(Config\Cache), false)
 5 FCPATH\index.php(67): CodeIgniter\CodeIgniter->run()
 6 SYSTEMPATH\Commands\Server\rewrite.php(47): require_once('FCPATH\\index.php')
CRITICAL - 2023-05-02 15:02:40 --> Argument 1 passed to App\Controllers\Admin\Usuarios::buscaUsuarioOu404() must be of the type int or null, string given, called in C:\xampp\htdocs\food\app\Controllers\Admin\Usuarios.php on line 72
in APPPATH\Controllers\Admin\Usuarios.php on line 139.
 1 APPPATH\Controllers\Admin\Usuarios.php(72): App\Controllers\Admin\Usuarios->buscaUsuarioOu404('images')
 2 SYSTEMPATH\CodeIgniter.php(934): App\Controllers\Admin\Usuarios->editar('images', 'faces', 'face2.jpg')
 3 SYSTEMPATH\CodeIgniter.php(499): CodeIgniter\CodeIgniter->runController(Object(App\Controllers\Admin\Usuarios))
 4 SYSTEMPATH\CodeIgniter.php(368): CodeIgniter\CodeIgniter->handleRequest(null, Object(Config\Cache), false)
 5 FCPATH\index.php(67): CodeIgniter\CodeIgniter->run()
 6 SYSTEMPATH\Commands\Server\rewrite.php(47): require_once('FCPATH\\index.php')
CRITICAL - 2023-05-02 15:02:40 --> Argument 1 passed to App\Controllers\Admin\Usuarios::buscaUsuarioOu404() must be of the type int or null, string given, called in C:\xampp\htdocs\food\app\Controllers\Admin\Usuarios.php on line 72
in APPPATH\Controllers\Admin\Usuarios.php on line 139.
 1 APPPATH\Controllers\Admin\Usuarios.php(72): App\Controllers\Admin\Usuarios->buscaUsuarioOu404('images')
 2 SYSTEMPATH\CodeIgniter.php(934): App\Controllers\Admin\Usuarios->editar('images', 'faces', 'face3.jpg')
 3 SYSTEMPATH\CodeIgniter.php(499): CodeIgniter\CodeIgniter->runController(Object(App\Controllers\Admin\Usuarios))
 4 SYSTEMPATH\CodeIgniter.php(368): CodeIgniter\CodeIgniter->handleRequest(null, Object(Config\Cache), false)
 5 FCPATH\index.php(67): CodeIgniter\CodeIgniter->run()
 6 SYSTEMPATH\Commands\Server\rewrite.php(47): require_once('FCPATH\\index.php')
CRITICAL - 2023-05-02 15:02:40 --> Argument 1 passed to App\Controllers\Admin\Usuarios::buscaUsuarioOu404() must be of the type int or null, string given, called in C:\xampp\htdocs\food\app\Controllers\Admin\Usuarios.php on line 72
in APPPATH\Controllers\Admin\Usuarios.php on line 139.
 1 APPPATH\Controllers\Admin\Usuarios.php(72): App\Controllers\Admin\Usuarios->buscaUsuarioOu404('images')
 2 SYSTEMPATH\CodeIgniter.php(934): App\Controllers\Admin\Usuarios->editar('images', 'faces', 'face5.jpg')
 3 SYSTEMPATH\CodeIgniter.php(499): CodeIgniter\CodeIgniter->runController(Object(App\Controllers\Admin\Usuarios))
 4 SYSTEMPATH\CodeIgniter.php(368): CodeIgniter\CodeIgniter->handleRequest(null, Object(Config\Cache), false)
 5 FCPATH\index.php(67): CodeIgniter\CodeIgniter->run()
 6 SYSTEMPATH\Commands\Server\rewrite.php(47): require_once('FCPATH\\index.php')
INFO - 2023-05-02 15:02:43 --> Session: Class initialized using 'CodeIgniter\Session\Handlers\FileHandler' driver.
CRITICAL - 2023-05-02 15:02:43 --> Argument 1 passed to App\Controllers\Admin\Usuarios::buscaUsuarioOu404() must be of the type int or null, string given, called in C:\xampp\htdocs\food\app\Controllers\Admin\Usuarios.php on line 58
in APPPATH\Controllers\Admin\Usuarios.php on line 139.
 1 APPPATH\Controllers\Admin\Usuarios.php(58): App\Controllers\Admin\Usuarios->buscaUsuarioOu404('images')
 2 SYSTEMPATH\CodeIgniter.php(934): App\Controllers\Admin\Usuarios->show('images', 'faces', 'face3.jpg')
 3 SYSTEMPATH\CodeIgniter.php(499): CodeIgniter\CodeIgniter->runController(Object(App\Controllers\Admin\Usuarios))
 4 SYSTEMPATH\CodeIgniter.php(368): CodeIgniter\CodeIgniter->handleRequest(null, Object(Config\Cache), false)
 5 FCPATH\index.php(67): CodeIgniter\CodeIgniter->run()
 6 SYSTEMPATH\Commands\Server\rewrite.php(47): require_once('FCPATH\\index.php')
CRITICAL - 2023-05-02 15:02:43 --> Argument 1 passed to App\Controllers\Admin\Usuarios::buscaUsuarioOu404() must be of the type int or null, string given, called in C:\xampp\htdocs\food\app\Controllers\Admin\Usuarios.php on line 58
in APPPATH\Controllers\Admin\Usuarios.php on line 139.
 1 APPPATH\Controllers\Admin\Usuarios.php(58): App\Controllers\Admin\Usuarios->buscaUsuarioOu404('images')
 2 SYSTEMPATH\CodeIgniter.php(934): App\Controllers\Admin\Usuarios->show('images', 'logo.svg')
 3 SYSTEMPATH\CodeIgniter.php(499): CodeIgniter\CodeIgniter->runController(Object(App\Controllers\Admin\Usuarios))
 4 SYSTEMPATH\CodeIgniter.php(368): CodeIgniter\CodeIgniter->handleRequest(null, Object(Config\Cache), false)
 5 FCPATH\index.php(67): CodeIgniter\CodeIgniter->run()
 6 SYSTEMPATH\Commands\Server\rewrite.php(47): require_once('FCPATH\\index.php')
CRITICAL - 2023-05-02 15:02:43 --> Argument 1 passed to App\Controllers\Admin\Usuarios::buscaUsuarioOu404() must be of the type int or null, string given, called in C:\xampp\htdocs\food\app\Controllers\Admin\Usuarios.php on line 58
in APPPATH\Controllers\Admin\Usuarios.php on line 139.
 1 APPPATH\Controllers\Admin\Usuarios.php(58): App\Controllers\Admin\Usuarios->buscaUsuarioOu404('images')
 2 SYSTEMPATH\CodeIgniter.php(934): App\Controllers\Admin\Usuarios->show('images', 'logo-mini.svg')
 3 SYSTEMPATH\CodeIgniter.php(499): CodeIgniter\CodeIgniter->runController(Object(App\Controllers\Admin\Usuarios))
 4 SYSTEMPATH\CodeIgniter.php(368): CodeIgniter\CodeIgniter->handleRequest(null, Object(Config\Cache), false)
 5 FCPATH\index.php(67): CodeIgniter\CodeIgniter->run()
 6 SYSTEMPATH\Commands\Server\rewrite.php(47): require_once('FCPATH\\index.php')
CRITICAL - 2023-05-02 15:02:43 --> Argument 1 passed to App\Controllers\Admin\Usuarios::buscaUsuarioOu404() must be of the type int or null, string given, called in C:\xampp\htdocs\food\app\Controllers\Admin\Usuarios.php on line 58
in APPPATH\Controllers\Admin\Usuarios.php on line 139.
 1 APPPATH\Controllers\Admin\Usuarios.php(58): App\Controllers\Admin\Usuarios->buscaUsuarioOu404('images')
 2 SYSTEMPATH\CodeIgniter.php(934): App\Controllers\Admin\Usuarios->show('images', 'faces', 'face4.jpg')
 3 SYSTEMPATH\CodeIgniter.php(499): CodeIgniter\CodeIgniter->runController(Object(App\Controllers\Admin\Usuarios))
 4 SYSTEMPATH\CodeIgniter.php(368): CodeIgniter\CodeIgniter->handleRequest(null, Object(Config\Cache), false)
 5 FCPATH\index.php(67): CodeIgniter\CodeIgniter->run()
 6 SYSTEMPATH\Commands\Server\rewrite.php(47): require_once('FCPATH\\index.php')
CRITICAL - 2023-05-02 15:02:43 --> Argument 1 passed to App\Controllers\Admin\Usuarios::buscaUsuarioOu404() must be of the type int or null, string given, called in C:\xampp\htdocs\food\app\Controllers\Admin\Usuarios.php on line 58
in APPPATH\Controllers\Admin\Usuarios.php on line 139.
 1 APPPATH\Controllers\Admin\Usuarios.php(58): App\Controllers\Admin\Usuarios->buscaUsuarioOu404('images')
 2 SYSTEMPATH\CodeIgniter.php(934): App\Controllers\Admin\Usuarios->show('images', 'faces', 'face5.jpg')
 3 SYSTEMPATH\CodeIgniter.php(499): CodeIgniter\CodeIgniter->runController(Object(App\Controllers\Admin\Usuarios))
 4 SYSTEMPATH\CodeIgniter.php(368): CodeIgniter\CodeIgniter->handleRequest(null, Object(Config\Cache), false)
 5 FCPATH\index.php(67): CodeIgniter\CodeIgniter->run()
 6 SYSTEMPATH\Commands\Server\rewrite.php(47): require_once('FCPATH\\index.php')
CRITICAL - 2023-05-02 15:02:43 --> Argument 1 passed to App\Controllers\Admin\Usuarios::buscaUsuarioOu404() must be of the type int or null, string given, called in C:\xampp\htdocs\food\app\Controllers\Admin\Usuarios.php on line 58
in APPPATH\Controllers\Admin\Usuarios.php on line 139.
 1 APPPATH\Controllers\Admin\Usuarios.php(58): App\Controllers\Admin\Usuarios->buscaUsuarioOu404('images')
 2 SYSTEMPATH\CodeIgniter.php(934): App\Controllers\Admin\Usuarios->show('images', 'faces', 'face2.jpg')
 3 SYSTEMPATH\CodeIgniter.php(499): CodeIgniter\CodeIgniter->runController(Object(App\Controllers\Admin\Usuarios))
 4 SYSTEMPATH\CodeIgniter.php(368): CodeIgniter\CodeIgniter->handleRequest(null, Object(Config\Cache), false)
 5 FCPATH\index.php(67): CodeIgniter\CodeIgniter->run()
 6 SYSTEMPATH\Commands\Server\rewrite.php(47): require_once('FCPATH\\index.php')
INFO - 2023-05-02 15:02:45 --> Session: Class initialized using 'CodeIgniter\Session\Handlers\FileHandler' driver.
CRITICAL - 2023-05-02 15:02:45 --> Argument 1 passed to App\Controllers\Admin\Usuarios::buscaUsuarioOu404() must be of the type int or null, string given, called in C:\xampp\htdocs\food\app\Controllers\Admin\Usuarios.php on line 72
in APPPATH\Controllers\Admin\Usuarios.php on line 139.
 1 APPPATH\Controllers\Admin\Usuarios.php(72): App\Controllers\Admin\Usuarios->buscaUsuarioOu404('images')
 2 SYSTEMPATH\CodeIgniter.php(934): App\Controllers\Admin\Usuarios->editar('images', 'faces', 'face3.jpg')
 3 SYSTEMPATH\CodeIgniter.php(499): CodeIgniter\CodeIgniter->runController(Object(App\Controllers\Admin\Usuarios))
 4 SYSTEMPATH\CodeIgniter.php(368): CodeIgniter\CodeIgniter->handleRequest(null, Object(Config\Cache), false)
 5 FCPATH\index.php(67): CodeIgniter\CodeIgniter->run()
 6 SYSTEMPATH\Commands\Server\rewrite.php(47): require_once('FCPATH\\index.php')
CRITICAL - 2023-05-02 15:02:45 --> Argument 1 passed to App\Controllers\Admin\Usuarios::buscaUsuarioOu404() must be of the type int or null, string given, called in C:\xampp\htdocs\food\app\Controllers\Admin\Usuarios.php on line 72
in APPPATH\Controllers\Admin\Usuarios.php on line 139.
 1 APPPATH\Controllers\Admin\Usuarios.php(72): App\Controllers\Admin\Usuarios->buscaUsuarioOu404('images')
 2 SYSTEMPATH\CodeIgniter.php(934): App\Controllers\Admin\Usuarios->editar('images', 'logo.svg')
 3 SYSTEMPATH\CodeIgniter.php(499): CodeIgniter\CodeIgniter->runController(Object(App\Controllers\Admin\Usuarios))
 4 SYSTEMPATH\CodeIgniter.php(368): CodeIgniter\CodeIgniter->handleRequest(null, Object(Config\Cache), false)
 5 FCPATH\index.php(67): CodeIgniter\CodeIgniter->run()
 6 SYSTEMPATH\Commands\Server\rewrite.php(47): require_once('FCPATH\\index.php')
CRITICAL - 2023-05-02 15:02:45 --> Argument 1 passed to App\Controllers\Admin\Usuarios::buscaUsuarioOu404() must be of the type int or null, string given, called in C:\xampp\htdocs\food\app\Controllers\Admin\Usuarios.php on line 72
in APPPATH\Controllers\Admin\Usuarios.php on line 139.
 1 APPPATH\Controllers\Admin\Usuarios.php(72): App\Controllers\Admin\Usuarios->buscaUsuarioOu404('images')
 2 SYSTEMPATH\CodeIgniter.php(934): App\Controllers\Admin\Usuarios->editar('images', 'logo-mini.svg')
 3 SYSTEMPATH\CodeIgniter.php(499): CodeIgniter\CodeIgniter->runController(Object(App\Controllers\Admin\Usuarios))
 4 SYSTEMPATH\CodeIgniter.php(368): CodeIgniter\CodeIgniter->handleRequest(null, Object(Config\Cache), false)
 5 FCPATH\index.php(67): CodeIgniter\CodeIgniter->run()
 6 SYSTEMPATH\Commands\Server\rewrite.php(47): require_once('FCPATH\\index.php')
CRITICAL - 2023-05-02 15:02:46 --> Argument 1 passed to App\Controllers\Admin\Usuarios::buscaUsuarioOu404() must be of the type int or null, string given, called in C:\xampp\htdocs\food\app\Controllers\Admin\Usuarios.php on line 72
in APPPATH\Controllers\Admin\Usuarios.php on line 139.
 1 APPPATH\Controllers\Admin\Usuarios.php(72): App\Controllers\Admin\Usuarios->buscaUsuarioOu404('images')
 2 SYSTEMPATH\CodeIgniter.php(934): App\Controllers\Admin\Usuarios->editar('images', 'faces', 'face5.jpg')
 3 SYSTEMPATH\CodeIgniter.php(499): CodeIgniter\CodeIgniter->runController(Object(App\Controllers\Admin\Usuarios))
 4 SYSTEMPATH\CodeIgniter.php(368): CodeIgniter\CodeIgniter->handleRequest(null, Object(Config\Cache), false)
 5 FCPATH\index.php(67): CodeIgniter\CodeIgniter->run()
 6 SYSTEMPATH\Commands\Server\rewrite.php(47): require_once('FCPATH\\index.php')
CRITICAL - 2023-05-02 15:02:46 --> Argument 1 passed to App\Controllers\Admin\Usuarios::buscaUsuarioOu404() must be of the type int or null, string given, called in C:\xampp\htdocs\food\app\Controllers\Admin\Usuarios.php on line 72
in APPPATH\Controllers\Admin\Usuarios.php on line 139.
 1 APPPATH\Controllers\Admin\Usuarios.php(72): App\Controllers\Admin\Usuarios->buscaUsuarioOu404('images')
 2 SYSTEMPATH\CodeIgniter.php(934): App\Controllers\Admin\Usuarios->editar('images', 'faces', 'face4.jpg')
 3 SYSTEMPATH\CodeIgniter.php(499): CodeIgniter\CodeIgniter->runController(Object(App\Controllers\Admin\Usuarios))
 4 SYSTEMPATH\CodeIgniter.php(368): CodeIgniter\CodeIgniter->handleRequest(null, Object(Config\Cache), false)
 5 FCPATH\index.php(67): CodeIgniter\CodeIgniter->run()
 6 SYSTEMPATH\Commands\Server\rewrite.php(47): require_once('FCPATH\\index.php')
CRITICAL - 2023-05-02 15:02:46 --> Argument 1 passed to App\Controllers\Admin\Usuarios::buscaUsuarioOu404() must be of the type int or null, string given, called in C:\xampp\htdocs\food\app\Controllers\Admin\Usuarios.php on line 72
in APPPATH\Controllers\Admin\Usuarios.php on line 139.
 1 APPPATH\Controllers\Admin\Usuarios.php(72): App\Controllers\Admin\Usuarios->buscaUsuarioOu404('images')
 2 SYSTEMPATH\CodeIgniter.php(934): App\Controllers\Admin\Usuarios->editar('images', 'faces', 'face2.jpg')
 3 SYSTEMPATH\CodeIgniter.php(499): CodeIgniter\CodeIgniter->runController(Object(App\Controllers\Admin\Usuarios))
 4 SYSTEMPATH\CodeIgniter.php(368): CodeIgniter\CodeIgniter->handleRequest(null, Object(Config\Cache), false)
 5 FCPATH\index.php(67): CodeIgniter\CodeIgniter->run()
 6 SYSTEMPATH\Commands\Server\rewrite.php(47): require_once('FCPATH\\index.php')
INFO - 2023-05-02 15:02:53 --> CSRF token verified.
INFO - 2023-05-02 15:02:53 --> Session: Class initialized using 'CodeIgniter\Session\Handlers\FileHandler' driver.
INFO - 2023-05-02 15:02:53 --> Session: Class initialized using 'CodeIgniter\Session\Handlers\FileHandler' driver.
CRITICAL - 2023-05-02 15:02:53 --> Argument 1 passed to App\Controllers\Admin\Usuarios::buscaUsuarioOu404() must be of the type int or null, string given, called in C:\xampp\htdocs\food\app\Controllers\Admin\Usuarios.php on line 72
in APPPATH\Controllers\Admin\Usuarios.php on line 139.
 1 APPPATH\Controllers\Admin\Usuarios.php(72): App\Controllers\Admin\Usuarios->buscaUsuarioOu404('images')
 2 SYSTEMPATH\CodeIgniter.php(934): App\Controllers\Admin\Usuarios->editar('images', 'faces', 'face2.jpg')
 3 SYSTEMPATH\CodeIgniter.php(499): CodeIgniter\CodeIgniter->runController(Object(App\Controllers\Admin\Usuarios))
 4 SYSTEMPATH\CodeIgniter.php(368): CodeIgniter\CodeIgniter->handleRequest(null, Object(Config\Cache), false)
 5 FCPATH\index.php(67): CodeIgniter\CodeIgniter->run()
 6 SYSTEMPATH\Commands\Server\rewrite.php(47): require_once('FCPATH\\index.php')
CRITICAL - 2023-05-02 15:02:53 --> Argument 1 passed to App\Controllers\Admin\Usuarios::buscaUsuarioOu404() must be of the type int or null, string given, called in C:\xampp\htdocs\food\app\Controllers\Admin\Usuarios.php on line 72
in APPPATH\Controllers\Admin\Usuarios.php on line 139.
 1 APPPATH\Controllers\Admin\Usuarios.php(72): App\Controllers\Admin\Usuarios->buscaUsuarioOu404('images')
 2 SYSTEMPATH\CodeIgniter.php(934): App\Controllers\Admin\Usuarios->editar('images', 'faces', 'face5.jpg')
 3 SYSTEMPATH\CodeIgniter.php(499): CodeIgniter\CodeIgniter->runController(Object(App\Controllers\Admin\Usuarios))
 4 SYSTEMPATH\CodeIgniter.php(368): CodeIgniter\CodeIgniter->handleRequest(null, Object(Config\Cache), false)
 5 FCPATH\index.php(67): CodeIgniter\CodeIgniter->run()
 6 SYSTEMPATH\Commands\Server\rewrite.php(47): require_once('FCPATH\\index.php')
CRITICAL - 2023-05-02 15:02:53 --> Argument 1 passed to App\Controllers\Admin\Usuarios::buscaUsuarioOu404() must be of the type int or null, string given, called in C:\xampp\htdocs\food\app\Controllers\Admin\Usuarios.php on line 72
in APPPATH\Controllers\Admin\Usuarios.php on line 139.
 1 APPPATH\Controllers\Admin\Usuarios.php(72): App\Controllers\Admin\Usuarios->buscaUsuarioOu404('images')
 2 SYSTEMPATH\CodeIgniter.php(934): App\Controllers\Admin\Usuarios->editar('images', 'faces', 'face4.jpg')
 3 SYSTEMPATH\CodeIgniter.php(499): CodeIgniter\CodeIgniter->runController(Object(App\Controllers\Admin\Usuarios))
 4 SYSTEMPATH\CodeIgniter.php(368): CodeIgniter\CodeIgniter->handleRequest(null, Object(Config\Cache), false)
 5 FCPATH\index.php(67): CodeIgniter\CodeIgniter->run()
 6 SYSTEMPATH\Commands\Server\rewrite.php(47): require_once('FCPATH\\index.php')
CRITICAL - 2023-05-02 15:02:53 --> Argument 1 passed to App\Controllers\Admin\Usuarios::buscaUsuarioOu404() must be of the type int or null, string given, called in C:\xampp\htdocs\food\app\Controllers\Admin\Usuarios.php on line 72
in APPPATH\Controllers\Admin\Usuarios.php on line 139.
 1 APPPATH\Controllers\Admin\Usuarios.php(72): App\Controllers\Admin\Usuarios->buscaUsuarioOu404('images')
 2 SYSTEMPATH\CodeIgniter.php(934): App\Controllers\Admin\Usuarios->editar('images', 'logo.svg')
 3 SYSTEMPATH\CodeIgniter.php(499): CodeIgniter\CodeIgniter->runController(Object(App\Controllers\Admin\Usuarios))
 4 SYSTEMPATH\CodeIgniter.php(368): CodeIgniter\CodeIgniter->handleRequest(null, Object(Config\Cache), false)
 5 FCPATH\index.php(67): CodeIgniter\CodeIgniter->run()
 6 SYSTEMPATH\Commands\Server\rewrite.php(47): require_once('FCPATH\\index.php')
CRITICAL - 2023-05-02 15:02:53 --> Argument 1 passed to App\Controllers\Admin\Usuarios::buscaUsuarioOu404() must be of the type int or null, string given, called in C:\xampp\htdocs\food\app\Controllers\Admin\Usuarios.php on line 72
in APPPATH\Controllers\Admin\Usuarios.php on line 139.
 1 APPPATH\Controllers\Admin\Usuarios.php(72): App\Controllers\Admin\Usuarios->buscaUsuarioOu404('images')
 2 SYSTEMPATH\CodeIgniter.php(934): App\Controllers\Admin\Usuarios->editar('images', 'faces', 'face3.jpg')
 3 SYSTEMPATH\CodeIgniter.php(499): CodeIgniter\CodeIgniter->runController(Object(App\Controllers\Admin\Usuarios))
 4 SYSTEMPATH\CodeIgniter.php(368): CodeIgniter\CodeIgniter->handleRequest(null, Object(Config\Cache), false)
 5 FCPATH\index.php(67): CodeIgniter\CodeIgniter->run()
 6 SYSTEMPATH\Commands\Server\rewrite.php(47): require_once('FCPATH\\index.php')
CRITICAL - 2023-05-02 15:02:53 --> Argument 1 passed to App\Controllers\Admin\Usuarios::buscaUsuarioOu404() must be of the type int or null, string given, called in C:\xampp\htdocs\food\app\Controllers\Admin\Usuarios.php on line 72
in APPPATH\Controllers\Admin\Usuarios.php on line 139.
 1 APPPATH\Controllers\Admin\Usuarios.php(72): App\Controllers\Admin\Usuarios->buscaUsuarioOu404('images')
 2 SYSTEMPATH\CodeIgniter.php(934): App\Controllers\Admin\Usuarios->editar('images', 'logo-mini.svg')
 3 SYSTEMPATH\CodeIgniter.php(499): CodeIgniter\CodeIgniter->runController(Object(App\Controllers\Admin\Usuarios))
 4 SYSTEMPATH\CodeIgniter.php(368): CodeIgniter\CodeIgniter->handleRequest(null, Object(Config\Cache), false)
 5 FCPATH\index.php(67): CodeIgniter\CodeIgniter->run()
 6 SYSTEMPATH\Commands\Server\rewrite.php(47): require_once('FCPATH\\index.php')
INFO - 2023-05-02 15:03:03 --> CSRF token verified.
INFO - 2023-05-02 15:03:03 --> Session: Class initialized using 'CodeIgniter\Session\Handlers\FileHandler' driver.
INFO - 2023-05-02 15:03:03 --> Session: Class initialized using 'CodeIgniter\Session\Handlers\FileHandler' driver.
CRITICAL - 2023-05-02 15:03:03 --> Argument 1 passed to App\Controllers\Admin\Usuarios::buscaUsuarioOu404() must be of the type int or null, string given, called in C:\xampp\htdocs\food\app\Controllers\Admin\Usuarios.php on line 72
in APPPATH\Controllers\Admin\Usuarios.php on line 139.
 1 APPPATH\Controllers\Admin\Usuarios.php(72): App\Controllers\Admin\Usuarios->buscaUsuarioOu404('images')
 2 SYSTEMPATH\CodeIgniter.php(934): App\Controllers\Admin\Usuarios->editar('images', 'faces', 'face4.jpg')
 3 SYSTEMPATH\CodeIgniter.php(499): CodeIgniter\CodeIgniter->runController(Object(App\Controllers\Admin\Usuarios))
 4 SYSTEMPATH\CodeIgniter.php(368): CodeIgniter\CodeIgniter->handleRequest(null, Object(Config\Cache), false)
 5 FCPATH\index.php(67): CodeIgniter\CodeIgniter->run()
 6 SYSTEMPATH\Commands\Server\rewrite.php(47): require_once('FCPATH\\index.php')
CRITICAL - 2023-05-02 15:03:03 --> Argument 1 passed to App\Controllers\Admin\Usuarios::buscaUsuarioOu404() must be of the type int or null, string given, called in C:\xampp\htdocs\food\app\Controllers\Admin\Usuarios.php on line 72
in APPPATH\Controllers\Admin\Usuarios.php on line 139.
 1 APPPATH\Controllers\Admin\Usuarios.php(72): App\Controllers\Admin\Usuarios->buscaUsuarioOu404('images')
 2 SYSTEMPATH\CodeIgniter.php(934): App\Controllers\Admin\Usuarios->editar('images', 'faces', 'face2.jpg')
 3 SYSTEMPATH\CodeIgniter.php(499): CodeIgniter\CodeIgniter->runController(Object(App\Controllers\Admin\Usuarios))
 4 SYSTEMPATH\CodeIgniter.php(368): CodeIgniter\CodeIgniter->handleRequest(null, Object(Config\Cache), false)
 5 FCPATH\index.php(67): CodeIgniter\CodeIgniter->run()
 6 SYSTEMPATH\Commands\Server\rewrite.php(47): require_once('FCPATH\\index.php')
CRITICAL - 2023-05-02 15:03:04 --> Argument 1 passed to App\Controllers\Admin\Usuarios::buscaUsuarioOu404() must be of the type int or null, string given, called in C:\xampp\htdocs\food\app\Controllers\Admin\Usuarios.php on line 72
in APPPATH\Controllers\Admin\Usuarios.php on line 139.
 1 APPPATH\Controllers\Admin\Usuarios.php(72): App\Controllers\Admin\Usuarios->buscaUsuarioOu404('images')
 2 SYSTEMPATH\CodeIgniter.php(934): App\Controllers\Admin\Usuarios->editar('images', 'faces', 'face3.jpg')
 3 SYSTEMPATH\CodeIgniter.php(499): CodeIgniter\CodeIgniter->runController(Object(App\Controllers\Admin\Usuarios))
 4 SYSTEMPATH\CodeIgniter.php(368): CodeIgniter\CodeIgniter->handleRequest(null, Object(Config\Cache), false)
 5 FCPATH\index.php(67): CodeIgniter\CodeIgniter->run()
 6 SYSTEMPATH\Commands\Server\rewrite.php(47): require_once('FCPATH\\index.php')
CRITICAL - 2023-05-02 15:03:04 --> Argument 1 passed to App\Controllers\Admin\Usuarios::buscaUsuarioOu404() must be of the type int or null, string given, called in C:\xampp\htdocs\food\app\Controllers\Admin\Usuarios.php on line 72
in APPPATH\Controllers\Admin\Usuarios.php on line 139.
 1 APPPATH\Controllers\Admin\Usuarios.php(72): App\Controllers\Admin\Usuarios->buscaUsuarioOu404('images')
 2 SYSTEMPATH\CodeIgniter.php(934): App\Controllers\Admin\Usuarios->editar('images', 'logo.svg')
 3 SYSTEMPATH\CodeIgniter.php(499): CodeIgniter\CodeIgniter->runController(Object(App\Controllers\Admin\Usuarios))
 4 SYSTEMPATH\CodeIgniter.php(368): CodeIgniter\CodeIgniter->handleRequest(null, Object(Config\Cache), false)
 5 FCPATH\index.php(67): CodeIgniter\CodeIgniter->run()
 6 SYSTEMPATH\Commands\Server\rewrite.php(47): require_once('FCPATH\\index.php')
CRITICAL - 2023-05-02 15:03:04 --> Argument 1 passed to App\Controllers\Admin\Usuarios::buscaUsuarioOu404() must be of the type int or null, string given, called in C:\xampp\htdocs\food\app\Controllers\Admin\Usuarios.php on line 72
in APPPATH\Controllers\Admin\Usuarios.php on line 139.
 1 APPPATH\Controllers\Admin\Usuarios.php(72): App\Controllers\Admin\Usuarios->buscaUsuarioOu404('images')
 2 SYSTEMPATH\CodeIgniter.php(934): App\Controllers\Admin\Usuarios->editar('images', 'faces', 'face5.jpg')
 3 SYSTEMPATH\CodeIgniter.php(499): CodeIgniter\CodeIgniter->runController(Object(App\Controllers\Admin\Usuarios))
 4 SYSTEMPATH\CodeIgniter.php(368): CodeIgniter\CodeIgniter->handleRequest(null, Object(Config\Cache), false)
 5 FCPATH\index.php(67): CodeIgniter\CodeIgniter->run()
 6 SYSTEMPATH\Commands\Server\rewrite.php(47): require_once('FCPATH\\index.php')
CRITICAL - 2023-05-02 15:03:04 --> Argument 1 passed to App\Controllers\Admin\Usuarios::buscaUsuarioOu404() must be of the type int or null, string given, called in C:\xampp\htdocs\food\app\Controllers\Admin\Usuarios.php on line 72
in APPPATH\Controllers\Admin\Usuarios.php on line 139.
 1 APPPATH\Controllers\Admin\Usuarios.php(72): App\Controllers\Admin\Usuarios->buscaUsuarioOu404('images')
 2 SYSTEMPATH\CodeIgniter.php(934): App\Controllers\Admin\Usuarios->editar('images', 'logo-mini.svg')
 3 SYSTEMPATH\CodeIgniter.php(499): CodeIgniter\CodeIgniter->runController(Object(App\Controllers\Admin\Usuarios))
 4 SYSTEMPATH\CodeIgniter.php(368): CodeIgniter\CodeIgniter->handleRequest(null, Object(Config\Cache), false)
 5 FCPATH\index.php(67): CodeIgniter\CodeIgniter->run()
 6 SYSTEMPATH\Commands\Server\rewrite.php(47): require_once('FCPATH\\index.php')
INFO - 2023-05-02 20:11:12 --> Session: Class initialized using 'CodeIgniter\Session\Handlers\FileHandler' driver.
CRITICAL - 2023-05-02 20:11:12 --> Argument 1 passed to App\Controllers\Admin\Usuarios::buscaUsuarioOu404() must be of the type int or null, string given, called in C:\xampp\htdocs\food\app\Controllers\Admin\Usuarios.php on line 72
in APPPATH\Controllers\Admin\Usuarios.php on line 139.
 1 APPPATH\Controllers\Admin\Usuarios.php(72): App\Controllers\Admin\Usuarios->buscaUsuarioOu404('images')
 2 SYSTEMPATH\CodeIgniter.php(934): App\Controllers\Admin\Usuarios->editar('images', 'logo.svg')
 3 SYSTEMPATH\CodeIgniter.php(499): CodeIgniter\CodeIgniter->runController(Object(App\Controllers\Admin\Usuarios))
 4 SYSTEMPATH\CodeIgniter.php(368): CodeIgniter\CodeIgniter->handleRequest(null, Object(Config\Cache), false)
 5 FCPATH\index.php(67): CodeIgniter\CodeIgniter->run()
 6 SYSTEMPATH\Commands\Server\rewrite.php(47): require_once('FCPATH\\index.php')
CRITICAL - 2023-05-02 20:11:12 --> Argument 1 passed to App\Controllers\Admin\Usuarios::buscaUsuarioOu404() must be of the type int or null, string given, called in C:\xampp\htdocs\food\app\Controllers\Admin\Usuarios.php on line 72
in APPPATH\Controllers\Admin\Usuarios.php on line 139.
 1 APPPATH\Controllers\Admin\Usuarios.php(72): App\Controllers\Admin\Usuarios->buscaUsuarioOu404('images')
 2 SYSTEMPATH\CodeIgniter.php(934): App\Controllers\Admin\Usuarios->editar('images', 'faces', 'face4.jpg')
 3 SYSTEMPATH\CodeIgniter.php(499): CodeIgniter\CodeIgniter->runController(Object(App\Controllers\Admin\Usuarios))
 4 SYSTEMPATH\CodeIgniter.php(368): CodeIgniter\CodeIgniter->handleRequest(null, Object(Config\Cache), false)
 5 FCPATH\index.php(67): CodeIgniter\CodeIgniter->run()
 6 SYSTEMPATH\Commands\Server\rewrite.php(47): require_once('FCPATH\\index.php')
CRITICAL - 2023-05-02 20:11:13 --> Argument 1 passed to App\Controllers\Admin\Usuarios::buscaUsuarioOu404() must be of the type int or null, string given, called in C:\xampp\htdocs\food\app\Controllers\Admin\Usuarios.php on line 72
in APPPATH\Controllers\Admin\Usuarios.php on line 139.
 1 APPPATH\Controllers\Admin\Usuarios.php(72): App\Controllers\Admin\Usuarios->buscaUsuarioOu404('images')
 2 SYSTEMPATH\CodeIgniter.php(934): App\Controllers\Admin\Usuarios->editar('images', 'logo-mini.svg')
 3 SYSTEMPATH\CodeIgniter.php(499): CodeIgniter\CodeIgniter->runController(Object(App\Controllers\Admin\Usuarios))
 4 SYSTEMPATH\CodeIgniter.php(368): CodeIgniter\CodeIgniter->handleRequest(null, Object(Config\Cache), false)
 5 FCPATH\index.php(67): CodeIgniter\CodeIgniter->run()
 6 SYSTEMPATH\Commands\Server\rewrite.php(47): require_once('FCPATH\\index.php')
CRITICAL - 2023-05-02 20:11:13 --> Argument 1 passed to App\Controllers\Admin\Usuarios::buscaUsuarioOu404() must be of the type int or null, string given, called in C:\xampp\htdocs\food\app\Controllers\Admin\Usuarios.php on line 72
in APPPATH\Controllers\Admin\Usuarios.php on line 139.
 1 APPPATH\Controllers\Admin\Usuarios.php(72): App\Controllers\Admin\Usuarios->buscaUsuarioOu404('images')
 2 SYSTEMPATH\CodeIgniter.php(934): App\Controllers\Admin\Usuarios->editar('images', 'faces', 'face2.jpg')
 3 SYSTEMPATH\CodeIgniter.php(499): CodeIgniter\CodeIgniter->runController(Object(App\Controllers\Admin\Usuarios))
 4 SYSTEMPATH\CodeIgniter.php(368): CodeIgniter\CodeIgniter->handleRequest(null, Object(Config\Cache), false)
 5 FCPATH\index.php(67): CodeIgniter\CodeIgniter->run()
 6 SYSTEMPATH\Commands\Server\rewrite.php(47): require_once('FCPATH\\index.php')
CRITICAL - 2023-05-02 20:11:13 --> Argument 1 passed to App\Controllers\Admin\Usuarios::buscaUsuarioOu404() must be of the type int or null, string given, called in C:\xampp\htdocs\food\app\Controllers\Admin\Usuarios.php on line 72
in APPPATH\Controllers\Admin\Usuarios.php on line 139.
 1 APPPATH\Controllers\Admin\Usuarios.php(72): App\Controllers\Admin\Usuarios->buscaUsuarioOu404('images')
 2 SYSTEMPATH\CodeIgniter.php(934): App\Controllers\Admin\Usuarios->editar('images', 'faces', 'face5.jpg')
 3 SYSTEMPATH\CodeIgniter.php(499): CodeIgniter\CodeIgniter->runController(Object(App\Controllers\Admin\Usuarios))
 4 SYSTEMPATH\CodeIgniter.php(368): CodeIgniter\CodeIgniter->handleRequest(null, Object(Config\Cache), false)
 5 FCPATH\index.php(67): CodeIgniter\CodeIgniter->run()
 6 SYSTEMPATH\Commands\Server\rewrite.php(47): require_once('FCPATH\\index.php')
CRITICAL - 2023-05-02 20:11:13 --> Argument 1 passed to App\Controllers\Admin\Usuarios::buscaUsuarioOu404() must be of the type int or null, string given, called in C:\xampp\htdocs\food\app\Controllers\Admin\Usuarios.php on line 72
in APPPATH\Controllers\Admin\Usuarios.php on line 139.
 1 APPPATH\Controllers\Admin\Usuarios.php(72): App\Controllers\Admin\Usuarios->buscaUsuarioOu404('images')
 2 SYSTEMPATH\CodeIgniter.php(934): App\Controllers\Admin\Usuarios->editar('images', 'faces', 'face3.jpg')
 3 SYSTEMPATH\CodeIgniter.php(499): CodeIgniter\CodeIgniter->runController(Object(App\Controllers\Admin\Usuarios))
 4 SYSTEMPATH\CodeIgniter.php(368): CodeIgniter\CodeIgniter->handleRequest(null, Object(Config\Cache), false)
 5 FCPATH\index.php(67): CodeIgniter\CodeIgniter->run()
 6 SYSTEMPATH\Commands\Server\rewrite.php(47): require_once('FCPATH\\index.php')
CRITICAL - 2023-05-02 20:11:13 --> Argument 1 passed to App\Controllers\Admin\Usuarios::buscaUsuarioOu404() must be of the type int or null, string given, called in C:\xampp\htdocs\food\app\Controllers\Admin\Usuarios.php on line 72
in APPPATH\Controllers\Admin\Usuarios.php on line 139.
 1 APPPATH\Controllers\Admin\Usuarios.php(72): App\Controllers\Admin\Usuarios->buscaUsuarioOu404('images')
 2 SYSTEMPATH\CodeIgniter.php(934): App\Controllers\Admin\Usuarios->editar('images', 'faces', 'face4.jpg')
 3 SYSTEMPATH\CodeIgniter.php(499): CodeIgniter\CodeIgniter->runController(Object(App\Controllers\Admin\Usuarios))
 4 SYSTEMPATH\CodeIgniter.php(368): CodeIgniter\CodeIgniter->handleRequest(null, Object(Config\Cache), false)
 5 FCPATH\index.php(67): CodeIgniter\CodeIgniter->run()
 6 SYSTEMPATH\Commands\Server\rewrite.php(47): require_once('FCPATH\\index.php')
CRITICAL - 2023-05-02 20:11:13 --> Argument 1 passed to App\Controllers\Admin\Usuarios::buscaUsuarioOu404() must be of the type int or null, string given, called in C:\xampp\htdocs\food\app\Controllers\Admin\Usuarios.php on line 72
in APPPATH\Controllers\Admin\Usuarios.php on line 139.
 1 APPPATH\Controllers\Admin\Usuarios.php(72): App\Controllers\Admin\Usuarios->buscaUsuarioOu404('images')
 2 SYSTEMPATH\CodeIgniter.php(934): App\Controllers\Admin\Usuarios->editar('images', 'faces', 'face2.jpg')
 3 SYSTEMPATH\CodeIgniter.php(499): CodeIgniter\CodeIgniter->runController(Object(App\Controllers\Admin\Usuarios))
 4 SYSTEMPATH\CodeIgniter.php(368): CodeIgniter\CodeIgniter->handleRequest(null, Object(Config\Cache), false)
 5 FCPATH\index.php(67): CodeIgniter\CodeIgniter->run()
 6 SYSTEMPATH\Commands\Server\rewrite.php(47): require_once('FCPATH\\index.php')
CRITICAL - 2023-05-02 20:11:13 --> Argument 1 passed to App\Controllers\Admin\Usuarios::buscaUsuarioOu404() must be of the type int or null, string given, called in C:\xampp\htdocs\food\app\Controllers\Admin\Usuarios.php on line 72
in APPPATH\Controllers\Admin\Usuarios.php on line 139.
 1 APPPATH\Controllers\Admin\Usuarios.php(72): App\Controllers\Admin\Usuarios->buscaUsuarioOu404('images')
 2 SYSTEMPATH\CodeIgniter.php(934): App\Controllers\Admin\Usuarios->editar('images', 'faces', 'face5.jpg')
 3 SYSTEMPATH\CodeIgniter.php(499): CodeIgniter\CodeIgniter->runController(Object(App\Controllers\Admin\Usuarios))
 4 SYSTEMPATH\CodeIgniter.php(368): CodeIgniter\CodeIgniter->handleRequest(null, Object(Config\Cache), false)
 5 FCPATH\index.php(67): CodeIgniter\CodeIgniter->run()
 6 SYSTEMPATH\Commands\Server\rewrite.php(47): require_once('FCPATH\\index.php')
CRITICAL - 2023-05-02 20:11:13 --> Argument 1 passed to App\Controllers\Admin\Usuarios::buscaUsuarioOu404() must be of the type int or null, string given, called in C:\xampp\htdocs\food\app\Controllers\Admin\Usuarios.php on line 72
in APPPATH\Controllers\Admin\Usuarios.php on line 139.
 1 APPPATH\Controllers\Admin\Usuarios.php(72): App\Controllers\Admin\Usuarios->buscaUsuarioOu404('images')
 2 SYSTEMPATH\CodeIgniter.php(934): App\Controllers\Admin\Usuarios->editar('images', 'faces', 'face3.jpg')
 3 SYSTEMPATH\CodeIgniter.php(499): CodeIgniter\CodeIgniter->runController(Object(App\Controllers\Admin\Usuarios))
 4 SYSTEMPATH\CodeIgniter.php(368): CodeIgniter\CodeIgniter->handleRequest(null, Object(Config\Cache), false)
 5 FCPATH\index.php(67): CodeIgniter\CodeIgniter->run()
 6 SYSTEMPATH\Commands\Server\rewrite.php(47): require_once('FCPATH\\index.php')
CRITICAL - 2023-05-02 20:11:13 --> Argument 1 passed to App\Controllers\Admin\Usuarios::buscaUsuarioOu404() must be of the type int or null, string given, called in C:\xampp\htdocs\food\app\Controllers\Admin\Usuarios.php on line 72
in APPPATH\Controllers\Admin\Usuarios.php on line 139.
 1 APPPATH\Controllers\Admin\Usuarios.php(72): App\Controllers\Admin\Usuarios->buscaUsuarioOu404('images')
 2 SYSTEMPATH\CodeIgniter.php(934): App\Controllers\Admin\Usuarios->editar('images', 'logo-mini.svg')
 3 SYSTEMPATH\CodeIgniter.php(499): CodeIgniter\CodeIgniter->runController(Object(App\Controllers\Admin\Usuarios))
 4 SYSTEMPATH\CodeIgniter.php(368): CodeIgniter\CodeIgniter->handleRequest(null, Object(Config\Cache), false)
 5 FCPATH\index.php(67): CodeIgniter\CodeIgniter->run()
 6 SYSTEMPATH\Commands\Server\rewrite.php(47): require_once('FCPATH\\index.php')
CRITICAL - 2023-05-02 20:11:14 --> Argument 1 passed to App\Controllers\Admin\Usuarios::buscaUsuarioOu404() must be of the type int or null, string given, called in C:\xampp\htdocs\food\app\Controllers\Admin\Usuarios.php on line 72
in APPPATH\Controllers\Admin\Usuarios.php on line 139.
 1 APPPATH\Controllers\Admin\Usuarios.php(72): App\Controllers\Admin\Usuarios->buscaUsuarioOu404('images')
 2 SYSTEMPATH\CodeIgniter.php(934): App\Controllers\Admin\Usuarios->editar('images', 'logo.svg')
 3 SYSTEMPATH\CodeIgniter.php(499): CodeIgniter\CodeIgniter->runController(Object(App\Controllers\Admin\Usuarios))
 4 SYSTEMPATH\CodeIgniter.php(368): CodeIgniter\CodeIgniter->handleRequest(null, Object(Config\Cache), false)
 5 FCPATH\index.php(67): CodeIgniter\CodeIgniter->run()
 6 SYSTEMPATH\Commands\Server\rewrite.php(47): require_once('FCPATH\\index.php')
INFO - 2023-05-02 20:11:17 --> Session: Class initialized using 'CodeIgniter\Session\Handlers\FileHandler' driver.
CRITICAL - 2023-05-02 20:11:17 --> Argument 1 passed to App\Controllers\Admin\Usuarios::buscaUsuarioOu404() must be of the type int or null, string given, called in C:\xampp\htdocs\food\app\Controllers\Admin\Usuarios.php on line 72
in APPPATH\Controllers\Admin\Usuarios.php on line 139.
 1 APPPATH\Controllers\Admin\Usuarios.php(72): App\Controllers\Admin\Usuarios->buscaUsuarioOu404('images')
 2 SYSTEMPATH\CodeIgniter.php(934): App\Controllers\Admin\Usuarios->editar('images', 'logo-mini.svg')
 3 SYSTEMPATH\CodeIgniter.php(499): CodeIgniter\CodeIgniter->runController(Object(App\Controllers\Admin\Usuarios))
 4 SYSTEMPATH\CodeIgniter.php(368): CodeIgniter\CodeIgniter->handleRequest(null, Object(Config\Cache), false)
 5 FCPATH\index.php(67): CodeIgniter\CodeIgniter->run()
 6 SYSTEMPATH\Commands\Server\rewrite.php(47): require_once('FCPATH\\index.php')
CRITICAL - 2023-05-02 20:11:17 --> Argument 1 passed to App\Controllers\Admin\Usuarios::buscaUsuarioOu404() must be of the type int or null, string given, called in C:\xampp\htdocs\food\app\Controllers\Admin\Usuarios.php on line 72
in APPPATH\Controllers\Admin\Usuarios.php on line 139.
 1 APPPATH\Controllers\Admin\Usuarios.php(72): App\Controllers\Admin\Usuarios->buscaUsuarioOu404('images')
 2 SYSTEMPATH\CodeIgniter.php(934): App\Controllers\Admin\Usuarios->editar('images', 'faces', 'face2.jpg')
 3 SYSTEMPATH\CodeIgniter.php(499): CodeIgniter\CodeIgniter->runController(Object(App\Controllers\Admin\Usuarios))
 4 SYSTEMPATH\CodeIgniter.php(368): CodeIgniter\CodeIgniter->handleRequest(null, Object(Config\Cache), false)
 5 FCPATH\index.php(67): CodeIgniter\CodeIgniter->run()
 6 SYSTEMPATH\Commands\Server\rewrite.php(47): require_once('FCPATH\\index.php')
CRITICAL - 2023-05-02 20:11:17 --> Argument 1 passed to App\Controllers\Admin\Usuarios::buscaUsuarioOu404() must be of the type int or null, string given, called in C:\xampp\htdocs\food\app\Controllers\Admin\Usuarios.php on line 72
in APPPATH\Controllers\Admin\Usuarios.php on line 139.
 1 APPPATH\Controllers\Admin\Usuarios.php(72): App\Controllers\Admin\Usuarios->buscaUsuarioOu404('images')
 2 SYSTEMPATH\CodeIgniter.php(934): App\Controllers\Admin\Usuarios->editar('images', 'logo.svg')
 3 SYSTEMPATH\CodeIgniter.php(499): CodeIgniter\CodeIgniter->runController(Object(App\Controllers\Admin\Usuarios))
 4 SYSTEMPATH\CodeIgniter.php(368): CodeIgniter\CodeIgniter->handleRequest(null, Object(Config\Cache), false)
 5 FCPATH\index.php(67): CodeIgniter\CodeIgniter->run()
 6 SYSTEMPATH\Commands\Server\rewrite.php(47): require_once('FCPATH\\index.php')
CRITICAL - 2023-05-02 20:11:17 --> Argument 1 passed to App\Controllers\Admin\Usuarios::buscaUsuarioOu404() must be of the type int or null, string given, called in C:\xampp\htdocs\food\app\Controllers\Admin\Usuarios.php on line 72
in APPPATH\Controllers\Admin\Usuarios.php on line 139.
 1 APPPATH\Controllers\Admin\Usuarios.php(72): App\Controllers\Admin\Usuarios->buscaUsuarioOu404('images')
 2 SYSTEMPATH\CodeIgniter.php(934): App\Controllers\Admin\Usuarios->editar('images', 'faces', 'face3.jpg')
 3 SYSTEMPATH\CodeIgniter.php(499): CodeIgniter\CodeIgniter->runController(Object(App\Controllers\Admin\Usuarios))
 4 SYSTEMPATH\CodeIgniter.php(368): CodeIgniter\CodeIgniter->handleRequest(null, Object(Config\Cache), false)
 5 FCPATH\index.php(67): CodeIgniter\CodeIgniter->run()
 6 SYSTEMPATH\Commands\Server\rewrite.php(47): require_once('FCPATH\\index.php')
CRITICAL - 2023-05-02 20:11:17 --> Argument 1 passed to App\Controllers\Admin\Usuarios::buscaUsuarioOu404() must be of the type int or null, string given, called in C:\xampp\htdocs\food\app\Controllers\Admin\Usuarios.php on line 72
in APPPATH\Controllers\Admin\Usuarios.php on line 139.
 1 APPPATH\Controllers\Admin\Usuarios.php(72): App\Controllers\Admin\Usuarios->buscaUsuarioOu404('images')
 2 SYSTEMPATH\CodeIgniter.php(934): App\Controllers\Admin\Usuarios->editar('images', 'faces', 'face5.jpg')
 3 SYSTEMPATH\CodeIgniter.php(499): CodeIgniter\CodeIgniter->runController(Object(App\Controllers\Admin\Usuarios))
 4 SYSTEMPATH\CodeIgniter.php(368): CodeIgniter\CodeIgniter->handleRequest(null, Object(Config\Cache), false)
 5 FCPATH\index.php(67): CodeIgniter\CodeIgniter->run()
 6 SYSTEMPATH\Commands\Server\rewrite.php(47): require_once('FCPATH\\index.php')
CRITICAL - 2023-05-02 20:11:17 --> Argument 1 passed to App\Controllers\Admin\Usuarios::buscaUsuarioOu404() must be of the type int or null, string given, called in C:\xampp\htdocs\food\app\Controllers\Admin\Usuarios.php on line 72
in APPPATH\Controllers\Admin\Usuarios.php on line 139.
 1 APPPATH\Controllers\Admin\Usuarios.php(72): App\Controllers\Admin\Usuarios->buscaUsuarioOu404('images')
 2 SYSTEMPATH\CodeIgniter.php(934): App\Controllers\Admin\Usuarios->editar('images', 'faces', 'face4.jpg')
 3 SYSTEMPATH\CodeIgniter.php(499): CodeIgniter\CodeIgniter->runController(Object(App\Controllers\Admin\Usuarios))
 4 SYSTEMPATH\CodeIgniter.php(368): CodeIgniter\CodeIgniter->handleRequest(null, Object(Config\Cache), false)
 5 FCPATH\index.php(67): CodeIgniter\CodeIgniter->run()
 6 SYSTEMPATH\Commands\Server\rewrite.php(47): require_once('FCPATH\\index.php')
INFO - 2023-05-02 20:11:23 --> Session: Class initialized using 'CodeIgniter\Session\Handlers\FileHandler' driver.
CRITICAL - 2023-05-02 20:11:24 --> Argument 1 passed to App\Controllers\Admin\Usuarios::buscaUsuarioOu404() must be of the type int or null, string given, called in C:\xampp\htdocs\food\app\Controllers\Admin\Usuarios.php on line 72
in APPPATH\Controllers\Admin\Usuarios.php on line 139.
 1 APPPATH\Controllers\Admin\Usuarios.php(72): App\Controllers\Admin\Usuarios->buscaUsuarioOu404('images')
 2 SYSTEMPATH\CodeIgniter.php(934): App\Controllers\Admin\Usuarios->editar('images', 'faces', 'face3.jpg')
 3 SYSTEMPATH\CodeIgniter.php(499): CodeIgniter\CodeIgniter->runController(Object(App\Controllers\Admin\Usuarios))
 4 SYSTEMPATH\CodeIgniter.php(368): CodeIgniter\CodeIgniter->handleRequest(null, Object(Config\Cache), false)
 5 FCPATH\index.php(67): CodeIgniter\CodeIgniter->run()
 6 SYSTEMPATH\Commands\Server\rewrite.php(47): require_once('FCPATH\\index.php')
CRITICAL - 2023-05-02 20:11:24 --> Argument 1 passed to App\Controllers\Admin\Usuarios::buscaUsuarioOu404() must be of the type int or null, string given, called in C:\xampp\htdocs\food\app\Controllers\Admin\Usuarios.php on line 72
in APPPATH\Controllers\Admin\Usuarios.php on line 139.
 1 APPPATH\Controllers\Admin\Usuarios.php(72): App\Controllers\Admin\Usuarios->buscaUsuarioOu404('images')
 2 SYSTEMPATH\CodeIgniter.php(934): App\Controllers\Admin\Usuarios->editar('images', 'faces', 'face2.jpg')
 3 SYSTEMPATH\CodeIgniter.php(499): CodeIgniter\CodeIgniter->runController(Object(App\Controllers\Admin\Usuarios))
 4 SYSTEMPATH\CodeIgniter.php(368): CodeIgniter\CodeIgniter->handleRequest(null, Object(Config\Cache), false)
 5 FCPATH\index.php(67): CodeIgniter\CodeIgniter->run()
 6 SYSTEMPATH\Commands\Server\rewrite.php(47): require_once('FCPATH\\index.php')
CRITICAL - 2023-05-02 20:11:24 --> Argument 1 passed to App\Controllers\Admin\Usuarios::buscaUsuarioOu404() must be of the type int or null, string given, called in C:\xampp\htdocs\food\app\Controllers\Admin\Usuarios.php on line 72
in APPPATH\Controllers\Admin\Usuarios.php on line 139.
 1 APPPATH\Controllers\Admin\Usuarios.php(72): App\Controllers\Admin\Usuarios->buscaUsuarioOu404('images')
 2 SYSTEMPATH\CodeIgniter.php(934): App\Controllers\Admin\Usuarios->editar('images', 'faces', 'face4.jpg')
 3 SYSTEMPATH\CodeIgniter.php(499): CodeIgniter\CodeIgniter->runController(Object(App\Controllers\Admin\Usuarios))
 4 SYSTEMPATH\CodeIgniter.php(368): CodeIgniter\CodeIgniter->handleRequest(null, Object(Config\Cache), false)
 5 FCPATH\index.php(67): CodeIgniter\CodeIgniter->run()
 6 SYSTEMPATH\Commands\Server\rewrite.php(47): require_once('FCPATH\\index.php')
CRITICAL - 2023-05-02 20:11:24 --> Argument 1 passed to App\Controllers\Admin\Usuarios::buscaUsuarioOu404() must be of the type int or null, string given, called in C:\xampp\htdocs\food\app\Controllers\Admin\Usuarios.php on line 72
in APPPATH\Controllers\Admin\Usuarios.php on line 139.
 1 APPPATH\Controllers\Admin\Usuarios.php(72): App\Controllers\Admin\Usuarios->buscaUsuarioOu404('images')
 2 SYSTEMPATH\CodeIgniter.php(934): App\Controllers\Admin\Usuarios->editar('images', 'logo.svg')
 3 SYSTEMPATH\CodeIgniter.php(499): CodeIgniter\CodeIgniter->runController(Object(App\Controllers\Admin\Usuarios))
 4 SYSTEMPATH\CodeIgniter.php(368): CodeIgniter\CodeIgniter->handleRequest(null, Object(Config\Cache), false)
 5 FCPATH\index.php(67): CodeIgniter\CodeIgniter->run()
 6 SYSTEMPATH\Commands\Server\rewrite.php(47): require_once('FCPATH\\index.php')
CRITICAL - 2023-05-02 20:11:24 --> Argument 1 passed to App\Controllers\Admin\Usuarios::buscaUsuarioOu404() must be of the type int or null, string given, called in C:\xampp\htdocs\food\app\Controllers\Admin\Usuarios.php on line 72
in APPPATH\Controllers\Admin\Usuarios.php on line 139.
 1 APPPATH\Controllers\Admin\Usuarios.php(72): App\Controllers\Admin\Usuarios->buscaUsuarioOu404('images')
 2 SYSTEMPATH\CodeIgniter.php(934): App\Controllers\Admin\Usuarios->editar('images', 'faces', 'face5.jpg')
 3 SYSTEMPATH\CodeIgniter.php(499): CodeIgniter\CodeIgniter->runController(Object(App\Controllers\Admin\Usuarios))
 4 SYSTEMPATH\CodeIgniter.php(368): CodeIgniter\CodeIgniter->handleRequest(null, Object(Config\Cache), false)
 5 FCPATH\index.php(67): CodeIgniter\CodeIgniter->run()
 6 SYSTEMPATH\Commands\Server\rewrite.php(47): require_once('FCPATH\\index.php')
CRITICAL - 2023-05-02 20:11:24 --> Argument 1 passed to App\Controllers\Admin\Usuarios::buscaUsuarioOu404() must be of the type int or null, string given, called in C:\xampp\htdocs\food\app\Controllers\Admin\Usuarios.php on line 72
in APPPATH\Controllers\Admin\Usuarios.php on line 139.
 1 APPPATH\Controllers\Admin\Usuarios.php(72): App\Controllers\Admin\Usuarios->buscaUsuarioOu404('images')
 2 SYSTEMPATH\CodeIgniter.php(934): App\Controllers\Admin\Usuarios->editar('images', 'logo-mini.svg')
 3 SYSTEMPATH\CodeIgniter.php(499): CodeIgniter\CodeIgniter->runController(Object(App\Controllers\Admin\Usuarios))
 4 SYSTEMPATH\CodeIgniter.php(368): CodeIgniter\CodeIgniter->handleRequest(null, Object(Config\Cache), false)
 5 FCPATH\index.php(67): CodeIgniter\CodeIgniter->run()
 6 SYSTEMPATH\Commands\Server\rewrite.php(47): require_once('FCPATH\\index.php')
INFO - 2023-05-02 20:11:27 --> Session: Class initialized using 'CodeIgniter\Session\Handlers\FileHandler' driver.
CRITICAL - 2023-05-02 20:11:28 --> Argument 1 passed to App\Controllers\Admin\Usuarios::buscaUsuarioOu404() must be of the type int or null, string given, called in C:\xampp\htdocs\food\app\Controllers\Admin\Usuarios.php on line 72
in APPPATH\Controllers\Admin\Usuarios.php on line 139.
 1 APPPATH\Controllers\Admin\Usuarios.php(72): App\Controllers\Admin\Usuarios->buscaUsuarioOu404('images')
 2 SYSTEMPATH\CodeIgniter.php(934): App\Controllers\Admin\Usuarios->editar('images', 'logo.svg')
 3 SYSTEMPATH\CodeIgniter.php(499): CodeIgniter\CodeIgniter->runController(Object(App\Controllers\Admin\Usuarios))
 4 SYSTEMPATH\CodeIgniter.php(368): CodeIgniter\CodeIgniter->handleRequest(null, Object(Config\Cache), false)
 5 FCPATH\index.php(67): CodeIgniter\CodeIgniter->run()
 6 SYSTEMPATH\Commands\Server\rewrite.php(47): require_once('FCPATH\\index.php')
CRITICAL - 2023-05-02 20:11:28 --> Argument 1 passed to App\Controllers\Admin\Usuarios::buscaUsuarioOu404() must be of the type int or null, string given, called in C:\xampp\htdocs\food\app\Controllers\Admin\Usuarios.php on line 72
in APPPATH\Controllers\Admin\Usuarios.php on line 139.
 1 APPPATH\Controllers\Admin\Usuarios.php(72): App\Controllers\Admin\Usuarios->buscaUsuarioOu404('images')
 2 SYSTEMPATH\CodeIgniter.php(934): App\Controllers\Admin\Usuarios->editar('images', 'logo-mini.svg')
 3 SYSTEMPATH\CodeIgniter.php(499): CodeIgniter\CodeIgniter->runController(Object(App\Controllers\Admin\Usuarios))
 4 SYSTEMPATH\CodeIgniter.php(368): CodeIgniter\CodeIgniter->handleRequest(null, Object(Config\Cache), false)
 5 FCPATH\index.php(67): CodeIgniter\CodeIgniter->run()
 6 SYSTEMPATH\Commands\Server\rewrite.php(47): require_once('FCPATH\\index.php')
CRITICAL - 2023-05-02 20:11:28 --> Argument 1 passed to App\Controllers\Admin\Usuarios::buscaUsuarioOu404() must be of the type int or null, string given, called in C:\xampp\htdocs\food\app\Controllers\Admin\Usuarios.php on line 72
in APPPATH\Controllers\Admin\Usuarios.php on line 139.
 1 APPPATH\Controllers\Admin\Usuarios.php(72): App\Controllers\Admin\Usuarios->buscaUsuarioOu404('images')
 2 SYSTEMPATH\CodeIgniter.php(934): App\Controllers\Admin\Usuarios->editar('images', 'faces', 'face5.jpg')
 3 SYSTEMPATH\CodeIgniter.php(499): CodeIgniter\CodeIgniter->runController(Object(App\Controllers\Admin\Usuarios))
 4 SYSTEMPATH\CodeIgniter.php(368): CodeIgniter\CodeIgniter->handleRequest(null, Object(Config\Cache), false)
 5 FCPATH\index.php(67): CodeIgniter\CodeIgniter->run()
 6 SYSTEMPATH\Commands\Server\rewrite.php(47): require_once('FCPATH\\index.php')
CRITICAL - 2023-05-02 20:11:28 --> Argument 1 passed to App\Controllers\Admin\Usuarios::buscaUsuarioOu404() must be of the type int or null, string given, called in C:\xampp\htdocs\food\app\Controllers\Admin\Usuarios.php on line 72
in APPPATH\Controllers\Admin\Usuarios.php on line 139.
 1 APPPATH\Controllers\Admin\Usuarios.php(72): App\Controllers\Admin\Usuarios->buscaUsuarioOu404('images')
 2 SYSTEMPATH\CodeIgniter.php(934): App\Controllers\Admin\Usuarios->editar('images', 'faces', 'face3.jpg')
 3 SYSTEMPATH\CodeIgniter.php(499): CodeIgniter\CodeIgniter->runController(Object(App\Controllers\Admin\Usuarios))
 4 SYSTEMPATH\CodeIgniter.php(368): CodeIgniter\CodeIgniter->handleRequest(null, Object(Config\Cache), false)
 5 FCPATH\index.php(67): CodeIgniter\CodeIgniter->run()
 6 SYSTEMPATH\Commands\Server\rewrite.php(47): require_once('FCPATH\\index.php')
CRITICAL - 2023-05-02 20:11:28 --> Argument 1 passed to App\Controllers\Admin\Usuarios::buscaUsuarioOu404() must be of the type int or null, string given, called in C:\xampp\htdocs\food\app\Controllers\Admin\Usuarios.php on line 72
in APPPATH\Controllers\Admin\Usuarios.php on line 139.
 1 APPPATH\Controllers\Admin\Usuarios.php(72): App\Controllers\Admin\Usuarios->buscaUsuarioOu404('images')
 2 SYSTEMPATH\CodeIgniter.php(934): App\Controllers\Admin\Usuarios->editar('images', 'faces', 'face4.jpg')
 3 SYSTEMPATH\CodeIgniter.php(499): CodeIgniter\CodeIgniter->runController(Object(App\Controllers\Admin\Usuarios))
 4 SYSTEMPATH\CodeIgniter.php(368): CodeIgniter\CodeIgniter->handleRequest(null, Object(Config\Cache), false)
 5 FCPATH\index.php(67): CodeIgniter\CodeIgniter->run()
 6 SYSTEMPATH\Commands\Server\rewrite.php(47): require_once('FCPATH\\index.php')
CRITICAL - 2023-05-02 20:11:28 --> Argument 1 passed to App\Controllers\Admin\Usuarios::buscaUsuarioOu404() must be of the type int or null, string given, called in C:\xampp\htdocs\food\app\Controllers\Admin\Usuarios.php on line 72
in APPPATH\Controllers\Admin\Usuarios.php on line 139.
 1 APPPATH\Controllers\Admin\Usuarios.php(72): App\Controllers\Admin\Usuarios->buscaUsuarioOu404('images')
 2 SYSTEMPATH\CodeIgniter.php(934): App\Controllers\Admin\Usuarios->editar('images', 'faces', 'face2.jpg')
 3 SYSTEMPATH\CodeIgniter.php(499): CodeIgniter\CodeIgniter->runController(Object(App\Controllers\Admin\Usuarios))
 4 SYSTEMPATH\CodeIgniter.php(368): CodeIgniter\CodeIgniter->handleRequest(null, Object(Config\Cache), false)
 5 FCPATH\index.php(67): CodeIgniter\CodeIgniter->run()
 6 SYSTEMPATH\Commands\Server\rewrite.php(47): require_once('FCPATH\\index.php')
CRITICAL - 2023-05-02 20:12:31 --> Argument 1 passed to App\Controllers\Admin\Usuarios::buscaUsuarioOu404() must be of the type int or null, string given, called in C:\xampp\htdocs\food\app\Controllers\Admin\Usuarios.php on line 72
in APPPATH\Controllers\Admin\Usuarios.php on line 139.
 1 APPPATH\Controllers\Admin\Usuarios.php(72): App\Controllers\Admin\Usuarios->buscaUsuarioOu404('pages')
 2 SYSTEMPATH\CodeIgniter.php(934): App\Controllers\Admin\Usuarios->editar('pages', 'ui-features', 'buttons.html')
 3 SYSTEMPATH\CodeIgniter.php(499): CodeIgniter\CodeIgniter->runController(Object(App\Controllers\Admin\Usuarios))
 4 SYSTEMPATH\CodeIgniter.php(368): CodeIgniter\CodeIgniter->handleRequest(null, Object(Config\Cache), false)
 5 FCPATH\index.php(67): CodeIgniter\CodeIgniter->run()
 6 SYSTEMPATH\Commands\Server\rewrite.php(47): require_once('FCPATH\\index.php')
INFO - 2023-05-02 20:12:33 --> Session: Class initialized using 'CodeIgniter\Session\Handlers\FileHandler' driver.
CRITICAL - 2023-05-02 20:12:33 --> Argument 1 passed to App\Controllers\Admin\Usuarios::buscaUsuarioOu404() must be of the type int or null, string given, called in C:\xampp\htdocs\food\app\Controllers\Admin\Usuarios.php on line 72
in APPPATH\Controllers\Admin\Usuarios.php on line 139.
 1 APPPATH\Controllers\Admin\Usuarios.php(72): App\Controllers\Admin\Usuarios->buscaUsuarioOu404('images')
 2 SYSTEMPATH\CodeIgniter.php(934): App\Controllers\Admin\Usuarios->editar('images', 'logo.svg')
 3 SYSTEMPATH\CodeIgniter.php(499): CodeIgniter\CodeIgniter->runController(Object(App\Controllers\Admin\Usuarios))
 4 SYSTEMPATH\CodeIgniter.php(368): CodeIgniter\CodeIgniter->handleRequest(null, Object(Config\Cache), false)
 5 FCPATH\index.php(67): CodeIgniter\CodeIgniter->run()
 6 SYSTEMPATH\Commands\Server\rewrite.php(47): require_once('FCPATH\\index.php')
CRITICAL - 2023-05-02 20:12:34 --> Argument 1 passed to App\Controllers\Admin\Usuarios::buscaUsuarioOu404() must be of the type int or null, string given, called in C:\xampp\htdocs\food\app\Controllers\Admin\Usuarios.php on line 72
in APPPATH\Controllers\Admin\Usuarios.php on line 139.
 1 APPPATH\Controllers\Admin\Usuarios.php(72): App\Controllers\Admin\Usuarios->buscaUsuarioOu404('images')
 2 SYSTEMPATH\CodeIgniter.php(934): App\Controllers\Admin\Usuarios->editar('images', 'logo-mini.svg')
 3 SYSTEMPATH\CodeIgniter.php(499): CodeIgniter\CodeIgniter->runController(Object(App\Controllers\Admin\Usuarios))
 4 SYSTEMPATH\CodeIgniter.php(368): CodeIgniter\CodeIgniter->handleRequest(null, Object(Config\Cache), false)
 5 FCPATH\index.php(67): CodeIgniter\CodeIgniter->run()
 6 SYSTEMPATH\Commands\Server\rewrite.php(47): require_once('FCPATH\\index.php')
CRITICAL - 2023-05-02 20:12:34 --> Argument 1 passed to App\Controllers\Admin\Usuarios::buscaUsuarioOu404() must be of the type int or null, string given, called in C:\xampp\htdocs\food\app\Controllers\Admin\Usuarios.php on line 72
in APPPATH\Controllers\Admin\Usuarios.php on line 139.
 1 APPPATH\Controllers\Admin\Usuarios.php(72): App\Controllers\Admin\Usuarios->buscaUsuarioOu404('images')
 2 SYSTEMPATH\CodeIgniter.php(934): App\Controllers\Admin\Usuarios->editar('images', 'faces', 'face4.jpg')
 3 SYSTEMPATH\CodeIgniter.php(499): CodeIgniter\CodeIgniter->runController(Object(App\Controllers\Admin\Usuarios))
 4 SYSTEMPATH\CodeIgniter.php(368): CodeIgniter\CodeIgniter->handleRequest(null, Object(Config\Cache), false)
 5 FCPATH\index.php(67): CodeIgniter\CodeIgniter->run()
 6 SYSTEMPATH\Commands\Server\rewrite.php(47): require_once('FCPATH\\index.php')
CRITICAL - 2023-05-02 20:12:34 --> Argument 1 passed to App\Controllers\Admin\Usuarios::buscaUsuarioOu404() must be of the type int or null, string given, called in C:\xampp\htdocs\food\app\Controllers\Admin\Usuarios.php on line 72
in APPPATH\Controllers\Admin\Usuarios.php on line 139.
 1 APPPATH\Controllers\Admin\Usuarios.php(72): App\Controllers\Admin\Usuarios->buscaUsuarioOu404('images')
 2 SYSTEMPATH\CodeIgniter.php(934): App\Controllers\Admin\Usuarios->editar('images', 'faces', 'face2.jpg')
 3 SYSTEMPATH\CodeIgniter.php(499): CodeIgniter\CodeIgniter->runController(Object(App\Controllers\Admin\Usuarios))
 4 SYSTEMPATH\CodeIgniter.php(368): CodeIgniter\CodeIgniter->handleRequest(null, Object(Config\Cache), false)
 5 FCPATH\index.php(67): CodeIgniter\CodeIgniter->run()
 6 SYSTEMPATH\Commands\Server\rewrite.php(47): require_once('FCPATH\\index.php')
CRITICAL - 2023-05-02 20:12:34 --> Argument 1 passed to App\Controllers\Admin\Usuarios::buscaUsuarioOu404() must be of the type int or null, string given, called in C:\xampp\htdocs\food\app\Controllers\Admin\Usuarios.php on line 72
in APPPATH\Controllers\Admin\Usuarios.php on line 139.
 1 APPPATH\Controllers\Admin\Usuarios.php(72): App\Controllers\Admin\Usuarios->buscaUsuarioOu404('images')
 2 SYSTEMPATH\CodeIgniter.php(934): App\Controllers\Admin\Usuarios->editar('images', 'faces', 'face3.jpg')
 3 SYSTEMPATH\CodeIgniter.php(499): CodeIgniter\CodeIgniter->runController(Object(App\Controllers\Admin\Usuarios))
 4 SYSTEMPATH\CodeIgniter.php(368): CodeIgniter\CodeIgniter->handleRequest(null, Object(Config\Cache), false)
 5 FCPATH\index.php(67): CodeIgniter\CodeIgniter->run()
 6 SYSTEMPATH\Commands\Server\rewrite.php(47): require_once('FCPATH\\index.php')
CRITICAL - 2023-05-02 20:12:34 --> Argument 1 passed to App\Controllers\Admin\Usuarios::buscaUsuarioOu404() must be of the type int or null, string given, called in C:\xampp\htdocs\food\app\Controllers\Admin\Usuarios.php on line 72
in APPPATH\Controllers\Admin\Usuarios.php on line 139.
 1 APPPATH\Controllers\Admin\Usuarios.php(72): App\Controllers\Admin\Usuarios->buscaUsuarioOu404('images')
 2 SYSTEMPATH\CodeIgniter.php(934): App\Controllers\Admin\Usuarios->editar('images', 'faces', 'face5.jpg')
 3 SYSTEMPATH\CodeIgniter.php(499): CodeIgniter\CodeIgniter->runController(Object(App\Controllers\Admin\Usuarios))
 4 SYSTEMPATH\CodeIgniter.php(368): CodeIgniter\CodeIgniter->handleRequest(null, Object(Config\Cache), false)
 5 FCPATH\index.php(67): CodeIgniter\CodeIgniter->run()
 6 SYSTEMPATH\Commands\Server\rewrite.php(47): require_once('FCPATH\\index.php')
INFO - 2023-05-02 20:13:08 --> Session: Class initialized using 'CodeIgniter\Session\Handlers\FileHandler' driver.
CRITICAL - 2023-05-02 20:13:08 --> Argument 1 passed to App\Controllers\Admin\Usuarios::buscaUsuarioOu404() must be of the type int or null, string given, called in C:\xampp\htdocs\food\app\Controllers\Admin\Usuarios.php on line 58
in APPPATH\Controllers\Admin\Usuarios.php on line 139.
 1 APPPATH\Controllers\Admin\Usuarios.php(58): App\Controllers\Admin\Usuarios->buscaUsuarioOu404('images')
 2 SYSTEMPATH\CodeIgniter.php(934): App\Controllers\Admin\Usuarios->show('images', 'faces', 'face2.jpg')
 3 SYSTEMPATH\CodeIgniter.php(499): CodeIgniter\CodeIgniter->runController(Object(App\Controllers\Admin\Usuarios))
 4 SYSTEMPATH\CodeIgniter.php(368): CodeIgniter\CodeIgniter->handleRequest(null, Object(Config\Cache), false)
 5 FCPATH\index.php(67): CodeIgniter\CodeIgniter->run()
 6 SYSTEMPATH\Commands\Server\rewrite.php(47): require_once('FCPATH\\index.php')
CRITICAL - 2023-05-02 20:13:08 --> Argument 1 passed to App\Controllers\Admin\Usuarios::buscaUsuarioOu404() must be of the type int or null, string given, called in C:\xampp\htdocs\food\app\Controllers\Admin\Usuarios.php on line 58
in APPPATH\Controllers\Admin\Usuarios.php on line 139.
 1 APPPATH\Controllers\Admin\Usuarios.php(58): App\Controllers\Admin\Usuarios->buscaUsuarioOu404('images')
 2 SYSTEMPATH\CodeIgniter.php(934): App\Controllers\Admin\Usuarios->show('images', 'faces', 'face5.jpg')
 3 SYSTEMPATH\CodeIgniter.php(499): CodeIgniter\CodeIgniter->runController(Object(App\Controllers\Admin\Usuarios))
 4 SYSTEMPATH\CodeIgniter.php(368): CodeIgniter\CodeIgniter->handleRequest(null, Object(Config\Cache), false)
 5 FCPATH\index.php(67): CodeIgniter\CodeIgniter->run()
 6 SYSTEMPATH\Commands\Server\rewrite.php(47): require_once('FCPATH\\index.php')
CRITICAL - 2023-05-02 20:13:08 --> Argument 1 passed to App\Controllers\Admin\Usuarios::buscaUsuarioOu404() must be of the type int or null, string given, called in C:\xampp\htdocs\food\app\Controllers\Admin\Usuarios.php on line 58
in APPPATH\Controllers\Admin\Usuarios.php on line 139.
 1 APPPATH\Controllers\Admin\Usuarios.php(58): App\Controllers\Admin\Usuarios->buscaUsuarioOu404('images')
 2 SYSTEMPATH\CodeIgniter.php(934): App\Controllers\Admin\Usuarios->show('images', 'faces', 'face4.jpg')
 3 SYSTEMPATH\CodeIgniter.php(499): CodeIgniter\CodeIgniter->runController(Object(App\Controllers\Admin\Usuarios))
 4 SYSTEMPATH\CodeIgniter.php(368): CodeIgniter\CodeIgniter->handleRequest(null, Object(Config\Cache), false)
 5 FCPATH\index.php(67): CodeIgniter\CodeIgniter->run()
 6 SYSTEMPATH\Commands\Server\rewrite.php(47): require_once('FCPATH\\index.php')
CRITICAL - 2023-05-02 20:13:08 --> Argument 1 passed to App\Controllers\Admin\Usuarios::buscaUsuarioOu404() must be of the type int or null, string given, called in C:\xampp\htdocs\food\app\Controllers\Admin\Usuarios.php on line 58
in APPPATH\Controllers\Admin\Usuarios.php on line 139.
 1 APPPATH\Controllers\Admin\Usuarios.php(58): App\Controllers\Admin\Usuarios->buscaUsuarioOu404('images')
 2 SYSTEMPATH\CodeIgniter.php(934): App\Controllers\Admin\Usuarios->show('images', 'logo.svg')
 3 SYSTEMPATH\CodeIgniter.php(499): CodeIgniter\CodeIgniter->runController(Object(App\Controllers\Admin\Usuarios))
 4 SYSTEMPATH\CodeIgniter.php(368): CodeIgniter\CodeIgniter->handleRequest(null, Object(Config\Cache), false)
 5 FCPATH\index.php(67): CodeIgniter\CodeIgniter->run()
 6 SYSTEMPATH\Commands\Server\rewrite.php(47): require_once('FCPATH\\index.php')
CRITICAL - 2023-05-02 20:13:09 --> Argument 1 passed to App\Controllers\Admin\Usuarios::buscaUsuarioOu404() must be of the type int or null, string given, called in C:\xampp\htdocs\food\app\Controllers\Admin\Usuarios.php on line 58
in APPPATH\Controllers\Admin\Usuarios.php on line 139.
 1 APPPATH\Controllers\Admin\Usuarios.php(58): App\Controllers\Admin\Usuarios->buscaUsuarioOu404('images')
 2 SYSTEMPATH\CodeIgniter.php(934): App\Controllers\Admin\Usuarios->show('images', 'faces', 'face3.jpg')
 3 SYSTEMPATH\CodeIgniter.php(499): CodeIgniter\CodeIgniter->runController(Object(App\Controllers\Admin\Usuarios))
 4 SYSTEMPATH\CodeIgniter.php(368): CodeIgniter\CodeIgniter->handleRequest(null, Object(Config\Cache), false)
 5 FCPATH\index.php(67): CodeIgniter\CodeIgniter->run()
 6 SYSTEMPATH\Commands\Server\rewrite.php(47): require_once('FCPATH\\index.php')
CRITICAL - 2023-05-02 20:13:09 --> Argument 1 passed to App\Controllers\Admin\Usuarios::buscaUsuarioOu404() must be of the type int or null, string given, called in C:\xampp\htdocs\food\app\Controllers\Admin\Usuarios.php on line 58
in APPPATH\Controllers\Admin\Usuarios.php on line 139.
 1 APPPATH\Controllers\Admin\Usuarios.php(58): App\Controllers\Admin\Usuarios->buscaUsuarioOu404('images')
 2 SYSTEMPATH\CodeIgniter.php(934): App\Controllers\Admin\Usuarios->show('images', 'logo-mini.svg')
 3 SYSTEMPATH\CodeIgniter.php(499): CodeIgniter\CodeIgniter->runController(Object(App\Controllers\Admin\Usuarios))
 4 SYSTEMPATH\CodeIgniter.php(368): CodeIgniter\CodeIgniter->handleRequest(null, Object(Config\Cache), false)
 5 FCPATH\index.php(67): CodeIgniter\CodeIgniter->run()
 6 SYSTEMPATH\Commands\Server\rewrite.php(47): require_once('FCPATH\\index.php')
INFO - 2023-05-02 20:13:10 --> Session: Class initialized using 'CodeIgniter\Session\Handlers\FileHandler' driver.
CRITICAL - 2023-05-02 20:13:10 --> Argument 1 passed to App\Controllers\Admin\Usuarios::buscaUsuarioOu404() must be of the type int or null, string given, called in C:\xampp\htdocs\food\app\Controllers\Admin\Usuarios.php on line 72
in APPPATH\Controllers\Admin\Usuarios.php on line 139.
 1 APPPATH\Controllers\Admin\Usuarios.php(72): App\Controllers\Admin\Usuarios->buscaUsuarioOu404('images')
 2 SYSTEMPATH\CodeIgniter.php(934): App\Controllers\Admin\Usuarios->editar('images', 'logo.svg')
 3 SYSTEMPATH\CodeIgniter.php(499): CodeIgniter\CodeIgniter->runController(Object(App\Controllers\Admin\Usuarios))
 4 SYSTEMPATH\CodeIgniter.php(368): CodeIgniter\CodeIgniter->handleRequest(null, Object(Config\Cache), false)
 5 FCPATH\index.php(67): CodeIgniter\CodeIgniter->run()
 6 SYSTEMPATH\Commands\Server\rewrite.php(47): require_once('FCPATH\\index.php')
CRITICAL - 2023-05-02 20:13:10 --> Argument 1 passed to App\Controllers\Admin\Usuarios::buscaUsuarioOu404() must be of the type int or null, string given, called in C:\xampp\htdocs\food\app\Controllers\Admin\Usuarios.php on line 72
in APPPATH\Controllers\Admin\Usuarios.php on line 139.
 1 APPPATH\Controllers\Admin\Usuarios.php(72): App\Controllers\Admin\Usuarios->buscaUsuarioOu404('images')
 2 SYSTEMPATH\CodeIgniter.php(934): App\Controllers\Admin\Usuarios->editar('images', 'logo-mini.svg')
 3 SYSTEMPATH\CodeIgniter.php(499): CodeIgniter\CodeIgniter->runController(Object(App\Controllers\Admin\Usuarios))
 4 SYSTEMPATH\CodeIgniter.php(368): CodeIgniter\CodeIgniter->handleRequest(null, Object(Config\Cache), false)
 5 FCPATH\index.php(67): CodeIgniter\CodeIgniter->run()
 6 SYSTEMPATH\Commands\Server\rewrite.php(47): require_once('FCPATH\\index.php')
CRITICAL - 2023-05-02 20:13:10 --> Argument 1 passed to App\Controllers\Admin\Usuarios::buscaUsuarioOu404() must be of the type int or null, string given, called in C:\xampp\htdocs\food\app\Controllers\Admin\Usuarios.php on line 72
in APPPATH\Controllers\Admin\Usuarios.php on line 139.
 1 APPPATH\Controllers\Admin\Usuarios.php(72): App\Controllers\Admin\Usuarios->buscaUsuarioOu404('images')
 2 SYSTEMPATH\CodeIgniter.php(934): App\Controllers\Admin\Usuarios->editar('images', 'faces', 'face3.jpg')
 3 SYSTEMPATH\CodeIgniter.php(499): CodeIgniter\CodeIgniter->runController(Object(App\Controllers\Admin\Usuarios))
 4 SYSTEMPATH\CodeIgniter.php(368): CodeIgniter\CodeIgniter->handleRequest(null, Object(Config\Cache), false)
 5 FCPATH\index.php(67): CodeIgniter\CodeIgniter->run()
 6 SYSTEMPATH\Commands\Server\rewrite.php(47): require_once('FCPATH\\index.php')
CRITICAL - 2023-05-02 20:13:10 --> Argument 1 passed to App\Controllers\Admin\Usuarios::buscaUsuarioOu404() must be of the type int or null, string given, called in C:\xampp\htdocs\food\app\Controllers\Admin\Usuarios.php on line 72
in APPPATH\Controllers\Admin\Usuarios.php on line 139.
 1 APPPATH\Controllers\Admin\Usuarios.php(72): App\Controllers\Admin\Usuarios->buscaUsuarioOu404('images')
 2 SYSTEMPATH\CodeIgniter.php(934): App\Controllers\Admin\Usuarios->editar('images', 'faces', 'face5.jpg')
 3 SYSTEMPATH\CodeIgniter.php(499): CodeIgniter\CodeIgniter->runController(Object(App\Controllers\Admin\Usuarios))
 4 SYSTEMPATH\CodeIgniter.php(368): CodeIgniter\CodeIgniter->handleRequest(null, Object(Config\Cache), false)
 5 FCPATH\index.php(67): CodeIgniter\CodeIgniter->run()
 6 SYSTEMPATH\Commands\Server\rewrite.php(47): require_once('FCPATH\\index.php')
CRITICAL - 2023-05-02 20:13:10 --> Argument 1 passed to App\Controllers\Admin\Usuarios::buscaUsuarioOu404() must be of the type int or null, string given, called in C:\xampp\htdocs\food\app\Controllers\Admin\Usuarios.php on line 72
in APPPATH\Controllers\Admin\Usuarios.php on line 139.
 1 APPPATH\Controllers\Admin\Usuarios.php(72): App\Controllers\Admin\Usuarios->buscaUsuarioOu404('images')
 2 SYSTEMPATH\CodeIgniter.php(934): App\Controllers\Admin\Usuarios->editar('images', 'faces', 'face4.jpg')
 3 SYSTEMPATH\CodeIgniter.php(499): CodeIgniter\CodeIgniter->runController(Object(App\Controllers\Admin\Usuarios))
 4 SYSTEMPATH\CodeIgniter.php(368): CodeIgniter\CodeIgniter->handleRequest(null, Object(Config\Cache), false)
 5 FCPATH\index.php(67): CodeIgniter\CodeIgniter->run()
 6 SYSTEMPATH\Commands\Server\rewrite.php(47): require_once('FCPATH\\index.php')
CRITICAL - 2023-05-02 20:13:10 --> Argument 1 passed to App\Controllers\Admin\Usuarios::buscaUsuarioOu404() must be of the type int or null, string given, called in C:\xampp\htdocs\food\app\Controllers\Admin\Usuarios.php on line 72
in APPPATH\Controllers\Admin\Usuarios.php on line 139.
 1 APPPATH\Controllers\Admin\Usuarios.php(72): App\Controllers\Admin\Usuarios->buscaUsuarioOu404('images')
 2 SYSTEMPATH\CodeIgniter.php(934): App\Controllers\Admin\Usuarios->editar('images', 'faces', 'face2.jpg')
 3 SYSTEMPATH\CodeIgniter.php(499): CodeIgniter\CodeIgniter->runController(Object(App\Controllers\Admin\Usuarios))
 4 SYSTEMPATH\CodeIgniter.php(368): CodeIgniter\CodeIgniter->handleRequest(null, Object(Config\Cache), false)
 5 FCPATH\index.php(67): CodeIgniter\CodeIgniter->run()
 6 SYSTEMPATH\Commands\Server\rewrite.php(47): require_once('FCPATH\\index.php')
